;  LST file generated by mikroListExporter - v.2.0 
; Date/Time: 21/09/2025 15:53:12
;----------------------------------------------

;Address Opcode 	ASM
0x0000	0xF000EF1D  	GOTO        58
0x0004	0x0000      	NOP
0x0006	0x0000      	NOP
0x0008	0xF000EF00  	GOTO        0
0x000C	0x0000      	NOP
0x000E	0x0000      	NOP
0x0010	0x0000      	NOP
0x0012	0x0000      	NOP
0x0014	0x0000      	NOP
0x0016	0x0000      	NOP
0x0018	0xD7F3      	BRA         0
___CC2DW:
;__Lib_System.c,21 :: 		
;__Lib_System.c,23 :: 		
_CC2DL_Loop1:
;__Lib_System.c,24 :: 		
0x001C	0x0009      	TBLRD*+
;__Lib_System.c,25 :: 		
0x001E	0xFFE6CFF5  	MOVFF       TABLAT, POSTINC1
;__Lib_System.c,26 :: 		
0x0022	0x0600      	DECF        R0, 1, 0
;__Lib_System.c,27 :: 		
0x0024	0xE1FB      	BNZ         _CC2DL_Loop1
;__Lib_System.c,28 :: 		
0x0026	0x0601      	DECF        R1, 1, 0
;__Lib_System.c,29 :: 		
0x0028	0xE1F9      	BNZ         _CC2DL_Loop1
;__Lib_System.c,31 :: 		
L_end___CC2DW:
0x002A	0x0012      	RETURN      0
; end of ___CC2DW
_ioPortsInit:
;PiCarteiro.c,33 :: 		void ioPortsInit()
;PiCarteiro.c,35 :: 		ADCON1 = 0x0F;                  //Configurando todas as portas como entradas/saídas digitais (desabilita canais analógicos).
0x002C	0x0E0F      	MOVLW       15
0x002E	0x6EC1      	MOVWF       ADCON1 
;PiCarteiro.c,36 :: 		NOTIFICATION_LED_Direction = 0; //Configurando porta RD1 como saída digital.
0x0030	0x9096      	BCF         TRISE0_bit, BitPos(TRISE0_bit+0) 
;PiCarteiro.c,37 :: 		NOTIFICATION_LED = 0;           //Turn OFF LED
0x0032	0x9084      	BCF         RE0_bit, BitPos(RE0_bit+0) 
;PiCarteiro.c,38 :: 		IR_SENSOR_Direction = 1;        //Entrada digital
0x0034	0x8296      	BSF         TRISE1_bit, BitPos(TRISE1_bit+0) 
;PiCarteiro.c,39 :: 		RESET_SWITCH_Direction = 1;     //Entrada digital
0x0036	0x8496      	BSF         TRISE2_bit, BitPos(TRISE2_bit+0) 
;PiCarteiro.c,40 :: 		}
L_end_ioPortsInit:
0x0038	0x0012      	RETURN      0
; end of _ioPortsInit
_main:
;PiCarteiro.c,42 :: 		void main() {
;PiCarteiro.c,44 :: 		ioPortsInit();  //init ports
0x003A	0xDFF8      	RCALL       _ioPortsInit
;PiCarteiro.c,47 :: 		while (1){
L_main0:
;PiCarteiro.c,48 :: 		if(IR_SENSOR == 0) //sensor detectou algo na frente...
0x003C	0xB284      	BTFSC       RE1_bit, BitPos(RE1_bit+0) 
0x003E	0xD00F      	BRA         L_main2
;PiCarteiro.c,50 :: 		NOTIFICATION_LED = 1;           //Turn ON LED
0x0040	0x8084      	BSF         RE0_bit, BitPos(RE0_bit+0) 
;PiCarteiro.c,51 :: 		Delay_ms(250);
0x0042	0x0E07      	MOVLW       7
0x0044	0x6E0B      	MOVWF       R11, 0
0x0046	0x0E58      	MOVLW       88
0x0048	0x6E0C      	MOVWF       R12, 0
0x004A	0x0E59      	MOVLW       89
0x004C	0x6E0D      	MOVWF       R13, 0
L_main3:
0x004E	0x2E0D      	DECFSZ      R13, 1, 0
0x0050	0xD7FE      	BRA         L_main3
0x0052	0x2E0C      	DECFSZ      R12, 1, 0
0x0054	0xD7FC      	BRA         L_main3
0x0056	0x2E0B      	DECFSZ      R11, 1, 0
0x0058	0xD7FA      	BRA         L_main3
0x005A	0x0000      	NOP
0x005C	0x0000      	NOP
;PiCarteiro.c,52 :: 		}
L_main2:
;PiCarteiro.c,53 :: 		if(RESET_SWITCH == 1) //switch foi pressionado...
0x005E	0xA484      	BTFSS       RE2_bit, BitPos(RE2_bit+0) 
0x0060	0xD00F      	BRA         L_main4
;PiCarteiro.c,55 :: 		NOTIFICATION_LED = 0;           //Turn OFF LED
0x0062	0x9084      	BCF         RE0_bit, BitPos(RE0_bit+0) 
;PiCarteiro.c,56 :: 		Delay_ms(250);
0x0064	0x0E07      	MOVLW       7
0x0066	0x6E0B      	MOVWF       R11, 0
0x0068	0x0E58      	MOVLW       88
0x006A	0x6E0C      	MOVWF       R12, 0
0x006C	0x0E59      	MOVLW       89
0x006E	0x6E0D      	MOVWF       R13, 0
L_main5:
0x0070	0x2E0D      	DECFSZ      R13, 1, 0
0x0072	0xD7FE      	BRA         L_main5
0x0074	0x2E0C      	DECFSZ      R12, 1, 0
0x0076	0xD7FC      	BRA         L_main5
0x0078	0x2E0B      	DECFSZ      R11, 1, 0
0x007A	0xD7FA      	BRA         L_main5
0x007C	0x0000      	NOP
0x007E	0x0000      	NOP
;PiCarteiro.c,57 :: 		}
L_main4:
;PiCarteiro.c,58 :: 		}
0x0080	0xD7DD      	BRA         L_main0
;PiCarteiro.c,59 :: 		}
L_end_main:
0x0082	0xD7FF      	BRA         $+0
; end of _main
;__Lib_FAT32.c,0 :: ?lstr_6___Lib_FAT32
0x0084	0x2E33 ;?lstr_6___Lib_FAT32+0
0x0086	0x2E32 ;?lstr_6___Lib_FAT32+2
0x0088	0x2E32 ;?lstr_6___Lib_FAT32+4
0x008A	0x0030 ;?lstr_6___Lib_FAT32+6
; end of ?lstr_6___Lib_FAT32
Symbol List:
//** Routines locations **
//ADDRESS    SIZE    PROCEDURE
//----------------------------------------------
0x001C      [16]    ___CC2DW
0x002C      [14]    _ioPortsInit
0x003A      [74]    _main
//** Variables locations ** 
//ADDRESS    SIZE    VARIABLE
//----------------------------------------------
0x0000       [1]    FLASH_Erase_64_SaveINTCON_L0
0x0000       [1]    EEPROM_Write_SaveINTCON_L0
0x0000       [1]    SPI1_Write_tmp_L0
0x0000       [1]    UART1_Init_tmp_L0
0x0000       [1]    __Lib_SoftI2C_PutZerosToLATSda_temp_sda_L0
0x0000       [1]    R0
0x0000       [1]    __Lib_SoftI2C_PutZerosToLATScl_temp_scl_L0
0x0001       [1]    FLASH_Write_64_i_L0
0x0001       [1]    __Lib_Conversions_Adjust_Hex_tmp_L0
0x0001       [1]    FLASH_Erase_Write_64_i_L0
0x0001       [1]    R1
0x0001       [1]    __Lib_PS2_Wait_Falling_nsample_L0
0x0001       [2]    FLASH_Read_N_Bytes_i_L0
0x0001       [1]    ispunct_rslt_L0
0x0001       [1]    __Lib_TFT_JPEG_FileReadBytes_Result_L0
0x0001       [1]    __Lib_TFT_JPEG_FileRead_i_L0
0x0001       [1]    __Lib_TFT_16bit_JPEG_FileReadBytes_Result_L0
0x0001       [1]    __Lib_TFT_16bit_JPEG_FileRead_i_L0
0x0001       [1]    UART1_Read___tmp_UART1_Read_L0
0x0002       [2]    strlen_cp_L0
0x0002       [1]    __Lib_FAT32_alt_isLfnSpecific_i_L0
0x0002       [1]    R2
0x0002       [2]    __Lib_FAT32_alt_strlen_cp_L0
0x0002       [2]    __Lib_FT800_alt_memset_pp_L0
0x0002       [1]    FLASH_Write_64_SaveINTCON_L0
0x0002       [2]    __Lib_FT810_alt_strlen_cp_L0
0x0002       [2]    __Lib_FT812_alt_strlen_cp_L0
0x0002       [1]    FLASH_Erase_Write_64_j_L0
0x0002       [2]    __Lib_FAT32_alt_memset_pp_L0
0x0002       [2]    memcpy_dd_L0
0x0002       [1]    __Lib_FAT32_alt_isName83Specific_i_L0
0x0002       [2]    __Lib_FT810_alt_memcpy_dd_L0
0x0002       [2]    memchr_s_L0
0x0002       [2]    memset_pp_L0
0x0002       [2]    __Lib_FT800_alt_strlen_cp_L0
0x0002       [2]    __Lib_FAT32_constToVar_tmp_L0
0x0002       [2]    __Lib_FAT32_alt_memcpy_dd_L0
0x0002       [2]    __Lib_FT810_alt_memset_pp_L0
0x0002       [2]    __Lib_FT812_alt_memcpy_dd_L0
0x0002       [2]    __Lib_FT812_alt_memset_pp_L0
0x0002       [2]    __Lib_FT800_alt_memcpy_dd_L0
0x0003       [2]    memmove_tt_L0
0x0003       [1]    FLASH_Erase_Write_64_SaveINTCON_L0
0x0003       [2]    MM_TotalFreeMemSize_Tot_L0
0x0003       [1]    R3
0x0003       [4]    FT810_Canvas_SurrRect_minX_L0
0x0003       [2]    __Lib_FAT32_UI16_result_L0
0x0003       [2]    Ltrim_original_L0
0x0003       [1]    __Lib_Sprinti_?FLOC____Lib_Sprinti_Do_FillT29
0x0003       [4]    FT812_Canvas_SurrRect_minX_L0
0x0003       [2]    __Lib_MmcFat16_f16_toInt_l_L0
0x0003       [1]    MM_Init_i_L0
0x0003       [4]    FT800_Canvas_SurrRect_minX_L0
0x0004       [2]    __Lib_FT800_alt_memcpy_ss_L0
0x0004       [1]    R4
0x0004       [2]    frexp_pom_L0
0x0004       [2]    memcpy_ss_L0
0x0004       [2]    __Lib_FT810_alt_memcpy_ss_L0
0x0004       [2]    __Lib_FT812_alt_memcpy_ss_L0
0x0004       [2]    strcat_cp_L0
0x0004       [2]    __Lib_FAT32_alt_memcpy_ss_L0
0x0004       [2]    strncat_cp_L0
0x0004       [3]    __Lib_FT810_alt_strlen_const_cp_L0
0x0004       [3]    __Lib_FT800_alt_strlen_const_cp_L0
0x0004       [2]    strncpy_cp_L0
0x0004       [1]    __Lib_Sprinti_?FLOC____Lib_Sprinti_Do_FillT40
0x0004       [2]    __Lib_MemManager_MM_GetMemAlign_P_L0
0x0004       [3]    __Lib_FT812_alt_strlen_const_cp_L0
0x0004       [2]    strcpy_cp_L0
0x0004       [1]    __Lib_FAT32_LE_calculateChecksum_chksum_L0
0x0005       [2]    Ltrim_p_L0
0x0005       [2]    LongWordToHex_input_half_L0
0x0005       [2]    memmove_ff_L0
0x0005       [1]    R5
0x0005       [1]    __Lib_FAT32_PO2_po2_L0
0x0005       [1]    __Lib_Sprinti_?FLOC____Lib_Sprinti_Do_FillT54
0x0005       [2]    LongIntToHex_input_half_L0
0x0005       [1]    __Lib_FAT32_LE_calculateChecksum_i_L0
0x0005       [1]    MM_TotalFreeMemSize_i_L0
0x0006       [1]    __Lib_MemManager_MM_GetMemAlign_i_L0
0x0006       [1]    R6
0x0006       [1]    __Lib_Sprinti_?FLOC____Lib_Sprinti_Do_FillT69
0x0006       [4]    __Lib_FAT32_PO2_i_L0
0x0007       [1]    __Lib_TFT_JPEG_GenerateHuffmanTables_bLength_L0
0x0007       [1]    R7
0x0007       [1]    __Lib_TFT_16bit_JPEG_GenerateHuffmanTables_bLength_L0
0x0007       [4]    FT810_Canvas_SurrRect_minY_L0
0x0007       [4]    FT812_Canvas_SurrRect_minY_L0
0x0007       [4]    FT800_Canvas_SurrRect_minY_L0
0x0008       [1]    __Lib_TFT_16bit_JPEG_GenerateHuffmanTables_bTable_L0
0x0008       [1]    R8
0x0008       [1]    __Lib_TFT_JPEG_GenerateHuffmanTables_bTable_L0
0x0009       [4]    __Lib_FAT32_UI32_result_L0
0x0009       [1]    R9
0x0009       [4]    __Lib_MmcFat16_f16_toLong_l_L0
0x000A       [1]    R10
0x000B       [4]    FT812_Canvas_SurrRect_maxX_L0
0x000B       [4]    FT800_Canvas_SurrRect_maxX_L0
0x000B       [4]    FT810_Canvas_SurrRect_maxX_L0
0x000B       [1]    R11
0x000C       [1]    R12
0x000D       [1]    R13
0x000E       [1]    R14
0x000F       [4]    FT800_Canvas_SurrRect_maxY_L0
0x000F       [4]    FT812_Canvas_SurrRect_maxY_L0
0x000F       [4]    FT810_Canvas_SurrRect_maxY_L0
0x000F       [1]    R15
0x0010       [1]    R16
0x0011       [1]    R17
0x0012       [1]    R18
0x0013       [1]    R19
0x0014       [1]    R20
0x0F84       [0]    IR_SENSOR
0x0F84       [0]    RE0_bit
0x0F84       [0]    RE2_bit
0x0F84       [0]    RE1_bit
0x0F84       [0]    NOTIFICATION_LED
0x0F84       [0]    RESET_SWITCH
0x0F96       [0]    TRISE1_bit
0x0F96       [0]    IR_SENSOR_Direction
0x0F96       [0]    NOTIFICATION_LED_Direction
0x0F96       [0]    TRISE2_bit
0x0F96       [0]    TRISE0_bit
0x0F96       [0]    RESET_SWITCH_Direction
0x0FC1       [1]    ADCON1
0x0FD8       [1]    STATUS
0x0FD9       [1]    FSR2L
0x0FDA       [1]    FSR2H
0x0FDE       [1]    POSTINC2
0x0FE0       [1]    BSR
0x0FE1       [1]    FSR1L
0x0FE2       [1]    FSR1H
0x0FE4       [1]    PREINC1
0x0FE6       [1]    POSTINC1
0x0FE7       [1]    INDF1
0x0FE8       [1]    WREG
0x0FE9       [1]    FSR0L
0x0FEA       [1]    FSR0H
0x0FEE       [1]    POSTINC0
0x0FF3       [1]    PRODL
0x0FF4       [1]    PRODH
0x0FF5       [1]    TABLAT
0x0FF6       [3]    TBLPTR
0x0FF6       [1]    TBLPTRL
0x0FF7       [1]    TBLPTRH
0x0FF8       [1]    TBLPTRU
//** Constants locations ** 
//ADDRESS    SIZE    CONSTANT
//----------------------------------------------
0x0084       [8]    ?lstr_6___Lib_FAT32
