;  LST file generated by mikroListExporter - v.2.0 
; Date/Time: 22/10/2025 16:05:57
;----------------------------------------------

;Address Opcode 	ASM
0x0000	0xF005EF1D  	GOTO        2618
0x0004	0x0000      	NOP
0x0006	0x0000      	NOP
0x0008	0xF000EF00  	GOTO        0
0x000C	0x0000      	NOP
0x000E	0x0000      	NOP
0x0010	0x0000      	NOP
0x0012	0x0000      	NOP
0x0014	0x0000      	NOP
0x0016	0x0000      	NOP
0x0018	0xD7F3      	BRA         0
_Mul_32x32_U:
;__Lib_Math.c,1616 :: 		
;__Lib_Math.c,1631 :: 		
0x001C	0x0E22      	MOVLW       34
;__Lib_Math.c,1632 :: 		
0x001E	0x6E0C      	MOVWF       R12, 0
;__Lib_Math.c,1633 :: 		
0x0020	0x6A08      	CLRF        R8, 0
;__Lib_Math.c,1634 :: 		
0x0022	0x6A09      	CLRF        R9, 0
;__Lib_Math.c,1635 :: 		
0x0024	0x6A0A      	CLRF        R10, 0
;__Lib_Math.c,1636 :: 		
0x0026	0x6A0B      	CLRF        R11, 0
;__Lib_Math.c,1638 :: 		
_NEXT:
;__Lib_Math.c,1642 :: 		
0x0028	0x060C      	DECF        R12, 1, 0
;__Lib_Math.c,1643 :: 		
0x002A	0xB4D8      	BTFSC       STATUS, 2, 0
;__Lib_Math.c,1644 :: 		
0x002C	0xD01F      	BRA         _EXIT2
;__Lib_Math.c,1645 :: 		
0x002E	0x90D8      	BCF         STATUS, 0, 0
;__Lib_Math.c,1647 :: 		
_LOOP:
;__Lib_Math.c,1656 :: 		
0x0030	0x320B      	RRCF        R11, 1, 0
;__Lib_Math.c,1657 :: 		
0x0032	0x320A      	RRCF        R10, 1, 0
;__Lib_Math.c,1658 :: 		
0x0034	0x3209      	RRCF        R9, 1, 0
;__Lib_Math.c,1659 :: 		
0x0036	0x3208      	RRCF        R8, 1, 0
;__Lib_Math.c,1660 :: 		
0x0038	0x3203      	RRCF        R3, 1, 0
;__Lib_Math.c,1661 :: 		
0x003A	0x3202      	RRCF        R2, 1, 0
;__Lib_Math.c,1662 :: 		
0x003C	0x3201      	RRCF        R1, 1, 0
;__Lib_Math.c,1663 :: 		
0x003E	0x3200      	RRCF        R0, 1, 0
;__Lib_Math.c,1668 :: 		
0x0040	0xA0D8      	BTFSS       STATUS, 0, 0
;__Lib_Math.c,1669 :: 		
0x0042	0xD7F2      	BRA         _NEXT
;__Lib_Math.c,1670 :: 		
0x0044	0x060C      	DECF        R12, 1, 0
;__Lib_Math.c,1671 :: 		
0x0046	0xB4D8      	BTFSC       STATUS, 2, 0
;__Lib_Math.c,1672 :: 		
0x0048	0xD009      	BRA         _EXIT1
;__Lib_Math.c,1679 :: 		
0x004A	0x5004      	MOVF        R4, 0, 0
;__Lib_Math.c,1680 :: 		
0x004C	0x2608      	ADDWF       R8, 1, 0
;__Lib_Math.c,1681 :: 		
0x004E	0x5005      	MOVF        R5, 0, 0
;__Lib_Math.c,1684 :: 		
0x0050	0x2209      	ADDWFC      R9, 1, 0
;__Lib_Math.c,1685 :: 		
0x0052	0x5006      	MOVF        R6, 0, 0
;__Lib_Math.c,1688 :: 		
0x0054	0x220A      	ADDWFC      R10, 1, 0
;__Lib_Math.c,1689 :: 		
0x0056	0x5007      	MOVF        R7, 0, 0
;__Lib_Math.c,1692 :: 		
0x0058	0x220B      	ADDWFC      R11, 1, 0
;__Lib_Math.c,1694 :: 		
0x005A	0xD7EA      	BRA         _LOOP
;__Lib_Math.c,1696 :: 		
_EXIT1:
;__Lib_Math.c,1701 :: 		
0x005C	0x5004      	MOVF        R4, 0, 0
;__Lib_Math.c,1702 :: 		
0x005E	0x2608      	ADDWF       R8, 1, 0
;__Lib_Math.c,1703 :: 		
0x0060	0x5005      	MOVF        R5, 0, 0
;__Lib_Math.c,1706 :: 		
0x0062	0x2209      	ADDWFC      R9, 1, 0
;__Lib_Math.c,1707 :: 		
0x0064	0x5006      	MOVF        R6, 0, 0
;__Lib_Math.c,1710 :: 		
0x0066	0x220A      	ADDWFC      R10, 1, 0
;__Lib_Math.c,1711 :: 		
0x0068	0x5007      	MOVF        R7, 0, 0
;__Lib_Math.c,1714 :: 		
0x006A	0x220B      	ADDWFC      R11, 1, 0
;__Lib_Math.c,1717 :: 		
_EXIT2:
;__Lib_Math.c,1719 :: 		
L_end_Mul_32x32_U:
0x006C	0x0012      	RETURN      0
; end of _Mul_32x32_U
_Div_32x32_U:
;__Lib_Math.c,1162 :: 		
;__Lib_Math.c,1173 :: 		
0x006E	0x6A0B      	CLRF        R11, 0
;__Lib_Math.c,1174 :: 		
0x0070	0x6A0A      	CLRF        R10, 0
;__Lib_Math.c,1175 :: 		
0x0072	0x6A09      	CLRF        R9, 0
;__Lib_Math.c,1176 :: 		
0x0074	0x6A08      	CLRF        R8, 0
;__Lib_Math.c,1178 :: 		
0x0076	0x6A0E      	CLRF        R14, 0
;__Lib_Math.c,1180 :: 		
0x0078	0x3403      	RLCF        R3, 0, 0
;__Lib_Math.c,1181 :: 		
0x007A	0x3608      	RLCF        R8, 1, 0
;__Lib_Math.c,1182 :: 		
0x007C	0x5004      	MOVF        R4, 0, 0
;__Lib_Math.c,1183 :: 		
0x007E	0x5E08      	SUBWF       R8, 1, 0
;__Lib_Math.c,1184 :: 		
0x0080	0x5005      	MOVF        R5, 0, 0
;__Lib_Math.c,1185 :: 		
0x0082	0xA0D8      	BTFSS       STATUS, 0, 0
;__Lib_Math.c,1186 :: 		
0x0084	0x3C05      	INCFSZ      R5, 0, 0
;__Lib_Math.c,1187 :: 		
0x0086	0x5E09      	SUBWF       R9, 1, 0
;__Lib_Math.c,1188 :: 		
0x0088	0x5006      	MOVF        R6, 0, 0
;__Lib_Math.c,1189 :: 		
0x008A	0xA0D8      	BTFSS       STATUS, 0, 0
;__Lib_Math.c,1190 :: 		
0x008C	0x3C06      	INCFSZ      R6, 0, 0
;__Lib_Math.c,1191 :: 		
0x008E	0x5E0A      	SUBWF       R10, 1, 0
;__Lib_Math.c,1192 :: 		
0x0090	0x5007      	MOVF        R7, 0, 0
;__Lib_Math.c,1193 :: 		
0x0092	0xA0D8      	BTFSS       STATUS, 0, 0
;__Lib_Math.c,1194 :: 		
0x0094	0x3C07      	INCFSZ      R7, 0, 0
;__Lib_Math.c,1195 :: 		
0x0096	0x5E0B      	SUBWF       R11, 1, 0
;__Lib_Math.c,1197 :: 		
0x0098	0x6AE8      	CLRF        WREG, 0
;__Lib_Math.c,1198 :: 		
0x009A	0xA0D8      	BTFSS       STATUS, 0, 0
;__Lib_Math.c,1199 :: 		
0x009C	0x0E01      	MOVLW       1
;__Lib_Math.c,1200 :: 		
0x009E	0x5E0E      	SUBWF       R14, 1, 0
;__Lib_Math.c,1201 :: 		
0x00A0	0x3603      	RLCF        R3, 1, 0
;__Lib_Math.c,1203 :: 		
0x00A2	0x0E07      	MOVLW       7
;__Lib_Math.c,1204 :: 		
0x00A4	0x6E0C      	MOVWF       R12, 0
;__Lib_Math.c,1206 :: 		
LOOPU3232A:
;__Lib_Math.c,1207 :: 		
0x00A6	0x3403      	RLCF        R3, 0, 0
;__Lib_Math.c,1208 :: 		
0x00A8	0x3608      	RLCF        R8, 1, 0
;__Lib_Math.c,1209 :: 		
0x00AA	0x3609      	RLCF        R9, 1, 0
;__Lib_Math.c,1210 :: 		
0x00AC	0x360A      	RLCF        R10, 1, 0
;__Lib_Math.c,1211 :: 		
0x00AE	0x360B      	RLCF        R11, 1, 0
;__Lib_Math.c,1212 :: 		
0x00B0	0x360E      	RLCF        R14, 1, 0
;__Lib_Math.c,1213 :: 		
0x00B2	0x5004      	MOVF        R4, 0, 0
;__Lib_Math.c,1214 :: 		
0x00B4	0xA003      	BTFSS       R3, 0, 0
;__Lib_Math.c,1215 :: 		
0x00B6	0xD012      	BRA         UADD22LA
;__Lib_Math.c,1217 :: 		
0x00B8	0x5E08      	SUBWF       R8, 1, 0
;__Lib_Math.c,1218 :: 		
0x00BA	0x5005      	MOVF        R5, 0, 0
;__Lib_Math.c,1219 :: 		
0x00BC	0xA0D8      	BTFSS       STATUS, 0, 0
;__Lib_Math.c,1220 :: 		
0x00BE	0x3C05      	INCFSZ      R5, 0, 0
;__Lib_Math.c,1221 :: 		
0x00C0	0x5E09      	SUBWF       R9, 1, 0
;__Lib_Math.c,1222 :: 		
0x00C2	0x5006      	MOVF        R6, 0, 0
;__Lib_Math.c,1223 :: 		
0x00C4	0xA0D8      	BTFSS       STATUS, 0, 0
;__Lib_Math.c,1224 :: 		
0x00C6	0x3C06      	INCFSZ      R6, 0, 0
;__Lib_Math.c,1225 :: 		
0x00C8	0x5E0A      	SUBWF       R10, 1, 0
;__Lib_Math.c,1226 :: 		
0x00CA	0x5007      	MOVF        R7, 0, 0
;__Lib_Math.c,1227 :: 		
0x00CC	0xA0D8      	BTFSS       STATUS, 0, 0
;__Lib_Math.c,1228 :: 		
0x00CE	0x3C07      	INCFSZ      R7, 0, 0
;__Lib_Math.c,1229 :: 		
0x00D0	0x5E0B      	SUBWF       R11, 1, 0
;__Lib_Math.c,1230 :: 		
0x00D2	0x6AE8      	CLRF        WREG, 0
;__Lib_Math.c,1231 :: 		
0x00D4	0xA0D8      	BTFSS       STATUS, 0, 0
;__Lib_Math.c,1232 :: 		
0x00D6	0x0E01      	MOVLW       1
;__Lib_Math.c,1233 :: 		
0x00D8	0x5E0E      	SUBWF       R14, 1, 0
;__Lib_Math.c,1234 :: 		
0x00DA	0xD011      	BRA         UOK22LA
;__Lib_Math.c,1236 :: 		
UADD22LA:
;__Lib_Math.c,1237 :: 		
0x00DC	0x2608      	ADDWF       R8, 1, 0
;__Lib_Math.c,1238 :: 		
0x00DE	0x5005      	MOVF        R5, 0, 0
;__Lib_Math.c,1239 :: 		
0x00E0	0xB0D8      	BTFSC       STATUS, 0, 0
;__Lib_Math.c,1240 :: 		
0x00E2	0x3C05      	INCFSZ      R5, 0, 0
;__Lib_Math.c,1241 :: 		
0x00E4	0x2609      	ADDWF       R9, 1, 0
;__Lib_Math.c,1242 :: 		
0x00E6	0x5006      	MOVF        R6, 0, 0
;__Lib_Math.c,1243 :: 		
0x00E8	0xB0D8      	BTFSC       STATUS, 0, 0
;__Lib_Math.c,1244 :: 		
0x00EA	0x3C06      	INCFSZ      R6, 0, 0
;__Lib_Math.c,1245 :: 		
0x00EC	0x260A      	ADDWF       R10, 1, 0
;__Lib_Math.c,1246 :: 		
0x00EE	0x5007      	MOVF        R7, 0, 0
;__Lib_Math.c,1247 :: 		
0x00F0	0xB0D8      	BTFSC       STATUS, 0, 0
;__Lib_Math.c,1248 :: 		
0x00F2	0x3C07      	INCFSZ      R7, 0, 0
;__Lib_Math.c,1249 :: 		
0x00F4	0x260B      	ADDWF       R11, 1, 0
;__Lib_Math.c,1250 :: 		
0x00F6	0x6AE8      	CLRF        WREG, 0
;__Lib_Math.c,1251 :: 		
0x00F8	0xB0D8      	BTFSC       STATUS, 0, 0
;__Lib_Math.c,1252 :: 		
0x00FA	0x0E01      	MOVLW       1
;__Lib_Math.c,1253 :: 		
0x00FC	0x260E      	ADDWF       R14, 1, 0
;__Lib_Math.c,1255 :: 		
UOK22LA:
;__Lib_Math.c,1256 :: 		
0x00FE	0x3603      	RLCF        R3, 1, 0
;__Lib_Math.c,1258 :: 		
0x0100	0x2E0C      	DECFSZ      R12, 1, 0
;__Lib_Math.c,1259 :: 		
0x0102	0xD7D1      	BRA         LOOPU3232A
;__Lib_Math.c,1261 :: 		
0x0104	0x3402      	RLCF        R2, 0, 0
;__Lib_Math.c,1262 :: 		
0x0106	0x3608      	RLCF        R8, 1, 0
;__Lib_Math.c,1263 :: 		
0x0108	0x3609      	RLCF        R9, 1, 0
;__Lib_Math.c,1264 :: 		
0x010A	0x360A      	RLCF        R10, 1, 0
;__Lib_Math.c,1265 :: 		
0x010C	0x360B      	RLCF        R11, 1, 0
;__Lib_Math.c,1266 :: 		
0x010E	0x360E      	RLCF        R14, 1, 0
;__Lib_Math.c,1267 :: 		
0x0110	0x5004      	MOVF        R4, 0, 0
;__Lib_Math.c,1268 :: 		
0x0112	0xA003      	BTFSS       R3, 0, 0
;__Lib_Math.c,1269 :: 		
0x0114	0xD012      	BRA         UADD22L8
;__Lib_Math.c,1271 :: 		
0x0116	0x5E08      	SUBWF       R8, 1, 0
;__Lib_Math.c,1272 :: 		
0x0118	0x5005      	MOVF        R5, 0, 0
;__Lib_Math.c,1273 :: 		
0x011A	0xA0D8      	BTFSS       STATUS, 0, 0
;__Lib_Math.c,1274 :: 		
0x011C	0x3C05      	INCFSZ      R5, 0, 0
;__Lib_Math.c,1275 :: 		
0x011E	0x5E09      	SUBWF       R9, 1, 0
;__Lib_Math.c,1276 :: 		
0x0120	0x5006      	MOVF        R6, 0, 0
;__Lib_Math.c,1277 :: 		
0x0122	0xA0D8      	BTFSS       STATUS, 0, 0
;__Lib_Math.c,1278 :: 		
0x0124	0x3C06      	INCFSZ      R6, 0, 0
;__Lib_Math.c,1279 :: 		
0x0126	0x5E0A      	SUBWF       R10, 1, 0
;__Lib_Math.c,1280 :: 		
0x0128	0x5007      	MOVF        R7, 0, 0
;__Lib_Math.c,1281 :: 		
0x012A	0xA0D8      	BTFSS       STATUS, 0, 0
;__Lib_Math.c,1282 :: 		
0x012C	0x3C07      	INCFSZ      R7, 0, 0
;__Lib_Math.c,1283 :: 		
0x012E	0x5E0B      	SUBWF       R11, 1, 0
;__Lib_Math.c,1284 :: 		
0x0130	0x6AE8      	CLRF        WREG, 0
;__Lib_Math.c,1285 :: 		
0x0132	0xA0D8      	BTFSS       STATUS, 0, 0
;__Lib_Math.c,1286 :: 		
0x0134	0x0E01      	MOVLW       1
;__Lib_Math.c,1287 :: 		
0x0136	0x5E0E      	SUBWF       R14, 1, 0
;__Lib_Math.c,1288 :: 		
0x0138	0xD011      	BRA         UOK22L8
;__Lib_Math.c,1290 :: 		
UADD22L8:
;__Lib_Math.c,1291 :: 		
0x013A	0x2608      	ADDWF       R8, 1, 0
;__Lib_Math.c,1292 :: 		
0x013C	0x5005      	MOVF        R5, 0, 0
;__Lib_Math.c,1293 :: 		
0x013E	0xB0D8      	BTFSC       STATUS, 0, 0
;__Lib_Math.c,1294 :: 		
0x0140	0x3C05      	INCFSZ      R5, 0, 0
;__Lib_Math.c,1295 :: 		
0x0142	0x2609      	ADDWF       R9, 1, 0
;__Lib_Math.c,1296 :: 		
0x0144	0x5006      	MOVF        R6, 0, 0
;__Lib_Math.c,1297 :: 		
0x0146	0xB0D8      	BTFSC       STATUS, 0, 0
;__Lib_Math.c,1298 :: 		
0x0148	0x3C06      	INCFSZ      R6, 0, 0
;__Lib_Math.c,1299 :: 		
0x014A	0x260A      	ADDWF       R10, 1, 0
;__Lib_Math.c,1300 :: 		
0x014C	0x5007      	MOVF        R7, 0, 0
;__Lib_Math.c,1301 :: 		
0x014E	0xB0D8      	BTFSC       STATUS, 0, 0
;__Lib_Math.c,1302 :: 		
0x0150	0x3C07      	INCFSZ      R7, 0, 0
;__Lib_Math.c,1303 :: 		
0x0152	0x260B      	ADDWF       R11, 1, 0
;__Lib_Math.c,1304 :: 		
0x0154	0x6AE8      	CLRF        WREG, 0
;__Lib_Math.c,1305 :: 		
0x0156	0xB0D8      	BTFSC       STATUS, 0, 0
;__Lib_Math.c,1306 :: 		
0x0158	0x0E01      	MOVLW       1
;__Lib_Math.c,1307 :: 		
0x015A	0x260E      	ADDWF       R14, 1, 0
;__Lib_Math.c,1309 :: 		
UOK22L8:
;__Lib_Math.c,1310 :: 		
0x015C	0x3602      	RLCF        R2, 1, 0
;__Lib_Math.c,1312 :: 		
0x015E	0x0E07      	MOVLW       7
;__Lib_Math.c,1313 :: 		
0x0160	0x6E0C      	MOVWF       R12, 0
;__Lib_Math.c,1315 :: 		
LOOPU3232B:
;__Lib_Math.c,1316 :: 		
0x0162	0x3402      	RLCF        R2, 0, 0
;__Lib_Math.c,1317 :: 		
0x0164	0x3608      	RLCF        R8, 1, 0
;__Lib_Math.c,1318 :: 		
0x0166	0x3609      	RLCF        R9, 1, 0
;__Lib_Math.c,1319 :: 		
0x0168	0x360A      	RLCF        R10, 1, 0
;__Lib_Math.c,1320 :: 		
0x016A	0x360B      	RLCF        R11, 1, 0
;__Lib_Math.c,1321 :: 		
0x016C	0x360E      	RLCF        R14, 1, 0
;__Lib_Math.c,1322 :: 		
0x016E	0x5004      	MOVF        R4, 0, 0
;__Lib_Math.c,1323 :: 		
0x0170	0xA002      	BTFSS       R2, 0, 0
;__Lib_Math.c,1324 :: 		
0x0172	0xD012      	BRA         UADD22LB
;__Lib_Math.c,1326 :: 		
0x0174	0x5E08      	SUBWF       R8, 1, 0
;__Lib_Math.c,1327 :: 		
0x0176	0x5005      	MOVF        R5, 0, 0
;__Lib_Math.c,1328 :: 		
0x0178	0xA0D8      	BTFSS       STATUS, 0, 0
;__Lib_Math.c,1329 :: 		
0x017A	0x3C05      	INCFSZ      R5, 0, 0
;__Lib_Math.c,1330 :: 		
0x017C	0x5E09      	SUBWF       R9, 1, 0
;__Lib_Math.c,1331 :: 		
0x017E	0x5006      	MOVF        R6, 0, 0
;__Lib_Math.c,1332 :: 		
0x0180	0xA0D8      	BTFSS       STATUS, 0, 0
;__Lib_Math.c,1333 :: 		
0x0182	0x3C06      	INCFSZ      R6, 0, 0
;__Lib_Math.c,1334 :: 		
0x0184	0x5E0A      	SUBWF       R10, 1, 0
;__Lib_Math.c,1335 :: 		
0x0186	0x5007      	MOVF        R7, 0, 0
;__Lib_Math.c,1336 :: 		
0x0188	0xA0D8      	BTFSS       STATUS, 0, 0
;__Lib_Math.c,1337 :: 		
0x018A	0x3C07      	INCFSZ      R7, 0, 0
;__Lib_Math.c,1338 :: 		
0x018C	0x5E0B      	SUBWF       R11, 1, 0
;__Lib_Math.c,1339 :: 		
0x018E	0x6AE8      	CLRF        WREG, 0
;__Lib_Math.c,1340 :: 		
0x0190	0xA0D8      	BTFSS       STATUS, 0, 0
;__Lib_Math.c,1341 :: 		
0x0192	0x0E01      	MOVLW       1
;__Lib_Math.c,1342 :: 		
0x0194	0x5E0E      	SUBWF       R14, 1, 0
;__Lib_Math.c,1343 :: 		
0x0196	0xD011      	BRA         UOK22LB
;__Lib_Math.c,1345 :: 		
UADD22LB:
;__Lib_Math.c,1346 :: 		
0x0198	0x2608      	ADDWF       R8, 1, 0
;__Lib_Math.c,1347 :: 		
0x019A	0x5005      	MOVF        R5, 0, 0
;__Lib_Math.c,1348 :: 		
0x019C	0xB0D8      	BTFSC       STATUS, 0, 0
;__Lib_Math.c,1349 :: 		
0x019E	0x3C05      	INCFSZ      R5, 0, 0
;__Lib_Math.c,1350 :: 		
0x01A0	0x2609      	ADDWF       R9, 1, 0
;__Lib_Math.c,1351 :: 		
0x01A2	0x5006      	MOVF        R6, 0, 0
;__Lib_Math.c,1352 :: 		
0x01A4	0xB0D8      	BTFSC       STATUS, 0, 0
;__Lib_Math.c,1353 :: 		
0x01A6	0x3C06      	INCFSZ      R6, 0, 0
;__Lib_Math.c,1354 :: 		
0x01A8	0x260A      	ADDWF       R10, 1, 0
;__Lib_Math.c,1355 :: 		
0x01AA	0x5007      	MOVF        R7, 0, 0
;__Lib_Math.c,1356 :: 		
0x01AC	0xB0D8      	BTFSC       STATUS, 0, 0
;__Lib_Math.c,1357 :: 		
0x01AE	0x3C07      	INCFSZ      R7, 0, 0
;__Lib_Math.c,1358 :: 		
0x01B0	0x260B      	ADDWF       R11, 1, 0
;__Lib_Math.c,1359 :: 		
0x01B2	0x6AE8      	CLRF        WREG, 0
;__Lib_Math.c,1360 :: 		
0x01B4	0xB0D8      	BTFSC       STATUS, 0, 0
;__Lib_Math.c,1361 :: 		
0x01B6	0x0E01      	MOVLW       1
;__Lib_Math.c,1362 :: 		
0x01B8	0x260E      	ADDWF       R14, 1, 0
;__Lib_Math.c,1364 :: 		
UOK22LB:
;__Lib_Math.c,1365 :: 		
0x01BA	0x3602      	RLCF        R2, 1, 0
;__Lib_Math.c,1367 :: 		
0x01BC	0x2E0C      	DECFSZ      R12, 1, 0
;__Lib_Math.c,1368 :: 		
0x01BE	0xD7D1      	BRA         LOOPU3232B
;__Lib_Math.c,1370 :: 		
0x01C0	0x3401      	RLCF        R1, 0, 0
;__Lib_Math.c,1371 :: 		
0x01C2	0x3608      	RLCF        R8, 1, 0
;__Lib_Math.c,1372 :: 		
0x01C4	0x3609      	RLCF        R9, 1, 0
;__Lib_Math.c,1373 :: 		
0x01C6	0x360A      	RLCF        R10, 1, 0
;__Lib_Math.c,1374 :: 		
0x01C8	0x360B      	RLCF        R11, 1, 0
;__Lib_Math.c,1375 :: 		
0x01CA	0x360E      	RLCF        R14, 1, 0
;__Lib_Math.c,1376 :: 		
0x01CC	0x5004      	MOVF        R4, 0, 0
;__Lib_Math.c,1377 :: 		
0x01CE	0xA002      	BTFSS       R2, 0, 0
;__Lib_Math.c,1378 :: 		
0x01D0	0xD012      	BRA         UADD22L16
;__Lib_Math.c,1380 :: 		
0x01D2	0x5E08      	SUBWF       R8, 1, 0
;__Lib_Math.c,1381 :: 		
0x01D4	0x5005      	MOVF        R5, 0, 0
;__Lib_Math.c,1382 :: 		
0x01D6	0xA0D8      	BTFSS       STATUS, 0, 0
;__Lib_Math.c,1383 :: 		
0x01D8	0x3C05      	INCFSZ      R5, 0, 0
;__Lib_Math.c,1384 :: 		
0x01DA	0x5E09      	SUBWF       R9, 1, 0
;__Lib_Math.c,1385 :: 		
0x01DC	0x5006      	MOVF        R6, 0, 0
;__Lib_Math.c,1386 :: 		
0x01DE	0xA0D8      	BTFSS       STATUS, 0, 0
;__Lib_Math.c,1387 :: 		
0x01E0	0x3C06      	INCFSZ      R6, 0, 0
;__Lib_Math.c,1388 :: 		
0x01E2	0x5E0A      	SUBWF       R10, 1, 0
;__Lib_Math.c,1389 :: 		
0x01E4	0x5007      	MOVF        R7, 0, 0
;__Lib_Math.c,1390 :: 		
0x01E6	0xA0D8      	BTFSS       STATUS, 0, 0
;__Lib_Math.c,1391 :: 		
0x01E8	0x3C07      	INCFSZ      R7, 0, 0
;__Lib_Math.c,1392 :: 		
0x01EA	0x5E0B      	SUBWF       R11, 1, 0
;__Lib_Math.c,1393 :: 		
0x01EC	0x6AE8      	CLRF        WREG, 0
;__Lib_Math.c,1394 :: 		
0x01EE	0xA0D8      	BTFSS       STATUS, 0, 0
;__Lib_Math.c,1395 :: 		
0x01F0	0x0E01      	MOVLW       1
;__Lib_Math.c,1396 :: 		
0x01F2	0x5E0E      	SUBWF       R14, 1, 0
;__Lib_Math.c,1397 :: 		
0x01F4	0xD011      	BRA         UOK22L16
;__Lib_Math.c,1399 :: 		
UADD22L16:
;__Lib_Math.c,1400 :: 		
0x01F6	0x2608      	ADDWF       R8, 1, 0
;__Lib_Math.c,1401 :: 		
0x01F8	0x5005      	MOVF        R5, 0, 0
;__Lib_Math.c,1402 :: 		
0x01FA	0xB0D8      	BTFSC       STATUS, 0, 0
;__Lib_Math.c,1403 :: 		
0x01FC	0x3C05      	INCFSZ      R5, 0, 0
;__Lib_Math.c,1404 :: 		
0x01FE	0x2609      	ADDWF       R9, 1, 0
;__Lib_Math.c,1405 :: 		
0x0200	0x5006      	MOVF        R6, 0, 0
;__Lib_Math.c,1406 :: 		
0x0202	0xB0D8      	BTFSC       STATUS, 0, 0
;__Lib_Math.c,1407 :: 		
0x0204	0x3C06      	INCFSZ      R6, 0, 0
;__Lib_Math.c,1408 :: 		
0x0206	0x260A      	ADDWF       R10, 1, 0
;__Lib_Math.c,1409 :: 		
0x0208	0x5007      	MOVF        R7, 0, 0
;__Lib_Math.c,1410 :: 		
0x020A	0xB0D8      	BTFSC       STATUS, 0, 0
;__Lib_Math.c,1411 :: 		
0x020C	0x3C07      	INCFSZ      R7, 0, 0
;__Lib_Math.c,1412 :: 		
0x020E	0x260B      	ADDWF       R11, 1, 0
;__Lib_Math.c,1413 :: 		
0x0210	0x6AE8      	CLRF        WREG, 0
;__Lib_Math.c,1414 :: 		
0x0212	0xB0D8      	BTFSC       STATUS, 0, 0
;__Lib_Math.c,1415 :: 		
0x0214	0x0E01      	MOVLW       1
;__Lib_Math.c,1416 :: 		
0x0216	0x260E      	ADDWF       R14, 1, 0
;__Lib_Math.c,1418 :: 		
UOK22L16:
;__Lib_Math.c,1419 :: 		
0x0218	0x3601      	RLCF        R1, 1, 0
;__Lib_Math.c,1421 :: 		
0x021A	0x0E07      	MOVLW       7
;__Lib_Math.c,1422 :: 		
0x021C	0x6E0C      	MOVWF       R12, 0
;__Lib_Math.c,1424 :: 		
LOOPU3232C:
;__Lib_Math.c,1425 :: 		
0x021E	0x3401      	RLCF        R1, 0, 0
;__Lib_Math.c,1426 :: 		
0x0220	0x3608      	RLCF        R8, 1, 0
;__Lib_Math.c,1427 :: 		
0x0222	0x3609      	RLCF        R9, 1, 0
;__Lib_Math.c,1428 :: 		
0x0224	0x360A      	RLCF        R10, 1, 0
;__Lib_Math.c,1429 :: 		
0x0226	0x360B      	RLCF        R11, 1, 0
;__Lib_Math.c,1430 :: 		
0x0228	0x360E      	RLCF        R14, 1, 0
;__Lib_Math.c,1431 :: 		
0x022A	0x5004      	MOVF        R4, 0, 0
;__Lib_Math.c,1432 :: 		
0x022C	0xA001      	BTFSS       R1, 0, 0
;__Lib_Math.c,1433 :: 		
0x022E	0xD012      	BRA         UADD22LC
;__Lib_Math.c,1435 :: 		
0x0230	0x5E08      	SUBWF       R8, 1, 0
;__Lib_Math.c,1436 :: 		
0x0232	0x5005      	MOVF        R5, 0, 0
;__Lib_Math.c,1437 :: 		
0x0234	0xA0D8      	BTFSS       STATUS, 0, 0
;__Lib_Math.c,1438 :: 		
0x0236	0x3C05      	INCFSZ      R5, 0, 0
;__Lib_Math.c,1439 :: 		
0x0238	0x5E09      	SUBWF       R9, 1, 0
;__Lib_Math.c,1440 :: 		
0x023A	0x5006      	MOVF        R6, 0, 0
;__Lib_Math.c,1441 :: 		
0x023C	0xA0D8      	BTFSS       STATUS, 0, 0
;__Lib_Math.c,1442 :: 		
0x023E	0x3C06      	INCFSZ      R6, 0, 0
;__Lib_Math.c,1443 :: 		
0x0240	0x5E0A      	SUBWF       R10, 1, 0
;__Lib_Math.c,1444 :: 		
0x0242	0x5007      	MOVF        R7, 0, 0
;__Lib_Math.c,1445 :: 		
0x0244	0xA0D8      	BTFSS       STATUS, 0, 0
;__Lib_Math.c,1446 :: 		
0x0246	0x3C07      	INCFSZ      R7, 0, 0
;__Lib_Math.c,1447 :: 		
0x0248	0x5E0B      	SUBWF       R11, 1, 0
;__Lib_Math.c,1448 :: 		
0x024A	0x6AE8      	CLRF        WREG, 0
;__Lib_Math.c,1449 :: 		
0x024C	0xA0D8      	BTFSS       STATUS, 0, 0
;__Lib_Math.c,1450 :: 		
0x024E	0x0E01      	MOVLW       1
;__Lib_Math.c,1451 :: 		
0x0250	0x5E0E      	SUBWF       R14, 1, 0
;__Lib_Math.c,1452 :: 		
0x0252	0xD011      	BRA         UOK22LC
;__Lib_Math.c,1454 :: 		
UADD22LC:
;__Lib_Math.c,1455 :: 		
0x0254	0x2608      	ADDWF       R8, 1, 0
;__Lib_Math.c,1456 :: 		
0x0256	0x5005      	MOVF        R5, 0, 0
;__Lib_Math.c,1457 :: 		
0x0258	0xB0D8      	BTFSC       STATUS, 0, 0
;__Lib_Math.c,1458 :: 		
0x025A	0x3C05      	INCFSZ      R5, 0, 0
;__Lib_Math.c,1459 :: 		
0x025C	0x2609      	ADDWF       R9, 1, 0
;__Lib_Math.c,1460 :: 		
0x025E	0x5006      	MOVF        R6, 0, 0
;__Lib_Math.c,1461 :: 		
0x0260	0xB0D8      	BTFSC       STATUS, 0, 0
;__Lib_Math.c,1462 :: 		
0x0262	0x3C06      	INCFSZ      R6, 0, 0
;__Lib_Math.c,1463 :: 		
0x0264	0x260A      	ADDWF       R10, 1, 0
;__Lib_Math.c,1464 :: 		
0x0266	0x5007      	MOVF        R7, 0, 0
;__Lib_Math.c,1465 :: 		
0x0268	0xB0D8      	BTFSC       STATUS, 0, 0
;__Lib_Math.c,1466 :: 		
0x026A	0x3C07      	INCFSZ      R7, 0, 0
;__Lib_Math.c,1467 :: 		
0x026C	0x260B      	ADDWF       R11, 1, 0
;__Lib_Math.c,1468 :: 		
0x026E	0x6AE8      	CLRF        WREG, 0
;__Lib_Math.c,1469 :: 		
0x0270	0xB0D8      	BTFSC       STATUS, 0, 0
;__Lib_Math.c,1470 :: 		
0x0272	0x0E01      	MOVLW       1
;__Lib_Math.c,1471 :: 		
0x0274	0x260E      	ADDWF       R14, 1, 0
;__Lib_Math.c,1473 :: 		
UOK22LC:
;__Lib_Math.c,1474 :: 		
0x0276	0x3601      	RLCF        R1, 1, 0
;__Lib_Math.c,1476 :: 		
0x0278	0x2E0C      	DECFSZ      R12, 1, 0
;__Lib_Math.c,1477 :: 		
0x027A	0xD7D1      	BRA         LOOPU3232C
;__Lib_Math.c,1479 :: 		
0x027C	0x3400      	RLCF        R0, 0, 0
;__Lib_Math.c,1480 :: 		
0x027E	0x3608      	RLCF        R8, 1, 0
;__Lib_Math.c,1481 :: 		
0x0280	0x3609      	RLCF        R9, 1, 0
;__Lib_Math.c,1482 :: 		
0x0282	0x360A      	RLCF        R10, 1, 0
;__Lib_Math.c,1483 :: 		
0x0284	0x360B      	RLCF        R11, 1, 0
;__Lib_Math.c,1484 :: 		
0x0286	0x360E      	RLCF        R14, 1, 0
;__Lib_Math.c,1485 :: 		
0x0288	0x5004      	MOVF        R4, 0, 0
;__Lib_Math.c,1486 :: 		
0x028A	0xA001      	BTFSS       R1, 0, 0
;__Lib_Math.c,1487 :: 		
0x028C	0xD012      	BRA         UADD22L24
;__Lib_Math.c,1489 :: 		
0x028E	0x5E08      	SUBWF       R8, 1, 0
;__Lib_Math.c,1490 :: 		
0x0290	0x5005      	MOVF        R5, 0, 0
;__Lib_Math.c,1491 :: 		
0x0292	0xA0D8      	BTFSS       STATUS, 0, 0
;__Lib_Math.c,1492 :: 		
0x0294	0x3C05      	INCFSZ      R5, 0, 0
;__Lib_Math.c,1493 :: 		
0x0296	0x5E09      	SUBWF       R9, 1, 0
;__Lib_Math.c,1494 :: 		
0x0298	0x5006      	MOVF        R6, 0, 0
;__Lib_Math.c,1495 :: 		
0x029A	0xA0D8      	BTFSS       STATUS, 0, 0
;__Lib_Math.c,1496 :: 		
0x029C	0x3C06      	INCFSZ      R6, 0, 0
;__Lib_Math.c,1497 :: 		
0x029E	0x5E0A      	SUBWF       R10, 1, 0
;__Lib_Math.c,1498 :: 		
0x02A0	0x5007      	MOVF        R7, 0, 0
;__Lib_Math.c,1499 :: 		
0x02A2	0xA0D8      	BTFSS       STATUS, 0, 0
;__Lib_Math.c,1500 :: 		
0x02A4	0x3C07      	INCFSZ      R7, 0, 0
;__Lib_Math.c,1501 :: 		
0x02A6	0x5E0B      	SUBWF       R11, 1, 0
;__Lib_Math.c,1502 :: 		
0x02A8	0x6AE8      	CLRF        WREG, 0
;__Lib_Math.c,1503 :: 		
0x02AA	0xA0D8      	BTFSS       STATUS, 0, 0
;__Lib_Math.c,1504 :: 		
0x02AC	0x0E01      	MOVLW       1
;__Lib_Math.c,1505 :: 		
0x02AE	0x5E0E      	SUBWF       R14, 1, 0
;__Lib_Math.c,1506 :: 		
0x02B0	0xD011      	BRA         UOK22L24
;__Lib_Math.c,1508 :: 		
UADD22L24:
;__Lib_Math.c,1509 :: 		
0x02B2	0x2608      	ADDWF       R8, 1, 0
;__Lib_Math.c,1510 :: 		
0x02B4	0x5005      	MOVF        R5, 0, 0
;__Lib_Math.c,1511 :: 		
0x02B6	0xB0D8      	BTFSC       STATUS, 0, 0
;__Lib_Math.c,1512 :: 		
0x02B8	0x3C05      	INCFSZ      R5, 0, 0
;__Lib_Math.c,1513 :: 		
0x02BA	0x2609      	ADDWF       R9, 1, 0
;__Lib_Math.c,1514 :: 		
0x02BC	0x5006      	MOVF        R6, 0, 0
;__Lib_Math.c,1515 :: 		
0x02BE	0xB0D8      	BTFSC       STATUS, 0, 0
;__Lib_Math.c,1516 :: 		
0x02C0	0x3C06      	INCFSZ      R6, 0, 0
;__Lib_Math.c,1517 :: 		
0x02C2	0x260A      	ADDWF       R10, 1, 0
;__Lib_Math.c,1518 :: 		
0x02C4	0x5007      	MOVF        R7, 0, 0
;__Lib_Math.c,1519 :: 		
0x02C6	0xB0D8      	BTFSC       STATUS, 0, 0
;__Lib_Math.c,1520 :: 		
0x02C8	0x3C07      	INCFSZ      R7, 0, 0
;__Lib_Math.c,1521 :: 		
0x02CA	0x260B      	ADDWF       R11, 1, 0
;__Lib_Math.c,1522 :: 		
0x02CC	0x6AE8      	CLRF        WREG, 0
;__Lib_Math.c,1523 :: 		
0x02CE	0xB0D8      	BTFSC       STATUS, 0, 0
;__Lib_Math.c,1524 :: 		
0x02D0	0x0E01      	MOVLW       1
;__Lib_Math.c,1525 :: 		
0x02D2	0x260E      	ADDWF       R14, 1, 0
;__Lib_Math.c,1527 :: 		
UOK22L24:
;__Lib_Math.c,1528 :: 		
0x02D4	0x3600      	RLCF        R0, 1, 0
;__Lib_Math.c,1530 :: 		
0x02D6	0x0E07      	MOVLW       7
;__Lib_Math.c,1531 :: 		
0x02D8	0x6E0C      	MOVWF       R12, 0
;__Lib_Math.c,1533 :: 		
LOOPU3232D:
;__Lib_Math.c,1534 :: 		
0x02DA	0x3400      	RLCF        R0, 0, 0
;__Lib_Math.c,1535 :: 		
0x02DC	0x3608      	RLCF        R8, 1, 0
;__Lib_Math.c,1536 :: 		
0x02DE	0x3609      	RLCF        R9, 1, 0
;__Lib_Math.c,1537 :: 		
0x02E0	0x360A      	RLCF        R10, 1, 0
;__Lib_Math.c,1538 :: 		
0x02E2	0x360B      	RLCF        R11, 1, 0
;__Lib_Math.c,1539 :: 		
0x02E4	0x360E      	RLCF        R14, 1, 0
;__Lib_Math.c,1540 :: 		
0x02E6	0x5004      	MOVF        R4, 0, 0
;__Lib_Math.c,1541 :: 		
0x02E8	0xA000      	BTFSS       R0, 0, 0
;__Lib_Math.c,1542 :: 		
0x02EA	0xD012      	BRA         UADD22LD
;__Lib_Math.c,1544 :: 		
0x02EC	0x5E08      	SUBWF       R8, 1, 0
;__Lib_Math.c,1545 :: 		
0x02EE	0x5005      	MOVF        R5, 0, 0
;__Lib_Math.c,1546 :: 		
0x02F0	0xA0D8      	BTFSS       STATUS, 0, 0
;__Lib_Math.c,1547 :: 		
0x02F2	0x3C05      	INCFSZ      R5, 0, 0
;__Lib_Math.c,1548 :: 		
0x02F4	0x5E09      	SUBWF       R9, 1, 0
;__Lib_Math.c,1549 :: 		
0x02F6	0x5006      	MOVF        R6, 0, 0
;__Lib_Math.c,1550 :: 		
0x02F8	0xA0D8      	BTFSS       STATUS, 0, 0
;__Lib_Math.c,1551 :: 		
0x02FA	0x3C06      	INCFSZ      R6, 0, 0
;__Lib_Math.c,1552 :: 		
0x02FC	0x5E0A      	SUBWF       R10, 1, 0
;__Lib_Math.c,1553 :: 		
0x02FE	0x5007      	MOVF        R7, 0, 0
;__Lib_Math.c,1554 :: 		
0x0300	0xA0D8      	BTFSS       STATUS, 0, 0
;__Lib_Math.c,1555 :: 		
0x0302	0x3C07      	INCFSZ      R7, 0, 0
;__Lib_Math.c,1556 :: 		
0x0304	0x5E0B      	SUBWF       R11, 1, 0
;__Lib_Math.c,1557 :: 		
0x0306	0x6AE8      	CLRF        WREG, 0
;__Lib_Math.c,1558 :: 		
0x0308	0xA0D8      	BTFSS       STATUS, 0, 0
;__Lib_Math.c,1559 :: 		
0x030A	0x0E01      	MOVLW       1
;__Lib_Math.c,1560 :: 		
0x030C	0x5E0E      	SUBWF       R14, 1, 0
;__Lib_Math.c,1561 :: 		
0x030E	0xD011      	BRA         UOK22LD
;__Lib_Math.c,1563 :: 		
UADD22LD:
;__Lib_Math.c,1564 :: 		
0x0310	0x2608      	ADDWF       R8, 1, 0
;__Lib_Math.c,1565 :: 		
0x0312	0x5005      	MOVF        R5, 0, 0
;__Lib_Math.c,1566 :: 		
0x0314	0xB0D8      	BTFSC       STATUS, 0, 0
;__Lib_Math.c,1567 :: 		
0x0316	0x3C05      	INCFSZ      R5, 0, 0
;__Lib_Math.c,1568 :: 		
0x0318	0x2609      	ADDWF       R9, 1, 0
;__Lib_Math.c,1569 :: 		
0x031A	0x5006      	MOVF        R6, 0, 0
;__Lib_Math.c,1570 :: 		
0x031C	0xB0D8      	BTFSC       STATUS, 0, 0
;__Lib_Math.c,1571 :: 		
0x031E	0x3C06      	INCFSZ      R6, 0, 0
;__Lib_Math.c,1572 :: 		
0x0320	0x260A      	ADDWF       R10, 1, 0
;__Lib_Math.c,1573 :: 		
0x0322	0x5007      	MOVF        R7, 0, 0
;__Lib_Math.c,1574 :: 		
0x0324	0xB0D8      	BTFSC       STATUS, 0, 0
;__Lib_Math.c,1575 :: 		
0x0326	0x3C07      	INCFSZ      R7, 0, 0
;__Lib_Math.c,1576 :: 		
0x0328	0x260B      	ADDWF       R11, 1, 0
;__Lib_Math.c,1577 :: 		
0x032A	0x6AE8      	CLRF        WREG, 0
;__Lib_Math.c,1578 :: 		
0x032C	0xB0D8      	BTFSC       STATUS, 0, 0
;__Lib_Math.c,1579 :: 		
0x032E	0x0E01      	MOVLW       1
;__Lib_Math.c,1580 :: 		
0x0330	0x260E      	ADDWF       R14, 1, 0
;__Lib_Math.c,1582 :: 		
UOK22LD:
;__Lib_Math.c,1583 :: 		
0x0332	0x3600      	RLCF        R0, 1, 0
;__Lib_Math.c,1585 :: 		
0x0334	0x2E0C      	DECFSZ      R12, 1, 0
;__Lib_Math.c,1586 :: 		
0x0336	0xD7D1      	BRA         LOOPU3232D
;__Lib_Math.c,1588 :: 		
0x0338	0xB000      	BTFSC       R0, 0, 0
;__Lib_Math.c,1589 :: 		
0x033A	0xD00E      	BRA         UOK22L
;__Lib_Math.c,1590 :: 		
0x033C	0x5004      	MOVF        R4, 0, 0
;__Lib_Math.c,1591 :: 		
0x033E	0x2608      	ADDWF       R8, 1, 0
;__Lib_Math.c,1592 :: 		
0x0340	0x5005      	MOVF        R5, 0, 0
;__Lib_Math.c,1593 :: 		
0x0342	0xB0D8      	BTFSC       STATUS, 0, 0
;__Lib_Math.c,1594 :: 		
0x0344	0x3C05      	INCFSZ      R5, 0, 0
;__Lib_Math.c,1595 :: 		
0x0346	0x2609      	ADDWF       R9, 1, 0
;__Lib_Math.c,1596 :: 		
0x0348	0x5006      	MOVF        R6, 0, 0
;__Lib_Math.c,1597 :: 		
0x034A	0xB0D8      	BTFSC       STATUS, 0, 0
;__Lib_Math.c,1598 :: 		
0x034C	0x3C06      	INCFSZ      R6, 0, 0
;__Lib_Math.c,1599 :: 		
0x034E	0x260A      	ADDWF       R10, 1, 0
;__Lib_Math.c,1600 :: 		
0x0350	0x5007      	MOVF        R7, 0, 0
;__Lib_Math.c,1601 :: 		
0x0352	0xB0D8      	BTFSC       STATUS, 0, 0
;__Lib_Math.c,1602 :: 		
0x0354	0x3C07      	INCFSZ      R7, 0, 0
;__Lib_Math.c,1603 :: 		
0x0356	0x260B      	ADDWF       R11, 1, 0
;__Lib_Math.c,1605 :: 		
UOK22L:
;__Lib_Math.c,1607 :: 		
L_end_Div_32x32_U:
0x0358	0x0012      	RETURN      0
; end of _Div_32x32_U
_Div_16x16_S_L:
;__Lib_Math.c,139 :: 		
;__Lib_Math.c,146 :: 		
0x035A	0x3401      	RLCF        R1, 0, 0
;__Lib_Math.c,147 :: 		
0x035C	0x3608      	RLCF        R8, 1, 0
;__Lib_Math.c,148 :: 		
0x035E	0x3609      	RLCF        R9, 1, 0
;__Lib_Math.c,149 :: 		
0x0360	0x5004      	MOVF        R4, 0, 0
;__Lib_Math.c,150 :: 		
0x0362	0x5E08      	SUBWF       R8, 1, 0
;__Lib_Math.c,151 :: 		
0x0364	0x5005      	MOVF        R5, 0, 0
;__Lib_Math.c,152 :: 		
0x0366	0xA0D8      	BTFSS       STATUS, 0, 0
;__Lib_Math.c,153 :: 		
0x0368	0x3C05      	INCFSZ      R5, 0, 0
;__Lib_Math.c,154 :: 		
0x036A	0x5E09      	SUBWF       R9, 1, 0
;__Lib_Math.c,155 :: 		
0x036C	0x3600      	RLCF        R0, 1, 0
;__Lib_Math.c,156 :: 		
0x036E	0x3601      	RLCF        R1, 1, 0
;__Lib_Math.c,158 :: 		
0x0370	0x0E0F      	MOVLW       15
;__Lib_Math.c,159 :: 		
0x0372	0x6E0C      	MOVWF       R12, 0
;__Lib_Math.c,161 :: 		
0x0374	0x3401      	RLCF        R1, 0, 0
;__Lib_Math.c,162 :: 		
0x0376	0x3608      	RLCF        R8, 1, 0
;__Lib_Math.c,163 :: 		
0x0378	0x3609      	RLCF        R9, 1, 0
;__Lib_Math.c,164 :: 		
0x037A	0x5004      	MOVF        R4, 0, 0
;__Lib_Math.c,166 :: 		
0x037C	0xA000      	BTFSS       R0, 0, 0
;__Lib_Math.c,167 :: 		
0x037E	0xD006      	BRA         $+14
;__Lib_Math.c,168 :: 		
0x0380	0x5E08      	SUBWF       R8, 1, 0
;__Lib_Math.c,169 :: 		
0x0382	0x5005      	MOVF        R5, 0, 0
;__Lib_Math.c,170 :: 		
0x0384	0xA0D8      	BTFSS       STATUS, 0, 0
;__Lib_Math.c,171 :: 		
0x0386	0x3C05      	INCFSZ      R5, 0, 0
;__Lib_Math.c,172 :: 		
0x0388	0x5E09      	SUBWF       R9, 1, 0
;__Lib_Math.c,173 :: 		
0x038A	0xD005      	BRA         $+12
;__Lib_Math.c,175 :: 		
0x038C	0x2608      	ADDWF       R8, 1, 0
;__Lib_Math.c,176 :: 		
0x038E	0x5005      	MOVF        R5, 0, 0
;__Lib_Math.c,177 :: 		
0x0390	0xB0D8      	BTFSC       STATUS, 0, 0
;__Lib_Math.c,178 :: 		
0x0392	0x3C05      	INCFSZ      R5, 0, 0
;__Lib_Math.c,179 :: 		
0x0394	0x2609      	ADDWF       R9, 1, 0
;__Lib_Math.c,181 :: 		
0x0396	0x3600      	RLCF        R0, 1, 0
;__Lib_Math.c,182 :: 		
0x0398	0x3601      	RLCF        R1, 1, 0
;__Lib_Math.c,184 :: 		
0x039A	0x2E0C      	DECFSZ      R12, 1, 0
;__Lib_Math.c,185 :: 		
0x039C	0xD7EB      	BRA         $-40
;__Lib_Math.c,187 :: 		
0x039E	0xB000      	BTFSC       R0, 0, 0
;__Lib_Math.c,188 :: 		
0x03A0	0xD006      	BRA         $+14
;__Lib_Math.c,189 :: 		
0x03A2	0x5004      	MOVF        R4, 0, 0
;__Lib_Math.c,190 :: 		
0x03A4	0x2608      	ADDWF       R8, 1, 0
;__Lib_Math.c,191 :: 		
0x03A6	0x5005      	MOVF        R5, 0, 0
;__Lib_Math.c,192 :: 		
0x03A8	0xB0D8      	BTFSC       STATUS, 0, 0
;__Lib_Math.c,193 :: 		
0x03AA	0x3C05      	INCFSZ      R5, 0, 0
;__Lib_Math.c,194 :: 		
0x03AC	0x2609      	ADDWF       R9, 1, 0
;__Lib_Math.c,195 :: 		
0x03AE	0x0000      	NOP
;__Lib_Math.c,197 :: 		
L_end_Div_16x16_S_L:
0x03B0	0x0012      	RETURN      0
; end of _Div_16x16_S_L
_Get_Fosc_kHz:
;__Lib_Delays.c,1 :: 		unsigned long Get_Fosc_kHz(){
;__Lib_Delays.c,3 :: 		return Clock_kHz();
0x03B2	0x0E80      	MOVLW       128
0x03B4	0x6E00      	MOVWF       R0 
0x03B6	0x0EBB      	MOVLW       187
0x03B8	0x6E01      	MOVWF       R1 
0x03BA	0x0E00      	MOVLW       0
0x03BC	0x6E02      	MOVWF       R2 
0x03BE	0x6E03      	MOVWF       R3 
;__Lib_Delays.c,5 :: 		}
L_end_Get_Fosc_kHz:
0x03C0	0x0012      	RETURN      0
; end of _Get_Fosc_kHz
_Div_16X16_U:
;__Lib_Math.c,102 :: 		
;__Lib_Math.c,109 :: 		
0x03C2	0x6A08      	CLRF        R8, 0
;__Lib_Math.c,110 :: 		
0x03C4	0x6A09      	CLRF        R9, 0
;__Lib_Math.c,111 :: 		
0x03C6	0x0E10      	MOVLW       16
;__Lib_Math.c,112 :: 		
0x03C8	0x6E0C      	MOVWF       R12, 0
;__Lib_Math.c,113 :: 		
0x03CA	0x3401      	RLCF        R1, 0, 0
;__Lib_Math.c,114 :: 		
0x03CC	0x3608      	RLCF        R8, 1, 0
;__Lib_Math.c,115 :: 		
0x03CE	0x3609      	RLCF        R9, 1, 0
;__Lib_Math.c,116 :: 		
0x03D0	0x5004      	MOVF        R4, 0, 0
;__Lib_Math.c,117 :: 		
0x03D2	0x5E08      	SUBWF       R8, 1, 0
;__Lib_Math.c,118 :: 		
0x03D4	0x5005      	MOVF        R5, 0, 0
;__Lib_Math.c,119 :: 		
0x03D6	0xA0D8      	BTFSS       STATUS, 0, 0
;__Lib_Math.c,120 :: 		
0x03D8	0x3C05      	INCFSZ      R5, 0, 0
;__Lib_Math.c,121 :: 		
0x03DA	0x5E09      	SUBWF       R9, 1, 0
;__Lib_Math.c,122 :: 		
0x03DC	0xB0D8      	BTFSC       STATUS, 0, 0
;__Lib_Math.c,123 :: 		
0x03DE	0xD007      	BRA         $+16
;__Lib_Math.c,124 :: 		
0x03E0	0x5004      	MOVF        R4, 0, 0
;__Lib_Math.c,125 :: 		
0x03E2	0x2608      	ADDWF       R8, 1, 0
;__Lib_Math.c,126 :: 		
0x03E4	0x5005      	MOVF        R5, 0, 0
;__Lib_Math.c,127 :: 		
0x03E6	0xB0D8      	BTFSC       STATUS, 0, 0
;__Lib_Math.c,128 :: 		
0x03E8	0x3C05      	INCFSZ      R5, 0, 0
;__Lib_Math.c,129 :: 		
0x03EA	0x2609      	ADDWF       R9, 1, 0
;__Lib_Math.c,130 :: 		
0x03EC	0x90D8      	BCF         STATUS, 0, 0
;__Lib_Math.c,131 :: 		
0x03EE	0x3600      	RLCF        R0, 1, 0
;__Lib_Math.c,132 :: 		
0x03F0	0x3601      	RLCF        R1, 1, 0
;__Lib_Math.c,133 :: 		
0x03F2	0x2E0C      	DECFSZ      R12, 1, 0
;__Lib_Math.c,134 :: 		
0x03F4	0xD7EA      	BRA         $-42
;__Lib_Math.c,136 :: 		
L_end_Div_16X16_U:
0x03F6	0x0012      	RETURN      0
; end of _Div_16X16_U
_myDelayMs:
;PicBot.c,73 :: 		void myDelayMs(int ms)
;PicBot.c,75 :: 		int i = 0;
0x03F8	0x0100      	MOVLB       0
0x03FA	0x6BEB      	CLRF        myDelayMs_i_L0, 1
0x03FC	0x6BEC      	CLRF        myDelayMs_i_L0+1, 1
;PicBot.c,76 :: 		for(i = 0; i <= ms; i++)
0x03FE	0x6BEB      	CLRF        myDelayMs_i_L0, 1
0x0400	0x6BEC      	CLRF        myDelayMs_i_L0+1, 1
L_myDelayMs0:
0x0402	0x0E80      	MOVLW       128
0x0404	0x19EA      	XORWF       FARG_myDelayMs_ms+1, 0, 1
0x0406	0x6E00      	MOVWF       R0 
0x0408	0x0E80      	MOVLW       128
0x040A	0x19EC      	XORWF       myDelayMs_i_L0+1, 0, 1
0x040C	0x5C00      	SUBWF       R0, 0 
0x040E	0xE102      	BNZ         L__myDelayMs55
0x0410	0x51EB      	MOVF        myDelayMs_i_L0, 0, 1
0x0412	0x5DE9      	SUBWF       FARG_myDelayMs_ms, 0, 1
L__myDelayMs55:
0x0414	0xE30C      	BNC         L_myDelayMs1
;PicBot.c,78 :: 		Delay_ms(1);
0x0416	0x0E10      	MOVLW       16
0x0418	0x6E0C      	MOVWF       R12, 0
0x041A	0x0E94      	MOVLW       148
0x041C	0x6E0D      	MOVWF       R13, 0
L_myDelayMs3:
0x041E	0x2E0D      	DECFSZ      R13, 1, 0
0x0420	0xD7FE      	BRA         L_myDelayMs3
0x0422	0x2E0C      	DECFSZ      R12, 1, 0
0x0424	0xD7FC      	BRA         L_myDelayMs3
0x0426	0x0000      	NOP
;PicBot.c,76 :: 		for(i = 0; i <= ms; i++)
0x0428	0x4BEB      	INFSNZ      myDelayMs_i_L0, 1, 1
0x042A	0x2BEC      	INCF        myDelayMs_i_L0+1, 1, 1
;PicBot.c,79 :: 		}
0x042C	0xD7EA      	BRA         L_myDelayMs0
L_myDelayMs1:
;PicBot.c,80 :: 		}
L_end_myDelayMs:
0x042E	0x0012      	RETURN      0
; end of _myDelayMs
_Delay_Cyc:
;__Lib_Delays.c,105 :: 		void Delay_Cyc(char cycles_div_by_10)  { // Cycles_div_by_10: min 3, max 255
;__Lib_Delays.c,106 :: 		--cycles_div_by_10;
0x0430	0x0100      	MOVLB       0
0x0432	0x07E9      	DECF        FARG_Delay_Cyc_cycles_div_by_10, 1, 1
;__Lib_Delays.c,107 :: 		--cycles_div_by_10;
0x0434	0x07E9      	DECF        FARG_Delay_Cyc_cycles_div_by_10, 1, 1
;__Lib_Delays.c,108 :: 		while (cycles_div_by_10-- > 0) {
L_Delay_Cyc22:
0x0436	0xF001C0E9  	MOVFF       FARG_Delay_Cyc_cycles_div_by_10, R1
0x043A	0x07E9      	DECF        FARG_Delay_Cyc_cycles_div_by_10, 1, 1
0x043C	0x5001      	MOVF        R1, 0 
0x043E	0x0800      	SUBLW       0
0x0440	0xE203      	BC          L_Delay_Cyc23
;__Lib_Delays.c,110 :: 		NOP
0x0442	0x0000      	NOP
;__Lib_Delays.c,111 :: 		NOP
0x0444	0x0000      	NOP
;__Lib_Delays.c,113 :: 		}
0x0446	0xD7F7      	BRA         L_Delay_Cyc22
L_Delay_Cyc23:
;__Lib_Delays.c,115 :: 		NOP
0x0448	0x0000      	NOP
;__Lib_Delays.c,116 :: 		NOP
0x044A	0x0000      	NOP
;__Lib_Delays.c,117 :: 		NOP
0x044C	0x0000      	NOP
;__Lib_Delays.c,118 :: 		NOP
0x044E	0x0000      	NOP
;__Lib_Delays.c,119 :: 		NOP
0x0450	0x0000      	NOP
;__Lib_Delays.c,121 :: 		}
L_end_Delay_Cyc:
0x0452	0x0012      	RETURN      0
; end of _Delay_Cyc
_Sound_Play:
;__Lib_Sound.c,28 :: 		
;__Lib_Sound.c,32 :: 		
0x0454	0xDFAE      	RCALL       _Get_Fosc_kHz
0x0456	0x0EE8      	MOVLW       232
0x0458	0x6E04      	MOVWF       R4 
0x045A	0x0E03      	MOVLW       3
0x045C	0x6E05      	MOVWF       R5 
0x045E	0x0E00      	MOVLW       0
0x0460	0x6E06      	MOVWF       R6 
0x0462	0x6E07      	MOVWF       R7 
0x0464	0xDDDB      	RCALL       _Mul_32x32_U
0x0466	0xF0E5C000  	MOVFF       R0, Sound_Play_per_nc_L0
0x046A	0xF0E6C001  	MOVFF       R1, Sound_Play_per_nc_L0+1
0x046E	0xF0E7C002  	MOVFF       R2, Sound_Play_per_nc_L0+2
0x0472	0xF0E8C003  	MOVFF       R3, Sound_Play_per_nc_L0+3
;__Lib_Sound.c,33 :: 		
0x0476	0xF004C0DD  	MOVFF       FARG_Sound_Play_freq_in_hz, R4
0x047A	0xF005C0DE  	MOVFF       FARG_Sound_Play_freq_in_hz+1, R5
0x047E	0x0E00      	MOVLW       0
0x0480	0x6E06      	MOVWF       R6 
0x0482	0x6E07      	MOVWF       R7 
0x0484	0xDDF4      	RCALL       _Div_32x32_U
0x0486	0xF0E5C000  	MOVFF       R0, Sound_Play_per_nc_L0
0x048A	0xF0E6C001  	MOVFF       R1, Sound_Play_per_nc_L0+1
0x048E	0xF0E7C002  	MOVFF       R2, Sound_Play_per_nc_L0+2
0x0492	0xF0E8C003  	MOVFF       R3, Sound_Play_per_nc_L0+3
;__Lib_Sound.c,34 :: 		
0x0496	0xF005C000  	MOVFF       R0, R5
0x049A	0xF006C001  	MOVFF       R1, R6
0x049E	0xF007C002  	MOVFF       R2, R7
0x04A2	0xF008C003  	MOVFF       R3, R8
0x04A6	0x3208      	RRCF        R8, 1 
0x04A8	0x3207      	RRCF        R7, 1 
0x04AA	0x3206      	RRCF        R6, 1 
0x04AC	0x3205      	RRCF        R5, 1 
0x04AE	0x9E08      	BCF         R8, 7 
0x04B0	0x3208      	RRCF        R8, 1 
0x04B2	0x3207      	RRCF        R7, 1 
0x04B4	0x3206      	RRCF        R6, 1 
0x04B6	0x3205      	RRCF        R5, 1 
0x04B8	0x9E08      	BCF         R8, 7 
0x04BA	0xF000C005  	MOVFF       R5, R0
0x04BE	0xF001C006  	MOVFF       R6, R1
0x04C2	0xF002C007  	MOVFF       R7, R2
0x04C6	0xF003C008  	MOVFF       R8, R3
0x04CA	0x3203      	RRCF        R3, 1 
0x04CC	0x3202      	RRCF        R2, 1 
0x04CE	0x3201      	RRCF        R1, 1 
0x04D0	0x3200      	RRCF        R0, 1 
0x04D2	0x9E03      	BCF         R3, 7 
0x04D4	0xF0E1C000  	MOVFF       R0, Sound_Play_nc_L0
0x04D8	0xF0E2C001  	MOVFF       R1, Sound_Play_nc_L0+1
;__Lib_Sound.c,37 :: 		
0x04DC	0xDF6A      	RCALL       _Get_Fosc_kHz
0x04DE	0xF004C0DF  	MOVFF       FARG_Sound_Play_duration_ms, R4
0x04E2	0xF005C0E0  	MOVFF       FARG_Sound_Play_duration_ms+1, R5
0x04E6	0x0E00      	MOVLW       0
0x04E8	0x6E06      	MOVWF       R6 
0x04EA	0x6E07      	MOVWF       R7 
0x04EC	0xDD97      	RCALL       _Mul_32x32_U
0x04EE	0xF009C0E1  	MOVFF       Sound_Play_nc_L0, R9
0x04F2	0xF00AC0E2  	MOVFF       Sound_Play_nc_L0+1, R10
0x04F6	0x0E00      	MOVLW       0
0x04F8	0x6E0B      	MOVWF       R11 
0x04FA	0x6E0C      	MOVWF       R12 
0x04FC	0x0E03      	MOVLW       3
0x04FE	0x6E08      	MOVWF       R8 
0x0500	0xF004C009  	MOVFF       R9, R4
0x0504	0xF005C00A  	MOVFF       R10, R5
0x0508	0xF006C00B  	MOVFF       R11, R6
0x050C	0xF007C00C  	MOVFF       R12, R7
0x0510	0x5008      	MOVF        R8, 0 
L__Sound_Play15:
0x0512	0xE007      	BZ          L__Sound_Play16
0x0514	0x3604      	RLCF        R4, 1 
0x0516	0x9004      	BCF         R4, 0 
0x0518	0x3605      	RLCF        R5, 1 
0x051A	0x3606      	RLCF        R6, 1 
0x051C	0x3607      	RLCF        R7, 1 
0x051E	0x0FFF      	ADDLW       255
0x0520	0xD7F8      	BRA         L__Sound_Play15
L__Sound_Play16:
0x0522	0xDDA5      	RCALL       _Div_32x32_U
0x0524	0xF0E5C000  	MOVFF       R0, Sound_Play_per_nc_L0
0x0528	0xF0E6C001  	MOVFF       R1, Sound_Play_per_nc_L0+1
0x052C	0xF0E7C002  	MOVFF       R2, Sound_Play_per_nc_L0+2
0x0530	0xF0E8C003  	MOVFF       R3, Sound_Play_per_nc_L0+3
;__Lib_Sound.c,39 :: 		
0x0534	0x0E0A      	MOVLW       10
0x0536	0x6E04      	MOVWF       R4 
0x0538	0x0E00      	MOVLW       0
0x053A	0x6E05      	MOVWF       R5 
0x053C	0xF000C0E1  	MOVFF       Sound_Play_nc_L0, R0
0x0540	0xF001C0E2  	MOVFF       Sound_Play_nc_L0+1, R1
0x0544	0xDF3E      	RCALL       _Div_16X16_U
0x0546	0xF0E1C000  	MOVFF       R0, Sound_Play_nc_L0
0x054A	0xF0E2C001  	MOVFF       R1, Sound_Play_nc_L0+1
;__Lib_Sound.c,40 :: 		
0x054E	0x0E00      	MOVLW       0
0x0550	0x5C01      	SUBWF       R1, 0 
0x0552	0xE102      	BNZ         L__Sound_Play17
0x0554	0x0E03      	MOVLW       3
0x0556	0x5C00      	SUBWF       R0, 0 
L__Sound_Play17:
0x0558	0xE201      	BC          L_Sound_Play0
0x055A	0xD042      	BRA         L_end_Sound_Play
L_Sound_Play0:
;__Lib_Sound.c,41 :: 		
0x055C	0xFFE9C0D1  	MOVFF       __Lib_Sound_soundPortAddr, FSR0
0x0560	0xFFEAC0D2  	MOVFF       __Lib_Sound_soundPortAddr+1, FSR0+1
;__Lib_Sound.c,42 :: 		
L_Sound_Play1:
0x0564	0x0100      	MOVLB       0
0x0566	0x51E8      	MOVF        Sound_Play_per_nc_L0+3, 0, 1
0x0568	0x0800      	SUBLW       0
0x056A	0xE108      	BNZ         L__Sound_Play18
0x056C	0x51E7      	MOVF        Sound_Play_per_nc_L0+2, 0, 1
0x056E	0x0800      	SUBLW       0
0x0570	0xE105      	BNZ         L__Sound_Play18
0x0572	0x51E6      	MOVF        Sound_Play_per_nc_L0+1, 0, 1
0x0574	0x0800      	SUBLW       0
0x0576	0xE102      	BNZ         L__Sound_Play18
0x0578	0x51E5      	MOVF        Sound_Play_per_nc_L0, 0, 1
0x057A	0x0800      	SUBLW       0
L__Sound_Play18:
0x057C	0xE22F      	BC          L_Sound_Play2
;__Lib_Sound.c,44 :: 		
0x057E	0x51D3      	MOVF        __Lib_Sound_pinMask1, 0, 1
0x0580	0x12EF      	IORWF       INDF0, 1 
;__Lib_Sound.c,46 :: 		
0x0582	0x53E2      	MOVF        Sound_Play_nc_L0+1, 1, 1
0x0584	0xE00D      	BZ          L_Sound_Play3
;__Lib_Sound.c,47 :: 		
0x0586	0x6BE3      	CLRF        Sound_Play_i_L0, 1
0x0588	0x6BE4      	CLRF        Sound_Play_i_L0+1, 1
L_Sound_Play4:
0x058A	0x0E00      	MOVLW       0
0x058C	0x5DE4      	SUBWF       Sound_Play_i_L0+1, 0, 1
0x058E	0xE102      	BNZ         L__Sound_Play19
0x0590	0x51E2      	MOVF        Sound_Play_nc_L0+1, 0, 1
0x0592	0x5DE3      	SUBWF       Sound_Play_i_L0, 0, 1
L__Sound_Play19:
0x0594	0xE205      	BC          L_Sound_Play5
;__Lib_Sound.c,48 :: 		
0x0596	0x6BE9      	CLRF        FARG_Delay_Cyc_cycles_div_by_10, 1
0x0598	0xDF4B      	RCALL       _Delay_Cyc
;__Lib_Sound.c,47 :: 		
0x059A	0x4BE3      	INFSNZ      Sound_Play_i_L0, 1, 1
0x059C	0x2BE4      	INCF        Sound_Play_i_L0+1, 1, 1
;__Lib_Sound.c,49 :: 		
0x059E	0xD7F5      	BRA         L_Sound_Play4
L_Sound_Play5:
;__Lib_Sound.c,50 :: 		
L_Sound_Play3:
;__Lib_Sound.c,51 :: 		
0x05A0	0xF0E9C0E1  	MOVFF       Sound_Play_nc_L0, FARG_Delay_Cyc_cycles_div_by_10
0x05A4	0xDF45      	RCALL       _Delay_Cyc
;__Lib_Sound.c,54 :: 		
0x05A6	0x51D4      	MOVF        __Lib_Sound_pinMask0, 0, 1
0x05A8	0x16EF      	ANDWF       INDF0, 1 
;__Lib_Sound.c,56 :: 		
0x05AA	0x53E2      	MOVF        Sound_Play_nc_L0+1, 1, 1
0x05AC	0xE00D      	BZ          L_Sound_Play7
;__Lib_Sound.c,57 :: 		
0x05AE	0x6BE3      	CLRF        Sound_Play_i_L0, 1
0x05B0	0x6BE4      	CLRF        Sound_Play_i_L0+1, 1
L_Sound_Play8:
0x05B2	0x0E00      	MOVLW       0
0x05B4	0x5DE4      	SUBWF       Sound_Play_i_L0+1, 0, 1
0x05B6	0xE102      	BNZ         L__Sound_Play20
0x05B8	0x51E2      	MOVF        Sound_Play_nc_L0+1, 0, 1
0x05BA	0x5DE3      	SUBWF       Sound_Play_i_L0, 0, 1
L__Sound_Play20:
0x05BC	0xE205      	BC          L_Sound_Play9
;__Lib_Sound.c,58 :: 		
0x05BE	0x6BE9      	CLRF        FARG_Delay_Cyc_cycles_div_by_10, 1
0x05C0	0xDF37      	RCALL       _Delay_Cyc
;__Lib_Sound.c,57 :: 		
0x05C2	0x4BE3      	INFSNZ      Sound_Play_i_L0, 1, 1
0x05C4	0x2BE4      	INCF        Sound_Play_i_L0+1, 1, 1
;__Lib_Sound.c,59 :: 		
0x05C6	0xD7F5      	BRA         L_Sound_Play8
L_Sound_Play9:
;__Lib_Sound.c,60 :: 		
L_Sound_Play7:
;__Lib_Sound.c,61 :: 		
0x05C8	0xF0E9C0E1  	MOVFF       Sound_Play_nc_L0, FARG_Delay_Cyc_cycles_div_by_10
0x05CC	0xDF31      	RCALL       _Delay_Cyc
;__Lib_Sound.c,63 :: 		
0x05CE	0x0E01      	MOVLW       1
0x05D0	0x5FE5      	SUBWF       Sound_Play_per_nc_L0, 1, 1
0x05D2	0x0E00      	MOVLW       0
0x05D4	0x5BE6      	SUBWFB      Sound_Play_per_nc_L0+1, 1, 1
0x05D6	0x5BE7      	SUBWFB      Sound_Play_per_nc_L0+2, 1, 1
0x05D8	0x5BE8      	SUBWFB      Sound_Play_per_nc_L0+3, 1, 1
;__Lib_Sound.c,65 :: 		
0x05DA	0xD7C4      	BRA         L_Sound_Play1
L_Sound_Play2:
;__Lib_Sound.c,66 :: 		
0x05DC	0x51D4      	MOVF        __Lib_Sound_pinMask0, 0, 1
0x05DE	0x16EF      	ANDWF       INDF0, 1 
;__Lib_Sound.c,67 :: 		
L_end_Sound_Play:
0x05E0	0x0012      	RETURN      0
; end of _Sound_Play
_piscaLedsMs:
;PicBot.c,82 :: 		void piscaLedsMs(int ms)
;PicBot.c,84 :: 		int meio = 0;
0x05E2	0x0100      	MOVLB       0
0x05E4	0x6BDF      	CLRF        piscaLedsMs_meio_L0, 1
0x05E6	0x6BE0      	CLRF        piscaLedsMs_meio_L0+1, 1
;PicBot.c,85 :: 		meio = ms/2;
0x05E8	0xF000C0DD  	MOVFF       FARG_piscaLedsMs_ms, R0
0x05EC	0xF001C0DE  	MOVFF       FARG_piscaLedsMs_ms+1, R1
0x05F0	0x3201      	RRCF        R1, 1 
0x05F2	0x3200      	RRCF        R0, 1 
0x05F4	0x9E01      	BCF         R1, 7 
0x05F6	0xBC01      	BTFSC       R1, 6 
0x05F8	0x8E01      	BSF         R1, 7 
0x05FA	0xAE01      	BTFSS       R1, 7 
0x05FC	0xD003      	BRA         L__piscaLedsMs57
0x05FE	0xE302      	BNC         L__piscaLedsMs57
0x0600	0x4A00      	INFSNZ      R0, 1 
0x0602	0x2A01      	INCF        R1, 1 
L__piscaLedsMs57:
0x0604	0xF0DFC000  	MOVFF       R0, piscaLedsMs_meio_L0
0x0608	0xF0E0C001  	MOVFF       R1, piscaLedsMs_meio_L0+1
;PicBot.c,87 :: 		LED_VERMELHO = 1;
0x060C	0x8082      	BSF         RC0_bit, BitPos(RC0_bit+0) 
;PicBot.c,88 :: 		LED_VERDE = 1;
0x060E	0x8282      	BSF         RC1_bit, BitPos(RC1_bit+0) 
;PicBot.c,89 :: 		LED_AZUL = 1;
0x0610	0x8482      	BSF         RC2_bit, BitPos(RC2_bit+0) 
;PicBot.c,90 :: 		myDelayMs(meio);
0x0612	0xF0E9C000  	MOVFF       R0, FARG_myDelayMs_ms
0x0616	0xF0EAC001  	MOVFF       R1, FARG_myDelayMs_ms+1
0x061A	0xDEEE      	RCALL       _myDelayMs
;PicBot.c,92 :: 		LED_VERMELHO = 0;
0x061C	0x9082      	BCF         RC0_bit, BitPos(RC0_bit+0) 
;PicBot.c,93 :: 		LED_VERDE = 0;
0x061E	0x9282      	BCF         RC1_bit, BitPos(RC1_bit+0) 
;PicBot.c,94 :: 		LED_AZUL = 0;
0x0620	0x9482      	BCF         RC2_bit, BitPos(RC2_bit+0) 
;PicBot.c,95 :: 		myDelayMs(meio);
0x0622	0xF0E9C0DF  	MOVFF       piscaLedsMs_meio_L0, FARG_myDelayMs_ms
0x0626	0xF0EAC0E0  	MOVFF       piscaLedsMs_meio_L0+1, FARG_myDelayMs_ms+1
0x062A	0xDEE6      	RCALL       _myDelayMs
;PicBot.c,96 :: 		}
L_end_piscaLedsMs:
0x062C	0x0012      	RETURN      0
; end of _piscaLedsMs
_Mul_16X16_U:
;__Lib_Math.c,440 :: 		
;__Lib_Math.c,447 :: 		
0x062E	0x6A0B      	CLRF        R11, 0
;__Lib_Math.c,448 :: 		
0x0630	0x6A0A      	CLRF        R10, 0
;__Lib_Math.c,449 :: 		
0x0632	0x6A09      	CLRF        R9, 0
;__Lib_Math.c,450 :: 		
0x0634	0x5000      	MOVF        R0, 0, 0
;__Lib_Math.c,451 :: 		
0x0636	0x0204      	MULWF       R4, 0
;__Lib_Math.c,453 :: 		
0x0638	0xF009CFF4  	MOVFF       PRODH, R9
;__Lib_Math.c,454 :: 		
0x063C	0xF008CFF3  	MOVFF       PRODL, R8
;__Lib_Math.c,455 :: 		
0x0640	0x5001      	MOVF        R1, 0, 0
;__Lib_Math.c,456 :: 		
0x0642	0x0205      	MULWF       R5, 0
;__Lib_Math.c,458 :: 		
0x0644	0xF00BCFF4  	MOVFF       PRODH, R11
;__Lib_Math.c,459 :: 		
0x0648	0xF00ACFF3  	MOVFF       PRODL, R10
;__Lib_Math.c,460 :: 		
0x064C	0x5000      	MOVF        R0, 0, 0
;__Lib_Math.c,461 :: 		
0x064E	0x0205      	MULWF       R5, 0
;__Lib_Math.c,463 :: 		
0x0650	0x50F3      	MOVF        PRODL, 0, 0
;__Lib_Math.c,464 :: 		
0x0652	0x2609      	ADDWF       R9, 1, 0
;__Lib_Math.c,465 :: 		
0x0654	0x50F4      	MOVF        PRODH, 0, 0
;__Lib_Math.c,466 :: 		
0x0656	0x220A      	ADDWFC      R10, 1, 0
;__Lib_Math.c,467 :: 		
0x0658	0x6AE8      	CLRF        WREG, 0
;__Lib_Math.c,468 :: 		
0x065A	0x220B      	ADDWFC      R11, 1, 0
;__Lib_Math.c,469 :: 		
0x065C	0x5001      	MOVF        R1, 0, 0
;__Lib_Math.c,470 :: 		
0x065E	0x0204      	MULWF       R4, 0
;__Lib_Math.c,472 :: 		
0x0660	0x50F3      	MOVF        PRODL, 0, 0
;__Lib_Math.c,473 :: 		
0x0662	0x2609      	ADDWF       R9, 1, 0
;__Lib_Math.c,474 :: 		
0x0664	0x50F4      	MOVF        PRODH, 0, 0
;__Lib_Math.c,475 :: 		
0x0666	0x220A      	ADDWFC      R10, 1, 0
;__Lib_Math.c,476 :: 		
0x0668	0x6AE8      	CLRF        WREG, 0
;__Lib_Math.c,477 :: 		
0x066A	0x220B      	ADDWFC      R11, 1, 0
;__Lib_Math.c,479 :: 		
0x066C	0xF000C008  	MOVFF       R8, R0
;__Lib_Math.c,480 :: 		
0x0670	0xF001C009  	MOVFF       R9, R1
;__Lib_Math.c,481 :: 		
0x0674	0xF002C00A  	MOVFF       R10, R2
;__Lib_Math.c,482 :: 		
0x0678	0xF003C00B  	MOVFF       R11, R3
;__Lib_Math.c,485 :: 		
L_end_Mul_16X16_U:
0x067C	0x0012      	RETURN      0
; end of _Mul_16X16_U
_Sound_Init:
;__Lib_Sound.c,11 :: 		
;__Lib_Sound.c,13 :: 		
0x067E	0xF0D1C0DD  	MOVFF       FARG_Sound_Init_snd_port, __Lib_Sound_soundPortAddr
0x0682	0xF0D2C0DE  	MOVFF       FARG_Sound_Init_snd_port+1, __Lib_Sound_soundPortAddr+1
;__Lib_Sound.c,15 :: 		
0x0686	0xF001C0DF  	MOVFF       FARG_Sound_Init_snd_pin, R1
0x068A	0x0E01      	MOVLW       1
0x068C	0x6E00      	MOVWF       R0 
0x068E	0x5001      	MOVF        R1, 0 
L__Sound_Init12:
0x0690	0xE004      	BZ          L__Sound_Init13
0x0692	0x3600      	RLCF        R0, 1 
0x0694	0x9000      	BCF         R0, 0 
0x0696	0x0FFF      	ADDLW       255
0x0698	0xD7FB      	BRA         L__Sound_Init12
L__Sound_Init13:
0x069A	0xF0D3C000  	MOVFF       R0, __Lib_Sound_pinMask1
;__Lib_Sound.c,16 :: 		
0x069E	0x1E00      	COMF        R0, 1 
0x06A0	0xF0D4C000  	MOVFF       R0, __Lib_Sound_pinMask0
;__Lib_Sound.c,20 :: 		
0x06A4	0x0E12      	MOVLW       18
0x06A6	0x0100      	MOVLB       0
0x06A8	0x25DD      	ADDWF       FARG_Sound_Init_snd_port, 0, 1
0x06AA	0x6EE9      	MOVWF       FSR0 
0x06AC	0x0E00      	MOVLW       0
0x06AE	0x21DE      	ADDWFC      FARG_Sound_Init_snd_port+1, 0, 1
0x06B0	0x6EEA      	MOVWF       FSR0+1 
;__Lib_Sound.c,21 :: 		
0x06B2	0x5000      	MOVF        R0, 0 
0x06B4	0x16EF      	ANDWF       INDF0, 1 
;__Lib_Sound.c,23 :: 		
0x06B6	0x0E12      	MOVLW       18
0x06B8	0x5EE9      	SUBWF       FSR0L, 1 
;__Lib_Sound.c,24 :: 		
0x06BA	0x5000      	MOVF        R0, 0 
0x06BC	0x16EF      	ANDWF       INDF0, 1 
;__Lib_Sound.c,25 :: 		
L_end_Sound_Init:
0x06BE	0x0012      	RETURN      0
; end of _Sound_Init
_DoNotPiscaLedsMs:
;PicBot.c,99 :: 		void DoNotPiscaLedsMs(int ms)
;PicBot.c,101 :: 		int meio = 0;
0x06C0	0x0100      	MOVLB       0
0x06C2	0x6BDF      	CLRF        DoNotPiscaLedsMs_meio_L0, 1
0x06C4	0x6BE0      	CLRF        DoNotPiscaLedsMs_meio_L0+1, 1
;PicBot.c,102 :: 		meio = ms/2;
0x06C6	0xF000C0DD  	MOVFF       FARG_DoNotPiscaLedsMs_ms, R0
0x06CA	0xF001C0DE  	MOVFF       FARG_DoNotPiscaLedsMs_ms+1, R1
0x06CE	0x3201      	RRCF        R1, 1 
0x06D0	0x3200      	RRCF        R0, 1 
0x06D2	0x9E01      	BCF         R1, 7 
0x06D4	0xBC01      	BTFSC       R1, 6 
0x06D6	0x8E01      	BSF         R1, 7 
0x06D8	0xAE01      	BTFSS       R1, 7 
0x06DA	0xD003      	BRA         L__DoNotPiscaLedsMs59
0x06DC	0xE302      	BNC         L__DoNotPiscaLedsMs59
0x06DE	0x4A00      	INFSNZ      R0, 1 
0x06E0	0x2A01      	INCF        R1, 1 
L__DoNotPiscaLedsMs59:
0x06E2	0xF0DFC000  	MOVFF       R0, DoNotPiscaLedsMs_meio_L0
0x06E6	0xF0E0C001  	MOVFF       R1, DoNotPiscaLedsMs_meio_L0+1
;PicBot.c,104 :: 		LED_VERMELHO = 0;
0x06EA	0x9082      	BCF         RC0_bit, BitPos(RC0_bit+0) 
;PicBot.c,105 :: 		LED_VERDE = 0;
0x06EC	0x9282      	BCF         RC1_bit, BitPos(RC1_bit+0) 
;PicBot.c,106 :: 		LED_AZUL = 0;
0x06EE	0x9482      	BCF         RC2_bit, BitPos(RC2_bit+0) 
;PicBot.c,107 :: 		myDelayMs(meio);
0x06F0	0xF0E9C000  	MOVFF       R0, FARG_myDelayMs_ms
0x06F4	0xF0EAC001  	MOVFF       R1, FARG_myDelayMs_ms+1
0x06F8	0xDE7F      	RCALL       _myDelayMs
;PicBot.c,109 :: 		LED_VERMELHO = 0;
0x06FA	0x9082      	BCF         RC0_bit, BitPos(RC0_bit+0) 
;PicBot.c,110 :: 		LED_VERDE = 0;
0x06FC	0x9282      	BCF         RC1_bit, BitPos(RC1_bit+0) 
;PicBot.c,111 :: 		LED_AZUL = 0;
0x06FE	0x9482      	BCF         RC2_bit, BitPos(RC2_bit+0) 
;PicBot.c,112 :: 		myDelayMs(meio);
0x0700	0xF0E9C0DF  	MOVFF       DoNotPiscaLedsMs_meio_L0, FARG_myDelayMs_ms
0x0704	0xF0EAC0E0  	MOVFF       DoNotPiscaLedsMs_meio_L0+1, FARG_myDelayMs_ms+1
0x0708	0xDE77      	RCALL       _myDelayMs
;PicBot.c,113 :: 		}
L_end_DoNotPiscaLedsMs:
0x070A	0x0012      	RETURN      0
; end of _DoNotPiscaLedsMs
_Div_16x16_S:
;__Lib_Math.c,200 :: 		
;__Lib_Math.c,208 :: 		
0x070C	0x5004      	MOVF        R4, 0 
0x070E	0x0A00      	XORLW       0
0x0710	0xE108      	BNZ         L_Div_16x16_S0
;__Lib_Math.c,209 :: 		
0x0712	0x5005      	MOVF        R5, 0 
0x0714	0x0A00      	XORLW       0
0x0716	0xE105      	BNZ         L_Div_16x16_S1
;__Lib_Math.c,210 :: 		
0x0718	0x0EFF      	MOVLW       255
0x071A	0x6E00      	MOVWF       R0 
;__Lib_Math.c,211 :: 		
0x071C	0x0E7F      	MOVLW       127
0x071E	0x6E01      	MOVWF       R1 
;__Lib_Math.c,212 :: 		
0x0720	0xD057      	BRA         L_end_Div_16x16_S
;__Lib_Math.c,213 :: 		
L_Div_16x16_S1:
L_Div_16x16_S0:
;__Lib_Math.c,216 :: 		
0x0722	0x6A0D      	CLRF        R13, 0
;__Lib_Math.c,217 :: 		
0x0724	0x6A09      	CLRF        R9, 0
;__Lib_Math.c,218 :: 		
0x0726	0x6A08      	CLRF        R8, 0
;__Lib_Math.c,219 :: 		
0x0728	0x5001      	MOVF        R1, 0, 0
;__Lib_Math.c,220 :: 		
0x072A	0x1000      	IORWF       R0, 0, 0
;__Lib_Math.c,221 :: 		
0x072C	0xB4D8      	BTFSC       STATUS, 2, 0
;__Lib_Math.c,222 :: 		
0x072E	0x0C00      	RETLW       0
;__Lib_Math.c,224 :: 		
0x0730	0x5001      	MOVF        R1, 0, 0
;__Lib_Math.c,225 :: 		
0x0732	0x1805      	XORWF       R5, 0, 0
;__Lib_Math.c,226 :: 		
0x0734	0x6E0A      	MOVWF       R10, 0
;__Lib_Math.c,227 :: 		
0x0736	0xBE0A      	BTFSC       R10, 7, 0
;__Lib_Math.c,228 :: 		
0x0738	0x1E0D      	COMF        R13, 1, 0
;__Lib_Math.c,230 :: 		
0x073A	0x6A0B      	CLRF        R11, 0
;__Lib_Math.c,232 :: 		
0x073C	0xAE05      	BTFSS       R5, 7, 0
;__Lib_Math.c,233 :: 		
0x073E	0xD005      	BRA         $+12
;__Lib_Math.c,235 :: 		
0x0740	0x1E04      	COMF        R4, 1, 0
;__Lib_Math.c,236 :: 		
0x0742	0x1E05      	COMF        R5, 1, 0
;__Lib_Math.c,237 :: 		
0x0744	0x2A04      	INCF        R4, 1, 0
;__Lib_Math.c,238 :: 		
0x0746	0xB4D8      	BTFSC       STATUS, 2, 0
;__Lib_Math.c,239 :: 		
0x0748	0x2A05      	INCF        R5, 1, 0
;__Lib_Math.c,241 :: 		
0x074A	0xAE01      	BTFSS       R1, 7, 0
;__Lib_Math.c,242 :: 		
0x074C	0xD005      	BRA         $+12
;__Lib_Math.c,244 :: 		
0x074E	0x1E00      	COMF        R0, 1, 0
;__Lib_Math.c,245 :: 		
0x0750	0x1E01      	COMF        R1, 1, 0
;__Lib_Math.c,246 :: 		
0x0752	0x2A00      	INCF        R0, 1, 0
;__Lib_Math.c,247 :: 		
0x0754	0xB4D8      	BTFSC       STATUS, 2, 0
;__Lib_Math.c,248 :: 		
0x0756	0x2A01      	INCF        R1, 1, 0
;__Lib_Math.c,250 :: 		
0x0758	0x5001      	MOVF        R1, 0, 0
;__Lib_Math.c,251 :: 		
0x075A	0x1005      	IORWF       R5, 0, 0
;__Lib_Math.c,252 :: 		
0x075C	0x6E0A      	MOVWF       R10, 0
;__Lib_Math.c,253 :: 		
0x075E	0xBE0A      	BTFSC       R10, 7, 0
;__Lib_Math.c,254 :: 		
0x0760	0xD010      	BRA         $+34
;__Lib_Math.c,256 :: 		
0x0762	0xDDFB      	RCALL       _Div_16x16_S_L
;__Lib_Math.c,258 :: 		
0x0764	0xB00B      	BTFSC       R11, 0, 0
;__Lib_Math.c,259 :: 		
0x0766	0xD020      	BRA         $+66
;__Lib_Math.c,261 :: 		
0x0768	0xAE0D      	BTFSS       R13, 7, 0
;__Lib_Math.c,262 :: 		
0x076A	0x0C00      	RETLW       0
;__Lib_Math.c,264 :: 		
0x076C	0x1E00      	COMF        R0, 1, 0
;__Lib_Math.c,265 :: 		
0x076E	0x1E01      	COMF        R1, 1, 0
;__Lib_Math.c,266 :: 		
0x0770	0x2A00      	INCF        R0, 1, 0
;__Lib_Math.c,267 :: 		
0x0772	0xB4D8      	BTFSC       STATUS, 2, 0
;__Lib_Math.c,268 :: 		
0x0774	0x2A01      	INCF        R1, 1, 0
;__Lib_Math.c,270 :: 		
0x0776	0x1E08      	COMF        R8, 1, 0
;__Lib_Math.c,271 :: 		
0x0778	0x1E09      	COMF        R9, 1, 0
;__Lib_Math.c,272 :: 		
0x077A	0x2A08      	INCF        R8, 1, 0
;__Lib_Math.c,273 :: 		
0x077C	0xB4D8      	BTFSC       STATUS, 2, 0
;__Lib_Math.c,274 :: 		
0x077E	0x2A09      	INCF        R9, 1, 0
;__Lib_Math.c,276 :: 		
0x0780	0x0C00      	RETLW       0
;__Lib_Math.c,278 :: 		
0x0782	0xAE05      	BTFSS       R5, 7, 0
;__Lib_Math.c,279 :: 		
0x0784	0xD00D      	BRA         $+28
;__Lib_Math.c,280 :: 		
0x0786	0xBE01      	BTFSC       R1, 7, 0
;__Lib_Math.c,281 :: 		
0x0788	0xD007      	BRA         $+16
;__Lib_Math.c,282 :: 		
0x078A	0x5001      	MOVF        R1, 0, 0
;__Lib_Math.c,283 :: 		
0x078C	0x6E09      	MOVWF       R9, 0
;__Lib_Math.c,284 :: 		
0x078E	0x5000      	MOVF        R0, 0, 0
;__Lib_Math.c,285 :: 		
0x0790	0x6E08      	MOVWF       R8, 0
;__Lib_Math.c,286 :: 		
0x0792	0x6A01      	CLRF        R1, 0
;__Lib_Math.c,287 :: 		
0x0794	0x6A00      	CLRF        R0, 0
;__Lib_Math.c,288 :: 		
0x0796	0xD7E8      	BRA         $-46
;__Lib_Math.c,289 :: 		
0x0798	0x6A01      	CLRF        R1, 0
;__Lib_Math.c,290 :: 		
0x079A	0x6A00      	CLRF        R0, 0
;__Lib_Math.c,291 :: 		
0x079C	0x2A00      	INCF        R0, 1, 0
;__Lib_Math.c,292 :: 		
0x079E	0x0C00      	RETLW       0
;__Lib_Math.c,294 :: 		
0x07A0	0x1E01      	COMF        R1, 1, 0
;__Lib_Math.c,295 :: 		
0x07A2	0x1E00      	COMF        R0, 1, 0
;__Lib_Math.c,296 :: 		
0x07A4	0x2A0B      	INCF        R11, 1, 0
;__Lib_Math.c,297 :: 		
0x07A6	0xD7DD      	BRA         $-68
;__Lib_Math.c,299 :: 		
0x07A8	0x2A08      	INCF        R8, 1, 0
;__Lib_Math.c,300 :: 		
0x07AA	0xB4D8      	BTFSC       STATUS, 2, 0
;__Lib_Math.c,301 :: 		
0x07AC	0x2A09      	INCF        R9, 1, 0
;__Lib_Math.c,302 :: 		
0x07AE	0x5004      	MOVF        R4, 0, 0
;__Lib_Math.c,303 :: 		
0x07B0	0x5C08      	SUBWF       R8, 0, 0
;__Lib_Math.c,304 :: 		
0x07B2	0xA4D8      	BTFSS       STATUS, 2, 0
;__Lib_Math.c,305 :: 		
0x07B4	0xD7D9      	BRA         $-76
;__Lib_Math.c,306 :: 		
0x07B6	0x5005      	MOVF        R5, 0, 0
;__Lib_Math.c,307 :: 		
0x07B8	0x5C09      	SUBWF       R9, 0, 0
;__Lib_Math.c,308 :: 		
0x07BA	0xA4D8      	BTFSS       STATUS, 2, 0
;__Lib_Math.c,309 :: 		
0x07BC	0xD7D5      	BRA         $-84
;__Lib_Math.c,310 :: 		
0x07BE	0x6A09      	CLRF        R9, 0
;__Lib_Math.c,311 :: 		
0x07C0	0x6A08      	CLRF        R8, 0
;__Lib_Math.c,312 :: 		
0x07C2	0x2A00      	INCF        R0, 1, 0
;__Lib_Math.c,313 :: 		
0x07C4	0xB4D8      	BTFSC       STATUS, 2, 0
;__Lib_Math.c,314 :: 		
0x07C6	0x2A01      	INCF        R1, 1, 0
;__Lib_Math.c,315 :: 		
0x07C8	0xAE01      	BTFSS       R1, 7, 0
;__Lib_Math.c,316 :: 		
0x07CA	0xD7CE      	BRA         $-98
;__Lib_Math.c,317 :: 		
0x07CC	0x0000      	NOP
;__Lib_Math.c,318 :: 		
0x07CE	0x0CFF      	RETLW       255
;__Lib_Math.c,320 :: 		
L_end_Div_16x16_S:
0x07D0	0x0012      	RETURN      0
; end of _Div_16x16_S
_ioPortsInit:
;PicBot.c,55 :: 		void ioPortsInit()
;PicBot.c,57 :: 		ADCON1 = 0x0F; //Configurando todas as portas como entradas/sadas digitais (desabilita canais analgicos).
0x07D2	0x0E0F      	MOVLW       15
0x07D4	0x6EC1      	MOVWF       ADCON1 
;PicBot.c,59 :: 		LED_VERMELHO_Direction = 0; //configurando porta RA0 como sada digital.
0x07D6	0x9094      	BCF         TRISC0_bit, BitPos(TRISC0_bit+0) 
;PicBot.c,60 :: 		LED_VERDE_Direction = 0; //configurando porta RA1 como sada digital.
0x07D8	0x9294      	BCF         TRISC1_bit, BitPos(TRISC1_bit+0) 
;PicBot.c,61 :: 		LED_AZUL_Direction = 0; //configurando porta RA2 como sada digital.
0x07DA	0x9494      	BCF         TRISC2_bit, BitPos(TRISC2_bit+0) 
;PicBot.c,64 :: 		LED_VERMELHO = 0;
0x07DC	0x9082      	BCF         RC0_bit, BitPos(RC0_bit+0) 
;PicBot.c,65 :: 		LED_VERDE = 0;
0x07DE	0x9282      	BCF         RC1_bit, BitPos(RC1_bit+0) 
;PicBot.c,66 :: 		LED_AZUL = 0;
0x07E0	0x9482      	BCF         RC2_bit, BitPos(RC2_bit+0) 
;PicBot.c,68 :: 		SWITCH_1_Direction = 1; //configurando porta RB0 como entrada digital.
0x07E2	0x8093      	BSF         TRISB0_bit, BitPos(TRISB0_bit+0) 
;PicBot.c,70 :: 		Sound_Init(&PORTA, 0); //Buzzer conectado ao pino RA0
0x07E4	0x0E80      	MOVLW       PORTA
0x07E6	0x0100      	MOVLB       0
0x07E8	0x6FDD      	MOVWF       FARG_Sound_Init_snd_port, 1
0x07EA	0x0E0F      	MOVLW       hi_addr(PORTA)
0x07EC	0x6FDE      	MOVWF       FARG_Sound_Init_snd_port+1, 1
0x07EE	0x6BDF      	CLRF        FARG_Sound_Init_snd_pin, 1
0x07F0	0xDF46      	RCALL       _Sound_Init
;PicBot.c,71 :: 		}
L_end_ioPortsInit:
0x07F2	0x0012      	RETURN      0
; end of _ioPortsInit
___CC2DW:
;__Lib_System.c,21 :: 		
;__Lib_System.c,23 :: 		
_CC2DL_Loop1:
;__Lib_System.c,24 :: 		
0x07F4	0x0009      	TBLRD*+
;__Lib_System.c,25 :: 		
0x07F6	0xFFE6CFF5  	MOVFF       TABLAT, POSTINC1
;__Lib_System.c,26 :: 		
0x07FA	0x0600      	DECF        R0, 1, 0
;__Lib_System.c,27 :: 		
0x07FC	0xE1FB      	BNZ         _CC2DL_Loop1
;__Lib_System.c,28 :: 		
0x07FE	0x0601      	DECF        R1, 1, 0
;__Lib_System.c,29 :: 		
0x0800	0xE1F9      	BNZ         _CC2DL_Loop1
;__Lib_System.c,31 :: 		
L_end___CC2DW:
0x0802	0x0012      	RETURN      0
; end of ___CC2DW
_tocaCop:
;PicBot.c,181 :: 		void tocaCop()
;PicBot.c,183 :: 		int nota = 0;
0x0804	0x0100      	MOVLB       0
0x0806	0x6BD5      	CLRF        tocaCop_nota_L0, 1
0x0808	0x6BD6      	CLRF        tocaCop_nota_L0+1, 1
0x080A	0x6BD7      	CLRF        tocaCop_duracao_L0, 1
0x080C	0x6BD8      	CLRF        tocaCop_duracao_L0+1, 1
0x080E	0x0E03      	MOVLW       3
0x0810	0x6FD9      	MOVWF       tocaCop_ritmo_L0, 1
0x0812	0x0E00      	MOVLW       0
0x0814	0x6FDA      	MOVWF       tocaCop_ritmo_L0+1, 1
0x0816	0x0E02      	MOVLW       2
0x0818	0x6FDB      	MOVWF       tocaCop_ralenta_L0, 1
0x081A	0x0E00      	MOVLW       0
0x081C	0x6FDC      	MOVWF       tocaCop_ralenta_L0+1, 1
;PicBot.c,190 :: 		while (modo == 9)
L_tocaCop20:
0x081E	0x0E00      	MOVLW       0
0x0820	0x19D0      	XORWF       _modo+1, 0, 1
0x0822	0xE102      	BNZ         L__tocaCop70
0x0824	0x0E09      	MOVLW       9
0x0826	0x19CF      	XORWF       _modo, 0, 1
L__tocaCop70:
0x0828	0xA4D8      	BTFSS       STATUS, 2 
0x082A	0xD089      	BRA         L_tocaCop21
;PicBot.c,192 :: 		for(nota = 0; nota < qtdNotasCop*2; nota += 2)
0x082C	0x6BD5      	CLRF        tocaCop_nota_L0, 1
0x082E	0x6BD6      	CLRF        tocaCop_nota_L0+1, 1
L_tocaCop22:
0x0830	0xF001C015  	MOVFF       _qtdNotasCop, R1
0x0834	0xF002C016  	MOVFF       _qtdNotasCop+1, R2
0x0838	0x3601      	RLCF        R1, 1 
0x083A	0x9001      	BCF         R1, 0 
0x083C	0x3602      	RLCF        R2, 1 
0x083E	0x0E80      	MOVLW       128
0x0840	0x19D6      	XORWF       tocaCop_nota_L0+1, 0, 1
0x0842	0x6E00      	MOVWF       R0 
0x0844	0x0E80      	MOVLW       128
0x0846	0x1802      	XORWF       R2, 0 
0x0848	0x5C00      	SUBWF       R0, 0 
0x084A	0xE102      	BNZ         L__tocaCop71
0x084C	0x5001      	MOVF        R1, 0 
0x084E	0x5DD5      	SUBWF       tocaCop_nota_L0, 0, 1
L__tocaCop71:
0x0850	0xE270      	BC          L_tocaCop23
;PicBot.c,194 :: 		duracao = (cop[nota + 1]*ralenta) / ritmo;
0x0852	0x0E01      	MOVLW       1
0x0854	0x25D5      	ADDWF       tocaCop_nota_L0, 0, 1
0x0856	0x6E03      	MOVWF       R3 
0x0858	0x0E00      	MOVLW       0
0x085A	0x21D6      	ADDWFC      tocaCop_nota_L0+1, 0, 1
0x085C	0x6E04      	MOVWF       R4 
0x085E	0xF000C003  	MOVFF       R3, R0
0x0862	0xF001C004  	MOVFF       R4, R1
0x0866	0x3600      	RLCF        R0, 1 
0x0868	0x9000      	BCF         R0, 0 
0x086A	0x3601      	RLCF        R1, 1 
0x086C	0x0E17      	MOVLW       _cop
0x086E	0x2400      	ADDWF       R0, 0 
0x0870	0x6EE9      	MOVWF       FSR0L 
0x0872	0x0E00      	MOVLW       hi_addr(_cop)
0x0874	0x2001      	ADDWFC      R1, 0 
0x0876	0x6EEA      	MOVWF       FSR0L+1 
0x0878	0xF000CFEE  	MOVFF       POSTINC0, R0
0x087C	0xF001CFEE  	MOVFF       POSTINC0, R1
0x0880	0xF004C0DB  	MOVFF       tocaCop_ralenta_L0, R4
0x0884	0xF005C0DC  	MOVFF       tocaCop_ralenta_L0+1, R5
0x0888	0xDED2      	RCALL       _Mul_16X16_U
0x088A	0xF004C0D9  	MOVFF       tocaCop_ritmo_L0, R4
0x088E	0xF005C0DA  	MOVFF       tocaCop_ritmo_L0+1, R5
0x0892	0xDF3C      	RCALL       _Div_16x16_S
0x0894	0xF0D7C000  	MOVFF       R0, tocaCop_duracao_L0
0x0898	0xF0D8C001  	MOVFF       R1, tocaCop_duracao_L0+1
;PicBot.c,195 :: 		if(cop[nota] != PAUSA)
0x089C	0xF000C0D5  	MOVFF       tocaCop_nota_L0, R0
0x08A0	0xF001C0D6  	MOVFF       tocaCop_nota_L0+1, R1
0x08A4	0x3600      	RLCF        R0, 1 
0x08A6	0x9000      	BCF         R0, 0 
0x08A8	0x3601      	RLCF        R1, 1 
0x08AA	0x0E17      	MOVLW       _cop
0x08AC	0x2400      	ADDWF       R0, 0 
0x08AE	0x6EE9      	MOVWF       FSR0L 
0x08B0	0x0E00      	MOVLW       hi_addr(_cop)
0x08B2	0x2001      	ADDWFC      R1, 0 
0x08B4	0x6EEA      	MOVWF       FSR0L+1 
0x08B6	0xF001CFEE  	MOVFF       POSTINC0, R1
0x08BA	0xF002CFEE  	MOVFF       POSTINC0, R2
0x08BE	0x0E00      	MOVLW       0
0x08C0	0x1802      	XORWF       R2, 0 
0x08C2	0xE102      	BNZ         L__tocaCop72
0x08C4	0x0E00      	MOVLW       0
0x08C6	0x1801      	XORWF       R1, 0 
L__tocaCop72:
0x08C8	0xE01C      	BZ          L_tocaCop25
;PicBot.c,197 :: 		Sound_Play(cop[nota], duracao);
0x08CA	0xF000C0D5  	MOVFF       tocaCop_nota_L0, R0
0x08CE	0xF001C0D6  	MOVFF       tocaCop_nota_L0+1, R1
0x08D2	0x3600      	RLCF        R0, 1 
0x08D4	0x9000      	BCF         R0, 0 
0x08D6	0x3601      	RLCF        R1, 1 
0x08D8	0x0E17      	MOVLW       _cop
0x08DA	0x2400      	ADDWF       R0, 0 
0x08DC	0x6EE9      	MOVWF       FSR0L 
0x08DE	0x0E00      	MOVLW       hi_addr(_cop)
0x08E0	0x2001      	ADDWFC      R1, 0 
0x08E2	0x6EEA      	MOVWF       FSR0L+1 
0x08E4	0xF0DDCFEE  	MOVFF       POSTINC0, FARG_Sound_Play_freq_in_hz
0x08E8	0xF0DECFEE  	MOVFF       POSTINC0, FARG_Sound_Play_freq_in_hz+1
0x08EC	0xF0DFC0D7  	MOVFF       tocaCop_duracao_L0, FARG_Sound_Play_duration_ms
0x08F0	0xF0E0C0D8  	MOVFF       tocaCop_duracao_L0+1, FARG_Sound_Play_duration_ms+1
0x08F4	0xDDAF      	RCALL       _Sound_Play
;PicBot.c,198 :: 		piscaLedsMs(duracao);
0x08F6	0xF0DDC0D7  	MOVFF       tocaCop_duracao_L0, FARG_piscaLedsMs_ms
0x08FA	0xF0DEC0D8  	MOVFF       tocaCop_duracao_L0+1, FARG_piscaLedsMs_ms+1
0x08FE	0xDE71      	RCALL       _piscaLedsMs
;PicBot.c,199 :: 		}
0x0900	0xD009      	BRA         L_tocaCop26
L_tocaCop25:
0x0902	0x0100      	MOVLB       0
;PicBot.c,202 :: 		DoNotPiscaLedsMs(duracao*2); //soundplay duration + piscaLeds duration
0x0904	0xF0DDC0D7  	MOVFF       tocaCop_duracao_L0, FARG_DoNotPiscaLedsMs_ms
0x0908	0xF0DEC0D8  	MOVFF       tocaCop_duracao_L0+1, FARG_DoNotPiscaLedsMs_ms+1
0x090C	0x37DD      	RLCF        FARG_DoNotPiscaLedsMs_ms, 1, 1
0x090E	0x91DD      	BCF         FARG_DoNotPiscaLedsMs_ms, 0, 1
0x0910	0x37DE      	RLCF        FARG_DoNotPiscaLedsMs_ms+1, 1, 1
0x0912	0xDED6      	RCALL       _DoNotPiscaLedsMs
;PicBot.c,203 :: 		}
L_tocaCop26:
;PicBot.c,205 :: 		if(SWITCH_1 == 1) //se o boto 1 estiver pressionado, ento...
0x0914	0xA081      	BTFSS       RB0_bit, BitPos(RB0_bit+0) 
0x0916	0xD008      	BRA         L_tocaCop27
;PicBot.c,207 :: 		modo = 0; //como esse  o ltimo modo, retorna para o modo 0
0x0918	0x6BCF      	CLRF        _modo, 1
0x091A	0x6BD0      	CLRF        _modo+1, 1
;PicBot.c,208 :: 		myDelayMs(500); //aguarda um tempo de 500ms.
0x091C	0x0EF4      	MOVLW       244
0x091E	0x6FE9      	MOVWF       FARG_myDelayMs_ms, 1
0x0920	0x0E01      	MOVLW       1
0x0922	0x6FEA      	MOVWF       FARG_myDelayMs_ms+1, 1
0x0924	0xDD69      	RCALL       _myDelayMs
;PicBot.c,209 :: 		break;
0x0926	0xD005      	BRA         L_tocaCop23
;PicBot.c,210 :: 		}
L_tocaCop27:
;PicBot.c,192 :: 		for(nota = 0; nota < qtdNotasCop*2; nota += 2)
0x0928	0x0E02      	MOVLW       2
0x092A	0x27D5      	ADDWF       tocaCop_nota_L0, 1, 1
0x092C	0x0E00      	MOVLW       0
0x092E	0x23D6      	ADDWFC      tocaCop_nota_L0+1, 1, 1
;PicBot.c,212 :: 		}//close for
0x0930	0xD77F      	BRA         L_tocaCop22
L_tocaCop23:
;PicBot.c,213 :: 		myDelayMs(250); //aguarda um tempo de 250ms.
0x0932	0x0EFA      	MOVLW       250
0x0934	0x6FE9      	MOVWF       FARG_myDelayMs_ms, 1
0x0936	0x0E00      	MOVLW       0
0x0938	0x6FEA      	MOVWF       FARG_myDelayMs_ms+1, 1
0x093A	0xDD5E      	RCALL       _myDelayMs
;PicBot.c,214 :: 		} //close while
0x093C	0xD770      	BRA         L_tocaCop20
L_tocaCop21:
;PicBot.c,215 :: 		}
L_end_tocaCop:
0x093E	0x0012      	RETURN      0
; end of _tocaCop
_giraLeds:
;PicBot.c,115 :: 		void giraLeds()
;PicBot.c,117 :: 		int gira = 0;
0x0940	0x0100      	MOVLB       0
0x0942	0x6BD5      	CLRF        giraLeds_gira_L0, 1
0x0944	0x6BD6      	CLRF        giraLeds_gira_L0+1, 1
;PicBot.c,119 :: 		while (modo == 8)
L_giraLeds4:
0x0946	0x0E00      	MOVLW       0
0x0948	0x19D0      	XORWF       _modo+1, 0, 1
0x094A	0xE102      	BNZ         L__giraLeds61
0x094C	0x0E08      	MOVLW       8
0x094E	0x19CF      	XORWF       _modo, 0, 1
L__giraLeds61:
0x0950	0xA4D8      	BTFSS       STATUS, 2 
0x0952	0xD072      	BRA         L_giraLeds5
;PicBot.c,121 :: 		if(gira == 0)
0x0954	0x0E00      	MOVLW       0
0x0956	0x19D6      	XORWF       giraLeds_gira_L0+1, 0, 1
0x0958	0xE102      	BNZ         L__giraLeds62
0x095A	0x0E00      	MOVLW       0
0x095C	0x19D5      	XORWF       giraLeds_gira_L0, 0, 1
L__giraLeds62:
0x095E	0xE108      	BNZ         L_giraLeds6
;PicBot.c,123 :: 		LED_VERMELHO = 0;
0x0960	0x9082      	BCF         RC0_bit, BitPos(RC0_bit+0) 
;PicBot.c,124 :: 		LED_VERDE = 0;
0x0962	0x9282      	BCF         RC1_bit, BitPos(RC1_bit+0) 
;PicBot.c,125 :: 		LED_AZUL = 0;
0x0964	0x9482      	BCF         RC2_bit, BitPos(RC2_bit+0) 
;PicBot.c,126 :: 		gira = 1;
0x0966	0x0E01      	MOVLW       1
0x0968	0x6FD5      	MOVWF       giraLeds_gira_L0, 1
0x096A	0x0E00      	MOVLW       0
0x096C	0x6FD6      	MOVWF       giraLeds_gira_L0+1, 1
;PicBot.c,127 :: 		}
0x096E	0xD053      	BRA         L_giraLeds7
L_giraLeds6:
;PicBot.c,128 :: 		else if(gira == 1)
0x0970	0x0E00      	MOVLW       0
0x0972	0x19D6      	XORWF       giraLeds_gira_L0+1, 0, 1
0x0974	0xE102      	BNZ         L__giraLeds63
0x0976	0x0E01      	MOVLW       1
0x0978	0x19D5      	XORWF       giraLeds_gira_L0, 0, 1
L__giraLeds63:
0x097A	0xE108      	BNZ         L_giraLeds8
;PicBot.c,130 :: 		LED_VERMELHO = 1;
0x097C	0x8082      	BSF         RC0_bit, BitPos(RC0_bit+0) 
;PicBot.c,131 :: 		LED_VERDE = 0;
0x097E	0x9282      	BCF         RC1_bit, BitPos(RC1_bit+0) 
;PicBot.c,132 :: 		LED_AZUL = 0;
0x0980	0x9482      	BCF         RC2_bit, BitPos(RC2_bit+0) 
;PicBot.c,133 :: 		gira = 2;
0x0982	0x0E02      	MOVLW       2
0x0984	0x6FD5      	MOVWF       giraLeds_gira_L0, 1
0x0986	0x0E00      	MOVLW       0
0x0988	0x6FD6      	MOVWF       giraLeds_gira_L0+1, 1
;PicBot.c,134 :: 		}
0x098A	0xD045      	BRA         L_giraLeds9
L_giraLeds8:
;PicBot.c,135 :: 		else if(gira == 2)
0x098C	0x0E00      	MOVLW       0
0x098E	0x19D6      	XORWF       giraLeds_gira_L0+1, 0, 1
0x0990	0xE102      	BNZ         L__giraLeds64
0x0992	0x0E02      	MOVLW       2
0x0994	0x19D5      	XORWF       giraLeds_gira_L0, 0, 1
L__giraLeds64:
0x0996	0xE108      	BNZ         L_giraLeds10
;PicBot.c,137 :: 		LED_VERMELHO = 1;
0x0998	0x8082      	BSF         RC0_bit, BitPos(RC0_bit+0) 
;PicBot.c,138 :: 		LED_VERDE = 1;
0x099A	0x8282      	BSF         RC1_bit, BitPos(RC1_bit+0) 
;PicBot.c,139 :: 		LED_AZUL = 0;
0x099C	0x9482      	BCF         RC2_bit, BitPos(RC2_bit+0) 
;PicBot.c,140 :: 		gira = 3;
0x099E	0x0E03      	MOVLW       3
0x09A0	0x6FD5      	MOVWF       giraLeds_gira_L0, 1
0x09A2	0x0E00      	MOVLW       0
0x09A4	0x6FD6      	MOVWF       giraLeds_gira_L0+1, 1
;PicBot.c,141 :: 		}
0x09A6	0xD037      	BRA         L_giraLeds11
L_giraLeds10:
;PicBot.c,142 :: 		else if(gira == 3)
0x09A8	0x0E00      	MOVLW       0
0x09AA	0x19D6      	XORWF       giraLeds_gira_L0+1, 0, 1
0x09AC	0xE102      	BNZ         L__giraLeds65
0x09AE	0x0E03      	MOVLW       3
0x09B0	0x19D5      	XORWF       giraLeds_gira_L0, 0, 1
L__giraLeds65:
0x09B2	0xE108      	BNZ         L_giraLeds12
;PicBot.c,144 :: 		LED_VERMELHO = 0;
0x09B4	0x9082      	BCF         RC0_bit, BitPos(RC0_bit+0) 
;PicBot.c,145 :: 		LED_VERDE = 1;
0x09B6	0x8282      	BSF         RC1_bit, BitPos(RC1_bit+0) 
;PicBot.c,146 :: 		LED_AZUL = 0;
0x09B8	0x9482      	BCF         RC2_bit, BitPos(RC2_bit+0) 
;PicBot.c,147 :: 		gira = 4;
0x09BA	0x0E04      	MOVLW       4
0x09BC	0x6FD5      	MOVWF       giraLeds_gira_L0, 1
0x09BE	0x0E00      	MOVLW       0
0x09C0	0x6FD6      	MOVWF       giraLeds_gira_L0+1, 1
;PicBot.c,148 :: 		}
0x09C2	0xD029      	BRA         L_giraLeds13
L_giraLeds12:
;PicBot.c,149 :: 		else if(gira == 4)
0x09C4	0x0E00      	MOVLW       0
0x09C6	0x19D6      	XORWF       giraLeds_gira_L0+1, 0, 1
0x09C8	0xE102      	BNZ         L__giraLeds66
0x09CA	0x0E04      	MOVLW       4
0x09CC	0x19D5      	XORWF       giraLeds_gira_L0, 0, 1
L__giraLeds66:
0x09CE	0xE108      	BNZ         L_giraLeds14
;PicBot.c,151 :: 		LED_VERMELHO = 0;
0x09D0	0x9082      	BCF         RC0_bit, BitPos(RC0_bit+0) 
;PicBot.c,152 :: 		LED_VERDE = 1;
0x09D2	0x8282      	BSF         RC1_bit, BitPos(RC1_bit+0) 
;PicBot.c,153 :: 		LED_AZUL = 1;
0x09D4	0x8482      	BSF         RC2_bit, BitPos(RC2_bit+0) 
;PicBot.c,154 :: 		gira = 5;
0x09D6	0x0E05      	MOVLW       5
0x09D8	0x6FD5      	MOVWF       giraLeds_gira_L0, 1
0x09DA	0x0E00      	MOVLW       0
0x09DC	0x6FD6      	MOVWF       giraLeds_gira_L0+1, 1
;PicBot.c,155 :: 		}
0x09DE	0xD01B      	BRA         L_giraLeds15
L_giraLeds14:
;PicBot.c,156 :: 		else if(gira == 5)
0x09E0	0x0E00      	MOVLW       0
0x09E2	0x19D6      	XORWF       giraLeds_gira_L0+1, 0, 1
0x09E4	0xE102      	BNZ         L__giraLeds67
0x09E6	0x0E05      	MOVLW       5
0x09E8	0x19D5      	XORWF       giraLeds_gira_L0, 0, 1
L__giraLeds67:
0x09EA	0xE108      	BNZ         L_giraLeds16
;PicBot.c,158 :: 		LED_VERMELHO = 0;
0x09EC	0x9082      	BCF         RC0_bit, BitPos(RC0_bit+0) 
;PicBot.c,159 :: 		LED_VERDE = 0;
0x09EE	0x9282      	BCF         RC1_bit, BitPos(RC1_bit+0) 
;PicBot.c,160 :: 		LED_AZUL = 1;
0x09F0	0x8482      	BSF         RC2_bit, BitPos(RC2_bit+0) 
;PicBot.c,161 :: 		gira = 6;
0x09F2	0x0E06      	MOVLW       6
0x09F4	0x6FD5      	MOVWF       giraLeds_gira_L0, 1
0x09F6	0x0E00      	MOVLW       0
0x09F8	0x6FD6      	MOVWF       giraLeds_gira_L0+1, 1
;PicBot.c,162 :: 		}
0x09FA	0xD00D      	BRA         L_giraLeds17
L_giraLeds16:
;PicBot.c,163 :: 		else if(gira == 6)
0x09FC	0x0E00      	MOVLW       0
0x09FE	0x19D6      	XORWF       giraLeds_gira_L0+1, 0, 1
0x0A00	0xE102      	BNZ         L__giraLeds68
0x0A02	0x0E06      	MOVLW       6
0x0A04	0x19D5      	XORWF       giraLeds_gira_L0, 0, 1
L__giraLeds68:
0x0A06	0xE107      	BNZ         L_giraLeds18
;PicBot.c,165 :: 		LED_VERMELHO = 1;
0x0A08	0x8082      	BSF         RC0_bit, BitPos(RC0_bit+0) 
;PicBot.c,166 :: 		LED_VERDE = 0;
0x0A0A	0x9282      	BCF         RC1_bit, BitPos(RC1_bit+0) 
;PicBot.c,167 :: 		LED_AZUL = 1;
0x0A0C	0x8482      	BSF         RC2_bit, BitPos(RC2_bit+0) 
;PicBot.c,168 :: 		gira = 1;
0x0A0E	0x0E01      	MOVLW       1
0x0A10	0x6FD5      	MOVWF       giraLeds_gira_L0, 1
0x0A12	0x0E00      	MOVLW       0
0x0A14	0x6FD6      	MOVWF       giraLeds_gira_L0+1, 1
;PicBot.c,169 :: 		}
L_giraLeds18:
L_giraLeds17:
L_giraLeds15:
L_giraLeds13:
L_giraLeds11:
L_giraLeds9:
L_giraLeds7:
;PicBot.c,170 :: 		myDelayMs(250); //aguarda um tempo de 250ms.
0x0A16	0x0EFA      	MOVLW       250
0x0A18	0x6FE9      	MOVWF       FARG_myDelayMs_ms, 1
0x0A1A	0x0E00      	MOVLW       0
0x0A1C	0x6FEA      	MOVWF       FARG_myDelayMs_ms+1, 1
0x0A1E	0xDCEC      	RCALL       _myDelayMs
;PicBot.c,172 :: 		if(SWITCH_1 == 1) //se o boto 1 estiver pressionado, ento...
0x0A20	0xA081      	BTFSS       RB0_bit, BitPos(RB0_bit+0) 
0x0A22	0xD009      	BRA         L_giraLeds19
;PicBot.c,174 :: 		modo = 9; //vai para o prximo modo
0x0A24	0x0E09      	MOVLW       9
0x0A26	0x6FCF      	MOVWF       _modo, 1
0x0A28	0x0E00      	MOVLW       0
0x0A2A	0x6FD0      	MOVWF       _modo+1, 1
;PicBot.c,175 :: 		myDelayMs(500); //aguarda um tempo de 500ms.
0x0A2C	0x0EF4      	MOVLW       244
0x0A2E	0x6FE9      	MOVWF       FARG_myDelayMs_ms, 1
0x0A30	0x0E01      	MOVLW       1
0x0A32	0x6FEA      	MOVWF       FARG_myDelayMs_ms+1, 1
0x0A34	0xDCE1      	RCALL       _myDelayMs
;PicBot.c,176 :: 		}
L_giraLeds19:
;PicBot.c,177 :: 		}
0x0A36	0xD787      	BRA         L_giraLeds4
L_giraLeds5:
;PicBot.c,179 :: 		}
L_end_giraLeds:
0x0A38	0x0012      	RETURN      0
; end of _giraLeds
_main:
0x0A3A	0xF005ECF7  	CALL        3054, 0
;PicBot.c,217 :: 		void main() {
;PicBot.c,219 :: 		ioPortsInit(); //inicializa portas
0x0A3E	0xDEC9      	RCALL       _ioPortsInit
;PicBot.c,222 :: 		while (1) {
L_main28:
;PicBot.c,224 :: 		if(SWITCH_1 == 1) //se o boto 1 estiver pressionado, ento...
0x0A40	0xA081      	BTFSS       RB0_bit, BitPos(RB0_bit+0) 
0x0A42	0xD013      	BRA         L_main30
;PicBot.c,226 :: 		if(modo <= 9) //hoje conta com 10 modos (0 ao 9)
0x0A44	0x0E80      	MOVLW       128
0x0A46	0x6E00      	MOVWF       R0 
0x0A48	0x0E80      	MOVLW       128
0x0A4A	0x19D0      	XORWF       _modo+1, 0, 1
0x0A4C	0x5C00      	SUBWF       R0, 0 
0x0A4E	0xE102      	BNZ         L__main74
0x0A50	0x51CF      	MOVF        _modo, 0, 1
0x0A52	0x0809      	SUBLW       9
L__main74:
0x0A54	0xE303      	BNC         L_main31
;PicBot.c,228 :: 		modo++; //incrementa modo
0x0A56	0x4BCF      	INFSNZ      _modo, 1, 1
0x0A58	0x2BD0      	INCF        _modo+1, 1, 1
;PicBot.c,229 :: 		}
0x0A5A	0xD002      	BRA         L_main32
L_main31:
;PicBot.c,232 :: 		modo = 0; //zera modo
0x0A5C	0x6BCF      	CLRF        _modo, 1
0x0A5E	0x6BD0      	CLRF        _modo+1, 1
;PicBot.c,233 :: 		}
L_main32:
;PicBot.c,234 :: 		myDelayMs(500); //aguarda um tempo de 500ms.
0x0A60	0x0EF4      	MOVLW       244
0x0A62	0x6FE9      	MOVWF       FARG_myDelayMs_ms, 1
0x0A64	0x0E01      	MOVLW       1
0x0A66	0x6FEA      	MOVWF       FARG_myDelayMs_ms+1, 1
0x0A68	0xDCC7      	RCALL       _myDelayMs
;PicBot.c,235 :: 		}
L_main30:
;PicBot.c,238 :: 		if(modo == 0)
0x0A6A	0x0E00      	MOVLW       0
0x0A6C	0x19D0      	XORWF       _modo+1, 0, 1
0x0A6E	0xE102      	BNZ         L__main75
0x0A70	0x0E00      	MOVLW       0
0x0A72	0x19CF      	XORWF       _modo, 0, 1
L__main75:
0x0A74	0xE104      	BNZ         L_main33
;PicBot.c,241 :: 		LED_VERMELHO = 0;
0x0A76	0x9082      	BCF         RC0_bit, BitPos(RC0_bit+0) 
;PicBot.c,242 :: 		LED_VERDE = 0;
0x0A78	0x9282      	BCF         RC1_bit, BitPos(RC1_bit+0) 
;PicBot.c,243 :: 		LED_AZUL = 0;
0x0A7A	0x9482      	BCF         RC2_bit, BitPos(RC2_bit+0) 
;PicBot.c,244 :: 		}
0x0A7C	0xD058      	BRA         L_main34
L_main33:
;PicBot.c,245 :: 		else if(modo == 1)
0x0A7E	0x0E00      	MOVLW       0
0x0A80	0x19D0      	XORWF       _modo+1, 0, 1
0x0A82	0xE102      	BNZ         L__main76
0x0A84	0x0E01      	MOVLW       1
0x0A86	0x19CF      	XORWF       _modo, 0, 1
L__main76:
0x0A88	0xE104      	BNZ         L_main35
;PicBot.c,248 :: 		LED_VERMELHO = 1;
0x0A8A	0x8082      	BSF         RC0_bit, BitPos(RC0_bit+0) 
;PicBot.c,249 :: 		LED_VERDE = 0;
0x0A8C	0x9282      	BCF         RC1_bit, BitPos(RC1_bit+0) 
;PicBot.c,250 :: 		LED_AZUL = 0;
0x0A8E	0x9482      	BCF         RC2_bit, BitPos(RC2_bit+0) 
;PicBot.c,251 :: 		}
0x0A90	0xD04E      	BRA         L_main36
L_main35:
;PicBot.c,252 :: 		else if(modo == 2)
0x0A92	0x0E00      	MOVLW       0
0x0A94	0x19D0      	XORWF       _modo+1, 0, 1
0x0A96	0xE102      	BNZ         L__main77
0x0A98	0x0E02      	MOVLW       2
0x0A9A	0x19CF      	XORWF       _modo, 0, 1
L__main77:
0x0A9C	0xE104      	BNZ         L_main37
;PicBot.c,255 :: 		LED_VERMELHO = 1;
0x0A9E	0x8082      	BSF         RC0_bit, BitPos(RC0_bit+0) 
;PicBot.c,256 :: 		LED_VERDE = 1;
0x0AA0	0x8282      	BSF         RC1_bit, BitPos(RC1_bit+0) 
;PicBot.c,257 :: 		LED_AZUL = 0;
0x0AA2	0x9482      	BCF         RC2_bit, BitPos(RC2_bit+0) 
;PicBot.c,258 :: 		}
0x0AA4	0xD044      	BRA         L_main38
L_main37:
;PicBot.c,259 :: 		else if(modo == 3)
0x0AA6	0x0E00      	MOVLW       0
0x0AA8	0x19D0      	XORWF       _modo+1, 0, 1
0x0AAA	0xE102      	BNZ         L__main78
0x0AAC	0x0E03      	MOVLW       3
0x0AAE	0x19CF      	XORWF       _modo, 0, 1
L__main78:
0x0AB0	0xE104      	BNZ         L_main39
;PicBot.c,262 :: 		LED_VERMELHO = 0;
0x0AB2	0x9082      	BCF         RC0_bit, BitPos(RC0_bit+0) 
;PicBot.c,263 :: 		LED_VERDE = 1;
0x0AB4	0x8282      	BSF         RC1_bit, BitPos(RC1_bit+0) 
;PicBot.c,264 :: 		LED_AZUL = 0;
0x0AB6	0x9482      	BCF         RC2_bit, BitPos(RC2_bit+0) 
;PicBot.c,265 :: 		}
0x0AB8	0xD03A      	BRA         L_main40
L_main39:
;PicBot.c,266 :: 		else if(modo == 4)
0x0ABA	0x0E00      	MOVLW       0
0x0ABC	0x19D0      	XORWF       _modo+1, 0, 1
0x0ABE	0xE102      	BNZ         L__main79
0x0AC0	0x0E04      	MOVLW       4
0x0AC2	0x19CF      	XORWF       _modo, 0, 1
L__main79:
0x0AC4	0xE104      	BNZ         L_main41
;PicBot.c,269 :: 		LED_VERMELHO = 0;
0x0AC6	0x9082      	BCF         RC0_bit, BitPos(RC0_bit+0) 
;PicBot.c,270 :: 		LED_VERDE = 1;
0x0AC8	0x8282      	BSF         RC1_bit, BitPos(RC1_bit+0) 
;PicBot.c,271 :: 		LED_AZUL = 1;
0x0ACA	0x8482      	BSF         RC2_bit, BitPos(RC2_bit+0) 
;PicBot.c,272 :: 		}
0x0ACC	0xD030      	BRA         L_main42
L_main41:
;PicBot.c,273 :: 		else if(modo == 5)
0x0ACE	0x0E00      	MOVLW       0
0x0AD0	0x19D0      	XORWF       _modo+1, 0, 1
0x0AD2	0xE102      	BNZ         L__main80
0x0AD4	0x0E05      	MOVLW       5
0x0AD6	0x19CF      	XORWF       _modo, 0, 1
L__main80:
0x0AD8	0xE104      	BNZ         L_main43
;PicBot.c,276 :: 		LED_VERMELHO = 0;
0x0ADA	0x9082      	BCF         RC0_bit, BitPos(RC0_bit+0) 
;PicBot.c,277 :: 		LED_VERDE = 0;
0x0ADC	0x9282      	BCF         RC1_bit, BitPos(RC1_bit+0) 
;PicBot.c,278 :: 		LED_AZUL = 1;
0x0ADE	0x8482      	BSF         RC2_bit, BitPos(RC2_bit+0) 
;PicBot.c,279 :: 		}
0x0AE0	0xD026      	BRA         L_main44
L_main43:
;PicBot.c,280 :: 		else if(modo == 6)
0x0AE2	0x0E00      	MOVLW       0
0x0AE4	0x19D0      	XORWF       _modo+1, 0, 1
0x0AE6	0xE102      	BNZ         L__main81
0x0AE8	0x0E06      	MOVLW       6
0x0AEA	0x19CF      	XORWF       _modo, 0, 1
L__main81:
0x0AEC	0xE104      	BNZ         L_main45
;PicBot.c,283 :: 		LED_VERMELHO = 1;
0x0AEE	0x8082      	BSF         RC0_bit, BitPos(RC0_bit+0) 
;PicBot.c,284 :: 		LED_VERDE = 0;
0x0AF0	0x9282      	BCF         RC1_bit, BitPos(RC1_bit+0) 
;PicBot.c,285 :: 		LED_AZUL = 1;
0x0AF2	0x8482      	BSF         RC2_bit, BitPos(RC2_bit+0) 
;PicBot.c,286 :: 		}
0x0AF4	0xD01C      	BRA         L_main46
L_main45:
;PicBot.c,287 :: 		else if(modo == 7)
0x0AF6	0x0E00      	MOVLW       0
0x0AF8	0x19D0      	XORWF       _modo+1, 0, 1
0x0AFA	0xE102      	BNZ         L__main82
0x0AFC	0x0E07      	MOVLW       7
0x0AFE	0x19CF      	XORWF       _modo, 0, 1
L__main82:
0x0B00	0xE104      	BNZ         L_main47
;PicBot.c,290 :: 		LED_VERMELHO = 1;
0x0B02	0x8082      	BSF         RC0_bit, BitPos(RC0_bit+0) 
;PicBot.c,291 :: 		LED_VERDE = 1;
0x0B04	0x8282      	BSF         RC1_bit, BitPos(RC1_bit+0) 
;PicBot.c,292 :: 		LED_AZUL = 1;
0x0B06	0x8482      	BSF         RC2_bit, BitPos(RC2_bit+0) 
;PicBot.c,293 :: 		}
0x0B08	0xD012      	BRA         L_main48
L_main47:
;PicBot.c,294 :: 		else if(modo == 8)
0x0B0A	0x0E00      	MOVLW       0
0x0B0C	0x19D0      	XORWF       _modo+1, 0, 1
0x0B0E	0xE102      	BNZ         L__main83
0x0B10	0x0E08      	MOVLW       8
0x0B12	0x19CF      	XORWF       _modo, 0, 1
L__main83:
0x0B14	0xE102      	BNZ         L_main49
;PicBot.c,296 :: 		giraLeds();
0x0B16	0xDF14      	RCALL       _giraLeds
;PicBot.c,297 :: 		}
0x0B18	0xD00A      	BRA         L_main50
L_main49:
;PicBot.c,298 :: 		else if(modo == 9)
0x0B1A	0x0E00      	MOVLW       0
0x0B1C	0x19D0      	XORWF       _modo+1, 0, 1
0x0B1E	0xE102      	BNZ         L__main84
0x0B20	0x0E09      	MOVLW       9
0x0B22	0x19CF      	XORWF       _modo, 0, 1
L__main84:
0x0B24	0xE102      	BNZ         L_main51
;PicBot.c,300 :: 		tocaCop();
0x0B26	0xDE6E      	RCALL       _tocaCop
;PicBot.c,301 :: 		}
0x0B28	0xD002      	BRA         L_main52
L_main51:
;PicBot.c,304 :: 		modo = 0; //apaga todos os leds.
0x0B2A	0x6BCF      	CLRF        _modo, 1
0x0B2C	0x6BD0      	CLRF        _modo+1, 1
;PicBot.c,305 :: 		}
L_main52:
L_main50:
L_main48:
L_main46:
L_main44:
L_main42:
L_main40:
L_main38:
L_main36:
L_main34:
;PicBot.c,307 :: 		}
0x0B2E	0xD788      	BRA         L_main28
;PicBot.c,308 :: 		}
L_end_main:
0x0B30	0xD7FF      	BRA         $+0
; end of _main
0x0BEE	0xF015EE10  	LFSR        1, 21
0x0BF2	0x0EBC      	MOVLW       188
0x0BF4	0x6E00      	MOVWF       R0 
0x0BF6	0x0E01      	MOVLW       1
0x0BF8	0x6E01      	MOVWF       R1 
0x0BFA	0x0E32      	MOVLW       50
0x0BFC	0x6EF6      	MOVWF       4086 
0x0BFE	0x0E0B      	MOVLW       11
0x0C00	0x6EF7      	MOVWF       TBLPTRH 
0x0C02	0x0E00      	MOVLW       0
0x0C04	0x6EF8      	MOVWF       TBLPTRU 
0x0C06	0xF003ECFA  	CALL        2036, 0
0x0C0A	0x0012      	RETURN      0
;PicBot.c,0 :: ?ICS_qtdNotasCop
0x0B32	0x002E ;?ICS_qtdNotasCop+0
; end of ?ICS_qtdNotasCop
;PicBot.c,0 :: ?ICS_cop
0x0B34	0x0293 ;?ICS_cop+0
0x0B36	0x0140 ;?ICS_cop+2
0x0B38	0x0310 ;?ICS_cop+4
0x0B3A	0x00F0 ;?ICS_cop+6
0x0B3C	0x0293 ;?ICS_cop+8
0x0B3E	0x00A0 ;?ICS_cop+10
0x0B40	0x0293 ;?ICS_cop+12
0x0B42	0x0050 ;?ICS_cop+14
0x0B44	0x0370 ;?ICS_cop+16
0x0B46	0x00A0 ;?ICS_cop+18
0x0B48	0x0293 ;?ICS_cop+20
0x0B4A	0x00A0 ;?ICS_cop+22
0x0B4C	0x0126 ;?ICS_cop+24
0x0B4E	0x00A0 ;?ICS_cop+26
0x0B50	0x0293 ;?ICS_cop+28
0x0B52	0x0140 ;?ICS_cop+30
0x0B54	0x03DC ;?ICS_cop+32
0x0B56	0x00F0 ;?ICS_cop+34
0x0B58	0x0293 ;?ICS_cop+36
0x0B5A	0x00A0 ;?ICS_cop+38
0x0B5C	0x0293 ;?ICS_cop+40
0x0B5E	0x0050 ;?ICS_cop+42
0x0B60	0x0417 ;?ICS_cop+44
0x0B62	0x00A0 ;?ICS_cop+46
0x0B64	0x03DC ;?ICS_cop+48
0x0B66	0x00A0 ;?ICS_cop+50
0x0B68	0x0310 ;?ICS_cop+52
0x0B6A	0x00A0 ;?ICS_cop+54
0x0B6C	0x0293 ;?ICS_cop+56
0x0B6E	0x00A0 ;?ICS_cop+58
0x0B70	0x03DC ;?ICS_cop+60
0x0B72	0x00A0 ;?ICS_cop+62
0x0B74	0x0527 ;?ICS_cop+64
0x0B76	0x00A0 ;?ICS_cop+66
0x0B78	0x0293 ;?ICS_cop+68
0x0B7A	0x0050 ;?ICS_cop+70
0x0B7C	0x0126 ;?ICS_cop+72
0x0B7E	0x00A0 ;?ICS_cop+74
0x0B80	0x0126 ;?ICS_cop+76
0x0B82	0x0050 ;?ICS_cop+78
0x0B84	0x01EE ;?ICS_cop+80
0x0B86	0x00A0 ;?ICS_cop+82
0x0B88	0x02E4 ;?ICS_cop+84
0x0B8A	0x00A0 ;?ICS_cop+86
0x0B8C	0x0293 ;?ICS_cop+88
0x0B8E	0x05A0 ;?ICS_cop+90
0x0B90	0x0293 ;?ICS_cop+92
0x0B92	0x0140 ;?ICS_cop+94
0x0B94	0x0310 ;?ICS_cop+96
0x0B96	0x00F0 ;?ICS_cop+98
0x0B98	0x0293 ;?ICS_cop+100
0x0B9A	0x00A0 ;?ICS_cop+102
0x0B9C	0x0293 ;?ICS_cop+104
0x0B9E	0x0050 ;?ICS_cop+106
0x0BA0	0x0370 ;?ICS_cop+108
0x0BA2	0x00A0 ;?ICS_cop+110
0x0BA4	0x0293 ;?ICS_cop+112
0x0BA6	0x00A0 ;?ICS_cop+114
0x0BA8	0x0126 ;?ICS_cop+116
0x0BAA	0x00A0 ;?ICS_cop+118
0x0BAC	0x0293 ;?ICS_cop+120
0x0BAE	0x0140 ;?ICS_cop+122
0x0BB0	0x03DC ;?ICS_cop+124
0x0BB2	0x00F0 ;?ICS_cop+126
0x0BB4	0x0293 ;?ICS_cop+128
0x0BB6	0x00A0 ;?ICS_cop+130
0x0BB8	0x0293 ;?ICS_cop+132
0x0BBA	0x0050 ;?ICS_cop+134
0x0BBC	0x0417 ;?ICS_cop+136
0x0BBE	0x00A0 ;?ICS_cop+138
0x0BC0	0x03DC ;?ICS_cop+140
0x0BC2	0x00A0 ;?ICS_cop+142
0x0BC4	0x0310 ;?ICS_cop+144
0x0BC6	0x00A0 ;?ICS_cop+146
0x0BC8	0x0293 ;?ICS_cop+148
0x0BCA	0x00A0 ;?ICS_cop+150
0x0BCC	0x03DC ;?ICS_cop+152
0x0BCE	0x00A0 ;?ICS_cop+154
0x0BD0	0x0527 ;?ICS_cop+156
0x0BD2	0x00A0 ;?ICS_cop+158
0x0BD4	0x0293 ;?ICS_cop+160
0x0BD6	0x0050 ;?ICS_cop+162
0x0BD8	0x0126 ;?ICS_cop+164
0x0BDA	0x00A0 ;?ICS_cop+166
0x0BDC	0x0126 ;?ICS_cop+168
0x0BDE	0x0050 ;?ICS_cop+170
0x0BE0	0x01EE ;?ICS_cop+172
0x0BE2	0x00A0 ;?ICS_cop+174
0x0BE4	0x02E4 ;?ICS_cop+176
0x0BE6	0x00A0 ;?ICS_cop+178
0x0BE8	0x0293 ;?ICS_cop+180
0x0BEA	0x05A0 ;?ICS_cop+182
; end of ?ICS_cop
;PicBot.c,0 :: ?ICS_modo
0x0BEC	0x0000 ;?ICS_modo+0
; end of ?ICS_modo
Symbol List:
//** Routines locations **
//ADDRESS    SIZE    PROCEDURE
//----------------------------------------------
0x001C      [82]    _Mul_32x32_U
0x006E     [748]    _Div_32x32_U
0x035A      [88]    _Div_16x16_S_L
0x03B2      [16]    _Get_Fosc_kHz
0x03C2      [54]    _Div_16X16_U
0x03F8      [56]    _myDelayMs
0x0430      [36]    _Delay_Cyc
0x0454     [398]    _Sound_Play
0x05E2      [76]    _piscaLedsMs
0x062E      [80]    _Mul_16X16_U
0x067E      [66]    _Sound_Init
0x06C0      [76]    _DoNotPiscaLedsMs
0x070C     [198]    _Div_16x16_S
0x07D2      [34]    _ioPortsInit
0x07F4      [16]    ___CC2DW
0x0804     [316]    _tocaCop
0x0940     [250]    _giraLeds
0x0A3A     [248]    _main
//** Variables locations ** 
//ADDRESS    SIZE    VARIABLE
//----------------------------------------------
0x0000       [1]    R0
0x0001       [1]    R1
0x0002       [1]    R2
0x0003       [1]    R3
0x0004       [1]    R4
0x0005       [1]    R5
0x0006       [1]    R6
0x0007       [1]    R7
0x0008       [1]    R8
0x0009       [1]    R9
0x000A       [1]    R10
0x000B       [1]    R11
0x000C       [1]    R12
0x000D       [1]    R13
0x000E       [1]    R14
0x000F       [1]    R15
0x0010       [1]    R16
0x0011       [1]    R17
0x0012       [1]    R18
0x0013       [1]    R19
0x0014       [1]    R20
0x0015       [2]    _qtdNotasCop
0x0017     [184]    _cop
0x00CF       [2]    _modo
0x00D1       [2]    __Lib_Sound_soundPortAddr
0x00D3       [1]    __Lib_Sound_pinMask1
0x00D4       [1]    __Lib_Sound_pinMask0
0x00D5       [2]    tocaCop_nota_L0
0x00D5       [2]    giraLeds_gira_L0
0x00D7       [2]    tocaCop_duracao_L0
0x00D9       [2]    tocaCop_ritmo_L0
0x00DB       [2]    tocaCop_ralenta_L0
0x00DD       [2]    FARG_Sound_Play_freq_in_hz
0x00DD       [2]    FARG_DoNotPiscaLedsMs_ms
0x00DD       [2]    FARG_piscaLedsMs_ms
0x00DD       [2]    FARG_Sound_Init_snd_port
0x00DF       [2]    piscaLedsMs_meio_L0
0x00DF       [2]    FARG_Sound_Play_duration_ms
0x00DF       [1]    FARG_Sound_Init_snd_pin
0x00DF       [2]    DoNotPiscaLedsMs_meio_L0
0x00E1       [2]    Sound_Play_nc_L0
0x00E3       [2]    Sound_Play_i_L0
0x00E5       [4]    Sound_Play_per_nc_L0
0x00E9       [2]    FARG_myDelayMs_ms
0x00E9       [1]    FARG_Delay_Cyc_cycles_div_by_10
0x00EB       [2]    myDelayMs_i_L0
0x0F80       [1]    PORTA
0x0F81       [0]    RB0_bit
0x0F81       [0]    SWITCH_1
0x0F82       [0]    LED_VERDE
0x0F82       [0]    LED_VERMELHO
0x0F82       [0]    RC0_bit
0x0F82       [0]    LED_AZUL
0x0F82       [0]    RC2_bit
0x0F82       [0]    RC1_bit
0x0F93       [0]    TRISB0_bit
0x0F93       [0]    SWITCH_1_Direction
0x0F94       [0]    TRISC0_bit
0x0F94       [0]    TRISC1_bit
0x0F94       [0]    TRISC2_bit
0x0F94       [0]    LED_VERMELHO_Direction
0x0F94       [0]    LED_AZUL_Direction
0x0F94       [0]    LED_VERDE_Direction
0x0FC1       [1]    ADCON1
0x0FD8       [1]    STATUS
0x0FD9       [1]    FSR2L
0x0FDA       [1]    FSR2H
0x0FDE       [1]    POSTINC2
0x0FE0       [1]    BSR
0x0FE1       [1]    FSR1L
0x0FE2       [1]    FSR1H
0x0FE4       [1]    PREINC1
0x0FE6       [1]    POSTINC1
0x0FE7       [1]    INDF1
0x0FE8       [1]    WREG
0x0FE9       [1]    FSR0L
0x0FE9       [2]    FSR0
0x0FEA       [1]    FSR0H
0x0FEE       [1]    POSTINC0
0x0FEF       [1]    INDF0
0x0FF3       [1]    PRODL
0x0FF4       [1]    PRODH
0x0FF5       [1]    TABLAT
0x0FF6       [1]    TBLPTRL
0x0FF7       [1]    TBLPTRH
0x0FF8       [1]    TBLPTRU
//** Constants locations ** 
//ADDRESS    SIZE    CONSTANT
//----------------------------------------------
0x0B32       [2]    ?ICS_qtdNotasCop
0x0B34     [184]    ?ICS_cop
0x0BEC       [2]    ?ICS_modo
