;  LST file generated by mikroListExporter - v.2.0 
; Date/Time: 18/09/2025 12:53:55
;----------------------------------------------

;Address Opcode 	ASM
0x0000	0xF004EF37  	GOTO        2158
0x0004	0x0000      	NOP
0x0006	0x0000      	NOP
0x0008	0xF000EF00  	GOTO        0
0x000C	0x0000      	NOP
0x000E	0x0000      	NOP
0x0010	0x0000      	NOP
0x0012	0x0000      	NOP
0x0014	0x0000      	NOP
0x0016	0x0000      	NOP
0x0018	0xD7F3      	BRA         0
_Mul_32x32_U:
;__Lib_Math.c,1616 :: 		
;__Lib_Math.c,1631 :: 		
0x001C	0x0E22      	MOVLW       34
;__Lib_Math.c,1632 :: 		
0x001E	0x6E0C      	MOVWF       R12, 0
;__Lib_Math.c,1633 :: 		
0x0020	0x6A08      	CLRF        R8, 0
;__Lib_Math.c,1634 :: 		
0x0022	0x6A09      	CLRF        R9, 0
;__Lib_Math.c,1635 :: 		
0x0024	0x6A0A      	CLRF        R10, 0
;__Lib_Math.c,1636 :: 		
0x0026	0x6A0B      	CLRF        R11, 0
;__Lib_Math.c,1638 :: 		
_NEXT:
;__Lib_Math.c,1642 :: 		
0x0028	0x060C      	DECF        R12, 1, 0
;__Lib_Math.c,1643 :: 		
0x002A	0xB4D8      	BTFSC       STATUS, 2, 0
;__Lib_Math.c,1644 :: 		
0x002C	0xD01F      	BRA         _EXIT2
;__Lib_Math.c,1645 :: 		
0x002E	0x90D8      	BCF         STATUS, 0, 0
;__Lib_Math.c,1647 :: 		
_LOOP:
;__Lib_Math.c,1656 :: 		
0x0030	0x320B      	RRCF        R11, 1, 0
;__Lib_Math.c,1657 :: 		
0x0032	0x320A      	RRCF        R10, 1, 0
;__Lib_Math.c,1658 :: 		
0x0034	0x3209      	RRCF        R9, 1, 0
;__Lib_Math.c,1659 :: 		
0x0036	0x3208      	RRCF        R8, 1, 0
;__Lib_Math.c,1660 :: 		
0x0038	0x3203      	RRCF        R3, 1, 0
;__Lib_Math.c,1661 :: 		
0x003A	0x3202      	RRCF        R2, 1, 0
;__Lib_Math.c,1662 :: 		
0x003C	0x3201      	RRCF        R1, 1, 0
;__Lib_Math.c,1663 :: 		
0x003E	0x3200      	RRCF        R0, 1, 0
;__Lib_Math.c,1668 :: 		
0x0040	0xA0D8      	BTFSS       STATUS, 0, 0
;__Lib_Math.c,1669 :: 		
0x0042	0xD7F2      	BRA         _NEXT
;__Lib_Math.c,1670 :: 		
0x0044	0x060C      	DECF        R12, 1, 0
;__Lib_Math.c,1671 :: 		
0x0046	0xB4D8      	BTFSC       STATUS, 2, 0
;__Lib_Math.c,1672 :: 		
0x0048	0xD009      	BRA         _EXIT1
;__Lib_Math.c,1679 :: 		
0x004A	0x5004      	MOVF        R4, 0, 0
;__Lib_Math.c,1680 :: 		
0x004C	0x2608      	ADDWF       R8, 1, 0
;__Lib_Math.c,1681 :: 		
0x004E	0x5005      	MOVF        R5, 0, 0
;__Lib_Math.c,1684 :: 		
0x0050	0x2209      	ADDWFC      R9, 1, 0
;__Lib_Math.c,1685 :: 		
0x0052	0x5006      	MOVF        R6, 0, 0
;__Lib_Math.c,1688 :: 		
0x0054	0x220A      	ADDWFC      R10, 1, 0
;__Lib_Math.c,1689 :: 		
0x0056	0x5007      	MOVF        R7, 0, 0
;__Lib_Math.c,1692 :: 		
0x0058	0x220B      	ADDWFC      R11, 1, 0
;__Lib_Math.c,1694 :: 		
0x005A	0xD7EA      	BRA         _LOOP
;__Lib_Math.c,1696 :: 		
_EXIT1:
;__Lib_Math.c,1701 :: 		
0x005C	0x5004      	MOVF        R4, 0, 0
;__Lib_Math.c,1702 :: 		
0x005E	0x2608      	ADDWF       R8, 1, 0
;__Lib_Math.c,1703 :: 		
0x0060	0x5005      	MOVF        R5, 0, 0
;__Lib_Math.c,1706 :: 		
0x0062	0x2209      	ADDWFC      R9, 1, 0
;__Lib_Math.c,1707 :: 		
0x0064	0x5006      	MOVF        R6, 0, 0
;__Lib_Math.c,1710 :: 		
0x0066	0x220A      	ADDWFC      R10, 1, 0
;__Lib_Math.c,1711 :: 		
0x0068	0x5007      	MOVF        R7, 0, 0
;__Lib_Math.c,1714 :: 		
0x006A	0x220B      	ADDWFC      R11, 1, 0
;__Lib_Math.c,1717 :: 		
_EXIT2:
;__Lib_Math.c,1719 :: 		
L_end_Mul_32x32_U:
0x006C	0x0012      	RETURN      0
; end of _Mul_32x32_U
_Div_32x32_U:
;__Lib_Math.c,1162 :: 		
;__Lib_Math.c,1173 :: 		
0x006E	0x6A0B      	CLRF        R11, 0
;__Lib_Math.c,1174 :: 		
0x0070	0x6A0A      	CLRF        R10, 0
;__Lib_Math.c,1175 :: 		
0x0072	0x6A09      	CLRF        R9, 0
;__Lib_Math.c,1176 :: 		
0x0074	0x6A08      	CLRF        R8, 0
;__Lib_Math.c,1178 :: 		
0x0076	0x6A0E      	CLRF        R14, 0
;__Lib_Math.c,1180 :: 		
0x0078	0x3403      	RLCF        R3, 0, 0
;__Lib_Math.c,1181 :: 		
0x007A	0x3608      	RLCF        R8, 1, 0
;__Lib_Math.c,1182 :: 		
0x007C	0x5004      	MOVF        R4, 0, 0
;__Lib_Math.c,1183 :: 		
0x007E	0x5E08      	SUBWF       R8, 1, 0
;__Lib_Math.c,1184 :: 		
0x0080	0x5005      	MOVF        R5, 0, 0
;__Lib_Math.c,1185 :: 		
0x0082	0xA0D8      	BTFSS       STATUS, 0, 0
;__Lib_Math.c,1186 :: 		
0x0084	0x3C05      	INCFSZ      R5, 0, 0
;__Lib_Math.c,1187 :: 		
0x0086	0x5E09      	SUBWF       R9, 1, 0
;__Lib_Math.c,1188 :: 		
0x0088	0x5006      	MOVF        R6, 0, 0
;__Lib_Math.c,1189 :: 		
0x008A	0xA0D8      	BTFSS       STATUS, 0, 0
;__Lib_Math.c,1190 :: 		
0x008C	0x3C06      	INCFSZ      R6, 0, 0
;__Lib_Math.c,1191 :: 		
0x008E	0x5E0A      	SUBWF       R10, 1, 0
;__Lib_Math.c,1192 :: 		
0x0090	0x5007      	MOVF        R7, 0, 0
;__Lib_Math.c,1193 :: 		
0x0092	0xA0D8      	BTFSS       STATUS, 0, 0
;__Lib_Math.c,1194 :: 		
0x0094	0x3C07      	INCFSZ      R7, 0, 0
;__Lib_Math.c,1195 :: 		
0x0096	0x5E0B      	SUBWF       R11, 1, 0
;__Lib_Math.c,1197 :: 		
0x0098	0x6AE8      	CLRF        WREG, 0
;__Lib_Math.c,1198 :: 		
0x009A	0xA0D8      	BTFSS       STATUS, 0, 0
;__Lib_Math.c,1199 :: 		
0x009C	0x0E01      	MOVLW       1
;__Lib_Math.c,1200 :: 		
0x009E	0x5E0E      	SUBWF       R14, 1, 0
;__Lib_Math.c,1201 :: 		
0x00A0	0x3603      	RLCF        R3, 1, 0
;__Lib_Math.c,1203 :: 		
0x00A2	0x0E07      	MOVLW       7
;__Lib_Math.c,1204 :: 		
0x00A4	0x6E0C      	MOVWF       R12, 0
;__Lib_Math.c,1206 :: 		
LOOPU3232A:
;__Lib_Math.c,1207 :: 		
0x00A6	0x3403      	RLCF        R3, 0, 0
;__Lib_Math.c,1208 :: 		
0x00A8	0x3608      	RLCF        R8, 1, 0
;__Lib_Math.c,1209 :: 		
0x00AA	0x3609      	RLCF        R9, 1, 0
;__Lib_Math.c,1210 :: 		
0x00AC	0x360A      	RLCF        R10, 1, 0
;__Lib_Math.c,1211 :: 		
0x00AE	0x360B      	RLCF        R11, 1, 0
;__Lib_Math.c,1212 :: 		
0x00B0	0x360E      	RLCF        R14, 1, 0
;__Lib_Math.c,1213 :: 		
0x00B2	0x5004      	MOVF        R4, 0, 0
;__Lib_Math.c,1214 :: 		
0x00B4	0xA003      	BTFSS       R3, 0, 0
;__Lib_Math.c,1215 :: 		
0x00B6	0xD012      	BRA         UADD22LA
;__Lib_Math.c,1217 :: 		
0x00B8	0x5E08      	SUBWF       R8, 1, 0
;__Lib_Math.c,1218 :: 		
0x00BA	0x5005      	MOVF        R5, 0, 0
;__Lib_Math.c,1219 :: 		
0x00BC	0xA0D8      	BTFSS       STATUS, 0, 0
;__Lib_Math.c,1220 :: 		
0x00BE	0x3C05      	INCFSZ      R5, 0, 0
;__Lib_Math.c,1221 :: 		
0x00C0	0x5E09      	SUBWF       R9, 1, 0
;__Lib_Math.c,1222 :: 		
0x00C2	0x5006      	MOVF        R6, 0, 0
;__Lib_Math.c,1223 :: 		
0x00C4	0xA0D8      	BTFSS       STATUS, 0, 0
;__Lib_Math.c,1224 :: 		
0x00C6	0x3C06      	INCFSZ      R6, 0, 0
;__Lib_Math.c,1225 :: 		
0x00C8	0x5E0A      	SUBWF       R10, 1, 0
;__Lib_Math.c,1226 :: 		
0x00CA	0x5007      	MOVF        R7, 0, 0
;__Lib_Math.c,1227 :: 		
0x00CC	0xA0D8      	BTFSS       STATUS, 0, 0
;__Lib_Math.c,1228 :: 		
0x00CE	0x3C07      	INCFSZ      R7, 0, 0
;__Lib_Math.c,1229 :: 		
0x00D0	0x5E0B      	SUBWF       R11, 1, 0
;__Lib_Math.c,1230 :: 		
0x00D2	0x6AE8      	CLRF        WREG, 0
;__Lib_Math.c,1231 :: 		
0x00D4	0xA0D8      	BTFSS       STATUS, 0, 0
;__Lib_Math.c,1232 :: 		
0x00D6	0x0E01      	MOVLW       1
;__Lib_Math.c,1233 :: 		
0x00D8	0x5E0E      	SUBWF       R14, 1, 0
;__Lib_Math.c,1234 :: 		
0x00DA	0xD011      	BRA         UOK22LA
;__Lib_Math.c,1236 :: 		
UADD22LA:
;__Lib_Math.c,1237 :: 		
0x00DC	0x2608      	ADDWF       R8, 1, 0
;__Lib_Math.c,1238 :: 		
0x00DE	0x5005      	MOVF        R5, 0, 0
;__Lib_Math.c,1239 :: 		
0x00E0	0xB0D8      	BTFSC       STATUS, 0, 0
;__Lib_Math.c,1240 :: 		
0x00E2	0x3C05      	INCFSZ      R5, 0, 0
;__Lib_Math.c,1241 :: 		
0x00E4	0x2609      	ADDWF       R9, 1, 0
;__Lib_Math.c,1242 :: 		
0x00E6	0x5006      	MOVF        R6, 0, 0
;__Lib_Math.c,1243 :: 		
0x00E8	0xB0D8      	BTFSC       STATUS, 0, 0
;__Lib_Math.c,1244 :: 		
0x00EA	0x3C06      	INCFSZ      R6, 0, 0
;__Lib_Math.c,1245 :: 		
0x00EC	0x260A      	ADDWF       R10, 1, 0
;__Lib_Math.c,1246 :: 		
0x00EE	0x5007      	MOVF        R7, 0, 0
;__Lib_Math.c,1247 :: 		
0x00F0	0xB0D8      	BTFSC       STATUS, 0, 0
;__Lib_Math.c,1248 :: 		
0x00F2	0x3C07      	INCFSZ      R7, 0, 0
;__Lib_Math.c,1249 :: 		
0x00F4	0x260B      	ADDWF       R11, 1, 0
;__Lib_Math.c,1250 :: 		
0x00F6	0x6AE8      	CLRF        WREG, 0
;__Lib_Math.c,1251 :: 		
0x00F8	0xB0D8      	BTFSC       STATUS, 0, 0
;__Lib_Math.c,1252 :: 		
0x00FA	0x0E01      	MOVLW       1
;__Lib_Math.c,1253 :: 		
0x00FC	0x260E      	ADDWF       R14, 1, 0
;__Lib_Math.c,1255 :: 		
UOK22LA:
;__Lib_Math.c,1256 :: 		
0x00FE	0x3603      	RLCF        R3, 1, 0
;__Lib_Math.c,1258 :: 		
0x0100	0x2E0C      	DECFSZ      R12, 1, 0
;__Lib_Math.c,1259 :: 		
0x0102	0xD7D1      	BRA         LOOPU3232A
;__Lib_Math.c,1261 :: 		
0x0104	0x3402      	RLCF        R2, 0, 0
;__Lib_Math.c,1262 :: 		
0x0106	0x3608      	RLCF        R8, 1, 0
;__Lib_Math.c,1263 :: 		
0x0108	0x3609      	RLCF        R9, 1, 0
;__Lib_Math.c,1264 :: 		
0x010A	0x360A      	RLCF        R10, 1, 0
;__Lib_Math.c,1265 :: 		
0x010C	0x360B      	RLCF        R11, 1, 0
;__Lib_Math.c,1266 :: 		
0x010E	0x360E      	RLCF        R14, 1, 0
;__Lib_Math.c,1267 :: 		
0x0110	0x5004      	MOVF        R4, 0, 0
;__Lib_Math.c,1268 :: 		
0x0112	0xA003      	BTFSS       R3, 0, 0
;__Lib_Math.c,1269 :: 		
0x0114	0xD012      	BRA         UADD22L8
;__Lib_Math.c,1271 :: 		
0x0116	0x5E08      	SUBWF       R8, 1, 0
;__Lib_Math.c,1272 :: 		
0x0118	0x5005      	MOVF        R5, 0, 0
;__Lib_Math.c,1273 :: 		
0x011A	0xA0D8      	BTFSS       STATUS, 0, 0
;__Lib_Math.c,1274 :: 		
0x011C	0x3C05      	INCFSZ      R5, 0, 0
;__Lib_Math.c,1275 :: 		
0x011E	0x5E09      	SUBWF       R9, 1, 0
;__Lib_Math.c,1276 :: 		
0x0120	0x5006      	MOVF        R6, 0, 0
;__Lib_Math.c,1277 :: 		
0x0122	0xA0D8      	BTFSS       STATUS, 0, 0
;__Lib_Math.c,1278 :: 		
0x0124	0x3C06      	INCFSZ      R6, 0, 0
;__Lib_Math.c,1279 :: 		
0x0126	0x5E0A      	SUBWF       R10, 1, 0
;__Lib_Math.c,1280 :: 		
0x0128	0x5007      	MOVF        R7, 0, 0
;__Lib_Math.c,1281 :: 		
0x012A	0xA0D8      	BTFSS       STATUS, 0, 0
;__Lib_Math.c,1282 :: 		
0x012C	0x3C07      	INCFSZ      R7, 0, 0
;__Lib_Math.c,1283 :: 		
0x012E	0x5E0B      	SUBWF       R11, 1, 0
;__Lib_Math.c,1284 :: 		
0x0130	0x6AE8      	CLRF        WREG, 0
;__Lib_Math.c,1285 :: 		
0x0132	0xA0D8      	BTFSS       STATUS, 0, 0
;__Lib_Math.c,1286 :: 		
0x0134	0x0E01      	MOVLW       1
;__Lib_Math.c,1287 :: 		
0x0136	0x5E0E      	SUBWF       R14, 1, 0
;__Lib_Math.c,1288 :: 		
0x0138	0xD011      	BRA         UOK22L8
;__Lib_Math.c,1290 :: 		
UADD22L8:
;__Lib_Math.c,1291 :: 		
0x013A	0x2608      	ADDWF       R8, 1, 0
;__Lib_Math.c,1292 :: 		
0x013C	0x5005      	MOVF        R5, 0, 0
;__Lib_Math.c,1293 :: 		
0x013E	0xB0D8      	BTFSC       STATUS, 0, 0
;__Lib_Math.c,1294 :: 		
0x0140	0x3C05      	INCFSZ      R5, 0, 0
;__Lib_Math.c,1295 :: 		
0x0142	0x2609      	ADDWF       R9, 1, 0
;__Lib_Math.c,1296 :: 		
0x0144	0x5006      	MOVF        R6, 0, 0
;__Lib_Math.c,1297 :: 		
0x0146	0xB0D8      	BTFSC       STATUS, 0, 0
;__Lib_Math.c,1298 :: 		
0x0148	0x3C06      	INCFSZ      R6, 0, 0
;__Lib_Math.c,1299 :: 		
0x014A	0x260A      	ADDWF       R10, 1, 0
;__Lib_Math.c,1300 :: 		
0x014C	0x5007      	MOVF        R7, 0, 0
;__Lib_Math.c,1301 :: 		
0x014E	0xB0D8      	BTFSC       STATUS, 0, 0
;__Lib_Math.c,1302 :: 		
0x0150	0x3C07      	INCFSZ      R7, 0, 0
;__Lib_Math.c,1303 :: 		
0x0152	0x260B      	ADDWF       R11, 1, 0
;__Lib_Math.c,1304 :: 		
0x0154	0x6AE8      	CLRF        WREG, 0
;__Lib_Math.c,1305 :: 		
0x0156	0xB0D8      	BTFSC       STATUS, 0, 0
;__Lib_Math.c,1306 :: 		
0x0158	0x0E01      	MOVLW       1
;__Lib_Math.c,1307 :: 		
0x015A	0x260E      	ADDWF       R14, 1, 0
;__Lib_Math.c,1309 :: 		
UOK22L8:
;__Lib_Math.c,1310 :: 		
0x015C	0x3602      	RLCF        R2, 1, 0
;__Lib_Math.c,1312 :: 		
0x015E	0x0E07      	MOVLW       7
;__Lib_Math.c,1313 :: 		
0x0160	0x6E0C      	MOVWF       R12, 0
;__Lib_Math.c,1315 :: 		
LOOPU3232B:
;__Lib_Math.c,1316 :: 		
0x0162	0x3402      	RLCF        R2, 0, 0
;__Lib_Math.c,1317 :: 		
0x0164	0x3608      	RLCF        R8, 1, 0
;__Lib_Math.c,1318 :: 		
0x0166	0x3609      	RLCF        R9, 1, 0
;__Lib_Math.c,1319 :: 		
0x0168	0x360A      	RLCF        R10, 1, 0
;__Lib_Math.c,1320 :: 		
0x016A	0x360B      	RLCF        R11, 1, 0
;__Lib_Math.c,1321 :: 		
0x016C	0x360E      	RLCF        R14, 1, 0
;__Lib_Math.c,1322 :: 		
0x016E	0x5004      	MOVF        R4, 0, 0
;__Lib_Math.c,1323 :: 		
0x0170	0xA002      	BTFSS       R2, 0, 0
;__Lib_Math.c,1324 :: 		
0x0172	0xD012      	BRA         UADD22LB
;__Lib_Math.c,1326 :: 		
0x0174	0x5E08      	SUBWF       R8, 1, 0
;__Lib_Math.c,1327 :: 		
0x0176	0x5005      	MOVF        R5, 0, 0
;__Lib_Math.c,1328 :: 		
0x0178	0xA0D8      	BTFSS       STATUS, 0, 0
;__Lib_Math.c,1329 :: 		
0x017A	0x3C05      	INCFSZ      R5, 0, 0
;__Lib_Math.c,1330 :: 		
0x017C	0x5E09      	SUBWF       R9, 1, 0
;__Lib_Math.c,1331 :: 		
0x017E	0x5006      	MOVF        R6, 0, 0
;__Lib_Math.c,1332 :: 		
0x0180	0xA0D8      	BTFSS       STATUS, 0, 0
;__Lib_Math.c,1333 :: 		
0x0182	0x3C06      	INCFSZ      R6, 0, 0
;__Lib_Math.c,1334 :: 		
0x0184	0x5E0A      	SUBWF       R10, 1, 0
;__Lib_Math.c,1335 :: 		
0x0186	0x5007      	MOVF        R7, 0, 0
;__Lib_Math.c,1336 :: 		
0x0188	0xA0D8      	BTFSS       STATUS, 0, 0
;__Lib_Math.c,1337 :: 		
0x018A	0x3C07      	INCFSZ      R7, 0, 0
;__Lib_Math.c,1338 :: 		
0x018C	0x5E0B      	SUBWF       R11, 1, 0
;__Lib_Math.c,1339 :: 		
0x018E	0x6AE8      	CLRF        WREG, 0
;__Lib_Math.c,1340 :: 		
0x0190	0xA0D8      	BTFSS       STATUS, 0, 0
;__Lib_Math.c,1341 :: 		
0x0192	0x0E01      	MOVLW       1
;__Lib_Math.c,1342 :: 		
0x0194	0x5E0E      	SUBWF       R14, 1, 0
;__Lib_Math.c,1343 :: 		
0x0196	0xD011      	BRA         UOK22LB
;__Lib_Math.c,1345 :: 		
UADD22LB:
;__Lib_Math.c,1346 :: 		
0x0198	0x2608      	ADDWF       R8, 1, 0
;__Lib_Math.c,1347 :: 		
0x019A	0x5005      	MOVF        R5, 0, 0
;__Lib_Math.c,1348 :: 		
0x019C	0xB0D8      	BTFSC       STATUS, 0, 0
;__Lib_Math.c,1349 :: 		
0x019E	0x3C05      	INCFSZ      R5, 0, 0
;__Lib_Math.c,1350 :: 		
0x01A0	0x2609      	ADDWF       R9, 1, 0
;__Lib_Math.c,1351 :: 		
0x01A2	0x5006      	MOVF        R6, 0, 0
;__Lib_Math.c,1352 :: 		
0x01A4	0xB0D8      	BTFSC       STATUS, 0, 0
;__Lib_Math.c,1353 :: 		
0x01A6	0x3C06      	INCFSZ      R6, 0, 0
;__Lib_Math.c,1354 :: 		
0x01A8	0x260A      	ADDWF       R10, 1, 0
;__Lib_Math.c,1355 :: 		
0x01AA	0x5007      	MOVF        R7, 0, 0
;__Lib_Math.c,1356 :: 		
0x01AC	0xB0D8      	BTFSC       STATUS, 0, 0
;__Lib_Math.c,1357 :: 		
0x01AE	0x3C07      	INCFSZ      R7, 0, 0
;__Lib_Math.c,1358 :: 		
0x01B0	0x260B      	ADDWF       R11, 1, 0
;__Lib_Math.c,1359 :: 		
0x01B2	0x6AE8      	CLRF        WREG, 0
;__Lib_Math.c,1360 :: 		
0x01B4	0xB0D8      	BTFSC       STATUS, 0, 0
;__Lib_Math.c,1361 :: 		
0x01B6	0x0E01      	MOVLW       1
;__Lib_Math.c,1362 :: 		
0x01B8	0x260E      	ADDWF       R14, 1, 0
;__Lib_Math.c,1364 :: 		
UOK22LB:
;__Lib_Math.c,1365 :: 		
0x01BA	0x3602      	RLCF        R2, 1, 0
;__Lib_Math.c,1367 :: 		
0x01BC	0x2E0C      	DECFSZ      R12, 1, 0
;__Lib_Math.c,1368 :: 		
0x01BE	0xD7D1      	BRA         LOOPU3232B
;__Lib_Math.c,1370 :: 		
0x01C0	0x3401      	RLCF        R1, 0, 0
;__Lib_Math.c,1371 :: 		
0x01C2	0x3608      	RLCF        R8, 1, 0
;__Lib_Math.c,1372 :: 		
0x01C4	0x3609      	RLCF        R9, 1, 0
;__Lib_Math.c,1373 :: 		
0x01C6	0x360A      	RLCF        R10, 1, 0
;__Lib_Math.c,1374 :: 		
0x01C8	0x360B      	RLCF        R11, 1, 0
;__Lib_Math.c,1375 :: 		
0x01CA	0x360E      	RLCF        R14, 1, 0
;__Lib_Math.c,1376 :: 		
0x01CC	0x5004      	MOVF        R4, 0, 0
;__Lib_Math.c,1377 :: 		
0x01CE	0xA002      	BTFSS       R2, 0, 0
;__Lib_Math.c,1378 :: 		
0x01D0	0xD012      	BRA         UADD22L16
;__Lib_Math.c,1380 :: 		
0x01D2	0x5E08      	SUBWF       R8, 1, 0
;__Lib_Math.c,1381 :: 		
0x01D4	0x5005      	MOVF        R5, 0, 0
;__Lib_Math.c,1382 :: 		
0x01D6	0xA0D8      	BTFSS       STATUS, 0, 0
;__Lib_Math.c,1383 :: 		
0x01D8	0x3C05      	INCFSZ      R5, 0, 0
;__Lib_Math.c,1384 :: 		
0x01DA	0x5E09      	SUBWF       R9, 1, 0
;__Lib_Math.c,1385 :: 		
0x01DC	0x5006      	MOVF        R6, 0, 0
;__Lib_Math.c,1386 :: 		
0x01DE	0xA0D8      	BTFSS       STATUS, 0, 0
;__Lib_Math.c,1387 :: 		
0x01E0	0x3C06      	INCFSZ      R6, 0, 0
;__Lib_Math.c,1388 :: 		
0x01E2	0x5E0A      	SUBWF       R10, 1, 0
;__Lib_Math.c,1389 :: 		
0x01E4	0x5007      	MOVF        R7, 0, 0
;__Lib_Math.c,1390 :: 		
0x01E6	0xA0D8      	BTFSS       STATUS, 0, 0
;__Lib_Math.c,1391 :: 		
0x01E8	0x3C07      	INCFSZ      R7, 0, 0
;__Lib_Math.c,1392 :: 		
0x01EA	0x5E0B      	SUBWF       R11, 1, 0
;__Lib_Math.c,1393 :: 		
0x01EC	0x6AE8      	CLRF        WREG, 0
;__Lib_Math.c,1394 :: 		
0x01EE	0xA0D8      	BTFSS       STATUS, 0, 0
;__Lib_Math.c,1395 :: 		
0x01F0	0x0E01      	MOVLW       1
;__Lib_Math.c,1396 :: 		
0x01F2	0x5E0E      	SUBWF       R14, 1, 0
;__Lib_Math.c,1397 :: 		
0x01F4	0xD011      	BRA         UOK22L16
;__Lib_Math.c,1399 :: 		
UADD22L16:
;__Lib_Math.c,1400 :: 		
0x01F6	0x2608      	ADDWF       R8, 1, 0
;__Lib_Math.c,1401 :: 		
0x01F8	0x5005      	MOVF        R5, 0, 0
;__Lib_Math.c,1402 :: 		
0x01FA	0xB0D8      	BTFSC       STATUS, 0, 0
;__Lib_Math.c,1403 :: 		
0x01FC	0x3C05      	INCFSZ      R5, 0, 0
;__Lib_Math.c,1404 :: 		
0x01FE	0x2609      	ADDWF       R9, 1, 0
;__Lib_Math.c,1405 :: 		
0x0200	0x5006      	MOVF        R6, 0, 0
;__Lib_Math.c,1406 :: 		
0x0202	0xB0D8      	BTFSC       STATUS, 0, 0
;__Lib_Math.c,1407 :: 		
0x0204	0x3C06      	INCFSZ      R6, 0, 0
;__Lib_Math.c,1408 :: 		
0x0206	0x260A      	ADDWF       R10, 1, 0
;__Lib_Math.c,1409 :: 		
0x0208	0x5007      	MOVF        R7, 0, 0
;__Lib_Math.c,1410 :: 		
0x020A	0xB0D8      	BTFSC       STATUS, 0, 0
;__Lib_Math.c,1411 :: 		
0x020C	0x3C07      	INCFSZ      R7, 0, 0
;__Lib_Math.c,1412 :: 		
0x020E	0x260B      	ADDWF       R11, 1, 0
;__Lib_Math.c,1413 :: 		
0x0210	0x6AE8      	CLRF        WREG, 0
;__Lib_Math.c,1414 :: 		
0x0212	0xB0D8      	BTFSC       STATUS, 0, 0
;__Lib_Math.c,1415 :: 		
0x0214	0x0E01      	MOVLW       1
;__Lib_Math.c,1416 :: 		
0x0216	0x260E      	ADDWF       R14, 1, 0
;__Lib_Math.c,1418 :: 		
UOK22L16:
;__Lib_Math.c,1419 :: 		
0x0218	0x3601      	RLCF        R1, 1, 0
;__Lib_Math.c,1421 :: 		
0x021A	0x0E07      	MOVLW       7
;__Lib_Math.c,1422 :: 		
0x021C	0x6E0C      	MOVWF       R12, 0
;__Lib_Math.c,1424 :: 		
LOOPU3232C:
;__Lib_Math.c,1425 :: 		
0x021E	0x3401      	RLCF        R1, 0, 0
;__Lib_Math.c,1426 :: 		
0x0220	0x3608      	RLCF        R8, 1, 0
;__Lib_Math.c,1427 :: 		
0x0222	0x3609      	RLCF        R9, 1, 0
;__Lib_Math.c,1428 :: 		
0x0224	0x360A      	RLCF        R10, 1, 0
;__Lib_Math.c,1429 :: 		
0x0226	0x360B      	RLCF        R11, 1, 0
;__Lib_Math.c,1430 :: 		
0x0228	0x360E      	RLCF        R14, 1, 0
;__Lib_Math.c,1431 :: 		
0x022A	0x5004      	MOVF        R4, 0, 0
;__Lib_Math.c,1432 :: 		
0x022C	0xA001      	BTFSS       R1, 0, 0
;__Lib_Math.c,1433 :: 		
0x022E	0xD012      	BRA         UADD22LC
;__Lib_Math.c,1435 :: 		
0x0230	0x5E08      	SUBWF       R8, 1, 0
;__Lib_Math.c,1436 :: 		
0x0232	0x5005      	MOVF        R5, 0, 0
;__Lib_Math.c,1437 :: 		
0x0234	0xA0D8      	BTFSS       STATUS, 0, 0
;__Lib_Math.c,1438 :: 		
0x0236	0x3C05      	INCFSZ      R5, 0, 0
;__Lib_Math.c,1439 :: 		
0x0238	0x5E09      	SUBWF       R9, 1, 0
;__Lib_Math.c,1440 :: 		
0x023A	0x5006      	MOVF        R6, 0, 0
;__Lib_Math.c,1441 :: 		
0x023C	0xA0D8      	BTFSS       STATUS, 0, 0
;__Lib_Math.c,1442 :: 		
0x023E	0x3C06      	INCFSZ      R6, 0, 0
;__Lib_Math.c,1443 :: 		
0x0240	0x5E0A      	SUBWF       R10, 1, 0
;__Lib_Math.c,1444 :: 		
0x0242	0x5007      	MOVF        R7, 0, 0
;__Lib_Math.c,1445 :: 		
0x0244	0xA0D8      	BTFSS       STATUS, 0, 0
;__Lib_Math.c,1446 :: 		
0x0246	0x3C07      	INCFSZ      R7, 0, 0
;__Lib_Math.c,1447 :: 		
0x0248	0x5E0B      	SUBWF       R11, 1, 0
;__Lib_Math.c,1448 :: 		
0x024A	0x6AE8      	CLRF        WREG, 0
;__Lib_Math.c,1449 :: 		
0x024C	0xA0D8      	BTFSS       STATUS, 0, 0
;__Lib_Math.c,1450 :: 		
0x024E	0x0E01      	MOVLW       1
;__Lib_Math.c,1451 :: 		
0x0250	0x5E0E      	SUBWF       R14, 1, 0
;__Lib_Math.c,1452 :: 		
0x0252	0xD011      	BRA         UOK22LC
;__Lib_Math.c,1454 :: 		
UADD22LC:
;__Lib_Math.c,1455 :: 		
0x0254	0x2608      	ADDWF       R8, 1, 0
;__Lib_Math.c,1456 :: 		
0x0256	0x5005      	MOVF        R5, 0, 0
;__Lib_Math.c,1457 :: 		
0x0258	0xB0D8      	BTFSC       STATUS, 0, 0
;__Lib_Math.c,1458 :: 		
0x025A	0x3C05      	INCFSZ      R5, 0, 0
;__Lib_Math.c,1459 :: 		
0x025C	0x2609      	ADDWF       R9, 1, 0
;__Lib_Math.c,1460 :: 		
0x025E	0x5006      	MOVF        R6, 0, 0
;__Lib_Math.c,1461 :: 		
0x0260	0xB0D8      	BTFSC       STATUS, 0, 0
;__Lib_Math.c,1462 :: 		
0x0262	0x3C06      	INCFSZ      R6, 0, 0
;__Lib_Math.c,1463 :: 		
0x0264	0x260A      	ADDWF       R10, 1, 0
;__Lib_Math.c,1464 :: 		
0x0266	0x5007      	MOVF        R7, 0, 0
;__Lib_Math.c,1465 :: 		
0x0268	0xB0D8      	BTFSC       STATUS, 0, 0
;__Lib_Math.c,1466 :: 		
0x026A	0x3C07      	INCFSZ      R7, 0, 0
;__Lib_Math.c,1467 :: 		
0x026C	0x260B      	ADDWF       R11, 1, 0
;__Lib_Math.c,1468 :: 		
0x026E	0x6AE8      	CLRF        WREG, 0
;__Lib_Math.c,1469 :: 		
0x0270	0xB0D8      	BTFSC       STATUS, 0, 0
;__Lib_Math.c,1470 :: 		
0x0272	0x0E01      	MOVLW       1
;__Lib_Math.c,1471 :: 		
0x0274	0x260E      	ADDWF       R14, 1, 0
;__Lib_Math.c,1473 :: 		
UOK22LC:
;__Lib_Math.c,1474 :: 		
0x0276	0x3601      	RLCF        R1, 1, 0
;__Lib_Math.c,1476 :: 		
0x0278	0x2E0C      	DECFSZ      R12, 1, 0
;__Lib_Math.c,1477 :: 		
0x027A	0xD7D1      	BRA         LOOPU3232C
;__Lib_Math.c,1479 :: 		
0x027C	0x3400      	RLCF        R0, 0, 0
;__Lib_Math.c,1480 :: 		
0x027E	0x3608      	RLCF        R8, 1, 0
;__Lib_Math.c,1481 :: 		
0x0280	0x3609      	RLCF        R9, 1, 0
;__Lib_Math.c,1482 :: 		
0x0282	0x360A      	RLCF        R10, 1, 0
;__Lib_Math.c,1483 :: 		
0x0284	0x360B      	RLCF        R11, 1, 0
;__Lib_Math.c,1484 :: 		
0x0286	0x360E      	RLCF        R14, 1, 0
;__Lib_Math.c,1485 :: 		
0x0288	0x5004      	MOVF        R4, 0, 0
;__Lib_Math.c,1486 :: 		
0x028A	0xA001      	BTFSS       R1, 0, 0
;__Lib_Math.c,1487 :: 		
0x028C	0xD012      	BRA         UADD22L24
;__Lib_Math.c,1489 :: 		
0x028E	0x5E08      	SUBWF       R8, 1, 0
;__Lib_Math.c,1490 :: 		
0x0290	0x5005      	MOVF        R5, 0, 0
;__Lib_Math.c,1491 :: 		
0x0292	0xA0D8      	BTFSS       STATUS, 0, 0
;__Lib_Math.c,1492 :: 		
0x0294	0x3C05      	INCFSZ      R5, 0, 0
;__Lib_Math.c,1493 :: 		
0x0296	0x5E09      	SUBWF       R9, 1, 0
;__Lib_Math.c,1494 :: 		
0x0298	0x5006      	MOVF        R6, 0, 0
;__Lib_Math.c,1495 :: 		
0x029A	0xA0D8      	BTFSS       STATUS, 0, 0
;__Lib_Math.c,1496 :: 		
0x029C	0x3C06      	INCFSZ      R6, 0, 0
;__Lib_Math.c,1497 :: 		
0x029E	0x5E0A      	SUBWF       R10, 1, 0
;__Lib_Math.c,1498 :: 		
0x02A0	0x5007      	MOVF        R7, 0, 0
;__Lib_Math.c,1499 :: 		
0x02A2	0xA0D8      	BTFSS       STATUS, 0, 0
;__Lib_Math.c,1500 :: 		
0x02A4	0x3C07      	INCFSZ      R7, 0, 0
;__Lib_Math.c,1501 :: 		
0x02A6	0x5E0B      	SUBWF       R11, 1, 0
;__Lib_Math.c,1502 :: 		
0x02A8	0x6AE8      	CLRF        WREG, 0
;__Lib_Math.c,1503 :: 		
0x02AA	0xA0D8      	BTFSS       STATUS, 0, 0
;__Lib_Math.c,1504 :: 		
0x02AC	0x0E01      	MOVLW       1
;__Lib_Math.c,1505 :: 		
0x02AE	0x5E0E      	SUBWF       R14, 1, 0
;__Lib_Math.c,1506 :: 		
0x02B0	0xD011      	BRA         UOK22L24
;__Lib_Math.c,1508 :: 		
UADD22L24:
;__Lib_Math.c,1509 :: 		
0x02B2	0x2608      	ADDWF       R8, 1, 0
;__Lib_Math.c,1510 :: 		
0x02B4	0x5005      	MOVF        R5, 0, 0
;__Lib_Math.c,1511 :: 		
0x02B6	0xB0D8      	BTFSC       STATUS, 0, 0
;__Lib_Math.c,1512 :: 		
0x02B8	0x3C05      	INCFSZ      R5, 0, 0
;__Lib_Math.c,1513 :: 		
0x02BA	0x2609      	ADDWF       R9, 1, 0
;__Lib_Math.c,1514 :: 		
0x02BC	0x5006      	MOVF        R6, 0, 0
;__Lib_Math.c,1515 :: 		
0x02BE	0xB0D8      	BTFSC       STATUS, 0, 0
;__Lib_Math.c,1516 :: 		
0x02C0	0x3C06      	INCFSZ      R6, 0, 0
;__Lib_Math.c,1517 :: 		
0x02C2	0x260A      	ADDWF       R10, 1, 0
;__Lib_Math.c,1518 :: 		
0x02C4	0x5007      	MOVF        R7, 0, 0
;__Lib_Math.c,1519 :: 		
0x02C6	0xB0D8      	BTFSC       STATUS, 0, 0
;__Lib_Math.c,1520 :: 		
0x02C8	0x3C07      	INCFSZ      R7, 0, 0
;__Lib_Math.c,1521 :: 		
0x02CA	0x260B      	ADDWF       R11, 1, 0
;__Lib_Math.c,1522 :: 		
0x02CC	0x6AE8      	CLRF        WREG, 0
;__Lib_Math.c,1523 :: 		
0x02CE	0xB0D8      	BTFSC       STATUS, 0, 0
;__Lib_Math.c,1524 :: 		
0x02D0	0x0E01      	MOVLW       1
;__Lib_Math.c,1525 :: 		
0x02D2	0x260E      	ADDWF       R14, 1, 0
;__Lib_Math.c,1527 :: 		
UOK22L24:
;__Lib_Math.c,1528 :: 		
0x02D4	0x3600      	RLCF        R0, 1, 0
;__Lib_Math.c,1530 :: 		
0x02D6	0x0E07      	MOVLW       7
;__Lib_Math.c,1531 :: 		
0x02D8	0x6E0C      	MOVWF       R12, 0
;__Lib_Math.c,1533 :: 		
LOOPU3232D:
;__Lib_Math.c,1534 :: 		
0x02DA	0x3400      	RLCF        R0, 0, 0
;__Lib_Math.c,1535 :: 		
0x02DC	0x3608      	RLCF        R8, 1, 0
;__Lib_Math.c,1536 :: 		
0x02DE	0x3609      	RLCF        R9, 1, 0
;__Lib_Math.c,1537 :: 		
0x02E0	0x360A      	RLCF        R10, 1, 0
;__Lib_Math.c,1538 :: 		
0x02E2	0x360B      	RLCF        R11, 1, 0
;__Lib_Math.c,1539 :: 		
0x02E4	0x360E      	RLCF        R14, 1, 0
;__Lib_Math.c,1540 :: 		
0x02E6	0x5004      	MOVF        R4, 0, 0
;__Lib_Math.c,1541 :: 		
0x02E8	0xA000      	BTFSS       R0, 0, 0
;__Lib_Math.c,1542 :: 		
0x02EA	0xD012      	BRA         UADD22LD
;__Lib_Math.c,1544 :: 		
0x02EC	0x5E08      	SUBWF       R8, 1, 0
;__Lib_Math.c,1545 :: 		
0x02EE	0x5005      	MOVF        R5, 0, 0
;__Lib_Math.c,1546 :: 		
0x02F0	0xA0D8      	BTFSS       STATUS, 0, 0
;__Lib_Math.c,1547 :: 		
0x02F2	0x3C05      	INCFSZ      R5, 0, 0
;__Lib_Math.c,1548 :: 		
0x02F4	0x5E09      	SUBWF       R9, 1, 0
;__Lib_Math.c,1549 :: 		
0x02F6	0x5006      	MOVF        R6, 0, 0
;__Lib_Math.c,1550 :: 		
0x02F8	0xA0D8      	BTFSS       STATUS, 0, 0
;__Lib_Math.c,1551 :: 		
0x02FA	0x3C06      	INCFSZ      R6, 0, 0
;__Lib_Math.c,1552 :: 		
0x02FC	0x5E0A      	SUBWF       R10, 1, 0
;__Lib_Math.c,1553 :: 		
0x02FE	0x5007      	MOVF        R7, 0, 0
;__Lib_Math.c,1554 :: 		
0x0300	0xA0D8      	BTFSS       STATUS, 0, 0
;__Lib_Math.c,1555 :: 		
0x0302	0x3C07      	INCFSZ      R7, 0, 0
;__Lib_Math.c,1556 :: 		
0x0304	0x5E0B      	SUBWF       R11, 1, 0
;__Lib_Math.c,1557 :: 		
0x0306	0x6AE8      	CLRF        WREG, 0
;__Lib_Math.c,1558 :: 		
0x0308	0xA0D8      	BTFSS       STATUS, 0, 0
;__Lib_Math.c,1559 :: 		
0x030A	0x0E01      	MOVLW       1
;__Lib_Math.c,1560 :: 		
0x030C	0x5E0E      	SUBWF       R14, 1, 0
;__Lib_Math.c,1561 :: 		
0x030E	0xD011      	BRA         UOK22LD
;__Lib_Math.c,1563 :: 		
UADD22LD:
;__Lib_Math.c,1564 :: 		
0x0310	0x2608      	ADDWF       R8, 1, 0
;__Lib_Math.c,1565 :: 		
0x0312	0x5005      	MOVF        R5, 0, 0
;__Lib_Math.c,1566 :: 		
0x0314	0xB0D8      	BTFSC       STATUS, 0, 0
;__Lib_Math.c,1567 :: 		
0x0316	0x3C05      	INCFSZ      R5, 0, 0
;__Lib_Math.c,1568 :: 		
0x0318	0x2609      	ADDWF       R9, 1, 0
;__Lib_Math.c,1569 :: 		
0x031A	0x5006      	MOVF        R6, 0, 0
;__Lib_Math.c,1570 :: 		
0x031C	0xB0D8      	BTFSC       STATUS, 0, 0
;__Lib_Math.c,1571 :: 		
0x031E	0x3C06      	INCFSZ      R6, 0, 0
;__Lib_Math.c,1572 :: 		
0x0320	0x260A      	ADDWF       R10, 1, 0
;__Lib_Math.c,1573 :: 		
0x0322	0x5007      	MOVF        R7, 0, 0
;__Lib_Math.c,1574 :: 		
0x0324	0xB0D8      	BTFSC       STATUS, 0, 0
;__Lib_Math.c,1575 :: 		
0x0326	0x3C07      	INCFSZ      R7, 0, 0
;__Lib_Math.c,1576 :: 		
0x0328	0x260B      	ADDWF       R11, 1, 0
;__Lib_Math.c,1577 :: 		
0x032A	0x6AE8      	CLRF        WREG, 0
;__Lib_Math.c,1578 :: 		
0x032C	0xB0D8      	BTFSC       STATUS, 0, 0
;__Lib_Math.c,1579 :: 		
0x032E	0x0E01      	MOVLW       1
;__Lib_Math.c,1580 :: 		
0x0330	0x260E      	ADDWF       R14, 1, 0
;__Lib_Math.c,1582 :: 		
UOK22LD:
;__Lib_Math.c,1583 :: 		
0x0332	0x3600      	RLCF        R0, 1, 0
;__Lib_Math.c,1585 :: 		
0x0334	0x2E0C      	DECFSZ      R12, 1, 0
;__Lib_Math.c,1586 :: 		
0x0336	0xD7D1      	BRA         LOOPU3232D
;__Lib_Math.c,1588 :: 		
0x0338	0xB000      	BTFSC       R0, 0, 0
;__Lib_Math.c,1589 :: 		
0x033A	0xD00E      	BRA         UOK22L
;__Lib_Math.c,1590 :: 		
0x033C	0x5004      	MOVF        R4, 0, 0
;__Lib_Math.c,1591 :: 		
0x033E	0x2608      	ADDWF       R8, 1, 0
;__Lib_Math.c,1592 :: 		
0x0340	0x5005      	MOVF        R5, 0, 0
;__Lib_Math.c,1593 :: 		
0x0342	0xB0D8      	BTFSC       STATUS, 0, 0
;__Lib_Math.c,1594 :: 		
0x0344	0x3C05      	INCFSZ      R5, 0, 0
;__Lib_Math.c,1595 :: 		
0x0346	0x2609      	ADDWF       R9, 1, 0
;__Lib_Math.c,1596 :: 		
0x0348	0x5006      	MOVF        R6, 0, 0
;__Lib_Math.c,1597 :: 		
0x034A	0xB0D8      	BTFSC       STATUS, 0, 0
;__Lib_Math.c,1598 :: 		
0x034C	0x3C06      	INCFSZ      R6, 0, 0
;__Lib_Math.c,1599 :: 		
0x034E	0x260A      	ADDWF       R10, 1, 0
;__Lib_Math.c,1600 :: 		
0x0350	0x5007      	MOVF        R7, 0, 0
;__Lib_Math.c,1601 :: 		
0x0352	0xB0D8      	BTFSC       STATUS, 0, 0
;__Lib_Math.c,1602 :: 		
0x0354	0x3C07      	INCFSZ      R7, 0, 0
;__Lib_Math.c,1603 :: 		
0x0356	0x260B      	ADDWF       R11, 1, 0
;__Lib_Math.c,1605 :: 		
UOK22L:
;__Lib_Math.c,1607 :: 		
L_end_Div_32x32_U:
0x0358	0x0012      	RETURN      0
; end of _Div_32x32_U
_Div_16x16_S_L:
;__Lib_Math.c,139 :: 		
;__Lib_Math.c,146 :: 		
0x035A	0x3401      	RLCF        R1, 0, 0
;__Lib_Math.c,147 :: 		
0x035C	0x3608      	RLCF        R8, 1, 0
;__Lib_Math.c,148 :: 		
0x035E	0x3609      	RLCF        R9, 1, 0
;__Lib_Math.c,149 :: 		
0x0360	0x5004      	MOVF        R4, 0, 0
;__Lib_Math.c,150 :: 		
0x0362	0x5E08      	SUBWF       R8, 1, 0
;__Lib_Math.c,151 :: 		
0x0364	0x5005      	MOVF        R5, 0, 0
;__Lib_Math.c,152 :: 		
0x0366	0xA0D8      	BTFSS       STATUS, 0, 0
;__Lib_Math.c,153 :: 		
0x0368	0x3C05      	INCFSZ      R5, 0, 0
;__Lib_Math.c,154 :: 		
0x036A	0x5E09      	SUBWF       R9, 1, 0
;__Lib_Math.c,155 :: 		
0x036C	0x3600      	RLCF        R0, 1, 0
;__Lib_Math.c,156 :: 		
0x036E	0x3601      	RLCF        R1, 1, 0
;__Lib_Math.c,158 :: 		
0x0370	0x0E0F      	MOVLW       15
;__Lib_Math.c,159 :: 		
0x0372	0x6E0C      	MOVWF       R12, 0
;__Lib_Math.c,161 :: 		
0x0374	0x3401      	RLCF        R1, 0, 0
;__Lib_Math.c,162 :: 		
0x0376	0x3608      	RLCF        R8, 1, 0
;__Lib_Math.c,163 :: 		
0x0378	0x3609      	RLCF        R9, 1, 0
;__Lib_Math.c,164 :: 		
0x037A	0x5004      	MOVF        R4, 0, 0
;__Lib_Math.c,166 :: 		
0x037C	0xA000      	BTFSS       R0, 0, 0
;__Lib_Math.c,167 :: 		
0x037E	0xD006      	BRA         $+14
;__Lib_Math.c,168 :: 		
0x0380	0x5E08      	SUBWF       R8, 1, 0
;__Lib_Math.c,169 :: 		
0x0382	0x5005      	MOVF        R5, 0, 0
;__Lib_Math.c,170 :: 		
0x0384	0xA0D8      	BTFSS       STATUS, 0, 0
;__Lib_Math.c,171 :: 		
0x0386	0x3C05      	INCFSZ      R5, 0, 0
;__Lib_Math.c,172 :: 		
0x0388	0x5E09      	SUBWF       R9, 1, 0
;__Lib_Math.c,173 :: 		
0x038A	0xD005      	BRA         $+12
;__Lib_Math.c,175 :: 		
0x038C	0x2608      	ADDWF       R8, 1, 0
;__Lib_Math.c,176 :: 		
0x038E	0x5005      	MOVF        R5, 0, 0
;__Lib_Math.c,177 :: 		
0x0390	0xB0D8      	BTFSC       STATUS, 0, 0
;__Lib_Math.c,178 :: 		
0x0392	0x3C05      	INCFSZ      R5, 0, 0
;__Lib_Math.c,179 :: 		
0x0394	0x2609      	ADDWF       R9, 1, 0
;__Lib_Math.c,181 :: 		
0x0396	0x3600      	RLCF        R0, 1, 0
;__Lib_Math.c,182 :: 		
0x0398	0x3601      	RLCF        R1, 1, 0
;__Lib_Math.c,184 :: 		
0x039A	0x2E0C      	DECFSZ      R12, 1, 0
;__Lib_Math.c,185 :: 		
0x039C	0xD7EB      	BRA         $-40
;__Lib_Math.c,187 :: 		
0x039E	0xB000      	BTFSC       R0, 0, 0
;__Lib_Math.c,188 :: 		
0x03A0	0xD006      	BRA         $+14
;__Lib_Math.c,189 :: 		
0x03A2	0x5004      	MOVF        R4, 0, 0
;__Lib_Math.c,190 :: 		
0x03A4	0x2608      	ADDWF       R8, 1, 0
;__Lib_Math.c,191 :: 		
0x03A6	0x5005      	MOVF        R5, 0, 0
;__Lib_Math.c,192 :: 		
0x03A8	0xB0D8      	BTFSC       STATUS, 0, 0
;__Lib_Math.c,193 :: 		
0x03AA	0x3C05      	INCFSZ      R5, 0, 0
;__Lib_Math.c,194 :: 		
0x03AC	0x2609      	ADDWF       R9, 1, 0
;__Lib_Math.c,195 :: 		
0x03AE	0x0000      	NOP
;__Lib_Math.c,197 :: 		
L_end_Div_16x16_S_L:
0x03B0	0x0012      	RETURN      0
; end of _Div_16x16_S_L
_Get_Fosc_kHz:
;__Lib_Delays.c,1 :: 		unsigned long Get_Fosc_kHz(){
;__Lib_Delays.c,3 :: 		return Clock_kHz();
0x03B2	0x0E20      	MOVLW       32
0x03B4	0x6E00      	MOVWF       R0 
0x03B6	0x0E4E      	MOVLW       78
0x03B8	0x6E01      	MOVWF       R1 
0x03BA	0x0E00      	MOVLW       0
0x03BC	0x6E02      	MOVWF       R2 
0x03BE	0x6E03      	MOVWF       R3 
;__Lib_Delays.c,5 :: 		}
L_end_Get_Fosc_kHz:
0x03C0	0x0012      	RETURN      0
; end of _Get_Fosc_kHz
_Div_16X16_U:
;__Lib_Math.c,102 :: 		
;__Lib_Math.c,109 :: 		
0x03C2	0x6A08      	CLRF        R8, 0
;__Lib_Math.c,110 :: 		
0x03C4	0x6A09      	CLRF        R9, 0
;__Lib_Math.c,111 :: 		
0x03C6	0x0E10      	MOVLW       16
;__Lib_Math.c,112 :: 		
0x03C8	0x6E0C      	MOVWF       R12, 0
;__Lib_Math.c,113 :: 		
0x03CA	0x3401      	RLCF        R1, 0, 0
;__Lib_Math.c,114 :: 		
0x03CC	0x3608      	RLCF        R8, 1, 0
;__Lib_Math.c,115 :: 		
0x03CE	0x3609      	RLCF        R9, 1, 0
;__Lib_Math.c,116 :: 		
0x03D0	0x5004      	MOVF        R4, 0, 0
;__Lib_Math.c,117 :: 		
0x03D2	0x5E08      	SUBWF       R8, 1, 0
;__Lib_Math.c,118 :: 		
0x03D4	0x5005      	MOVF        R5, 0, 0
;__Lib_Math.c,119 :: 		
0x03D6	0xA0D8      	BTFSS       STATUS, 0, 0
;__Lib_Math.c,120 :: 		
0x03D8	0x3C05      	INCFSZ      R5, 0, 0
;__Lib_Math.c,121 :: 		
0x03DA	0x5E09      	SUBWF       R9, 1, 0
;__Lib_Math.c,122 :: 		
0x03DC	0xB0D8      	BTFSC       STATUS, 0, 0
;__Lib_Math.c,123 :: 		
0x03DE	0xD007      	BRA         $+16
;__Lib_Math.c,124 :: 		
0x03E0	0x5004      	MOVF        R4, 0, 0
;__Lib_Math.c,125 :: 		
0x03E2	0x2608      	ADDWF       R8, 1, 0
;__Lib_Math.c,126 :: 		
0x03E4	0x5005      	MOVF        R5, 0, 0
;__Lib_Math.c,127 :: 		
0x03E6	0xB0D8      	BTFSC       STATUS, 0, 0
;__Lib_Math.c,128 :: 		
0x03E8	0x3C05      	INCFSZ      R5, 0, 0
;__Lib_Math.c,129 :: 		
0x03EA	0x2609      	ADDWF       R9, 1, 0
;__Lib_Math.c,130 :: 		
0x03EC	0x90D8      	BCF         STATUS, 0, 0
;__Lib_Math.c,131 :: 		
0x03EE	0x3600      	RLCF        R0, 1, 0
;__Lib_Math.c,132 :: 		
0x03F0	0x3601      	RLCF        R1, 1, 0
;__Lib_Math.c,133 :: 		
0x03F2	0x2E0C      	DECFSZ      R12, 1, 0
;__Lib_Math.c,134 :: 		
0x03F4	0xD7EA      	BRA         $-42
;__Lib_Math.c,136 :: 		
L_end_Div_16X16_U:
0x03F6	0x0012      	RETURN      0
; end of _Div_16X16_U
_myDelayMs:
;PicMorse.c,39 :: 		void myDelayMs(int ms)
;PicMorse.c,41 :: 		int i = 0;
0x03F8	0x6A75      	CLRF        myDelayMs_i_L0 
0x03FA	0x6A76      	CLRF        myDelayMs_i_L0+1 
;PicMorse.c,42 :: 		for(i = 0; i <= ms; i++)
0x03FC	0x6A75      	CLRF        myDelayMs_i_L0 
0x03FE	0x6A76      	CLRF        myDelayMs_i_L0+1 
L_myDelayMs0:
0x0400	0x0E80      	MOVLW       128
0x0402	0x1874      	XORWF       FARG_myDelayMs_ms+1, 0 
0x0404	0x6E00      	MOVWF       R0 
0x0406	0x0E80      	MOVLW       128
0x0408	0x1876      	XORWF       myDelayMs_i_L0+1, 0 
0x040A	0x5C00      	SUBWF       R0, 0 
0x040C	0xE102      	BNZ         L__myDelayMs11
0x040E	0x5075      	MOVF        myDelayMs_i_L0, 0 
0x0410	0x5C73      	SUBWF       FARG_myDelayMs_ms, 0 
L__myDelayMs11:
0x0412	0xE30B      	BNC         L_myDelayMs1
;PicMorse.c,44 :: 		Delay_ms(1);
0x0414	0x0E07      	MOVLW       7
0x0416	0x6E0C      	MOVWF       R12, 0
0x0418	0x0E7D      	MOVLW       125
0x041A	0x6E0D      	MOVWF       R13, 0
L_myDelayMs3:
0x041C	0x2E0D      	DECFSZ      R13, 1, 0
0x041E	0xD7FE      	BRA         L_myDelayMs3
0x0420	0x2E0C      	DECFSZ      R12, 1, 0
0x0422	0xD7FC      	BRA         L_myDelayMs3
;PicMorse.c,42 :: 		for(i = 0; i <= ms; i++)
0x0424	0x4A75      	INFSNZ      myDelayMs_i_L0, 1 
0x0426	0x2A76      	INCF        myDelayMs_i_L0+1, 1 
;PicMorse.c,45 :: 		}
0x0428	0xD7EB      	BRA         L_myDelayMs0
L_myDelayMs1:
;PicMorse.c,46 :: 		}
L_end_myDelayMs:
0x042A	0x0012      	RETURN      0
; end of _myDelayMs
_Delay_Cyc:
;__Lib_Delays.c,105 :: 		void Delay_Cyc(char cycles_div_by_10)  { // Cycles_div_by_10: min 3, max 255
;__Lib_Delays.c,106 :: 		--cycles_div_by_10;
0x042C	0x0673      	DECF        FARG_Delay_Cyc_cycles_div_by_10, 1 
;__Lib_Delays.c,107 :: 		--cycles_div_by_10;
0x042E	0x0673      	DECF        FARG_Delay_Cyc_cycles_div_by_10, 1 
;__Lib_Delays.c,108 :: 		while (cycles_div_by_10-- > 0) {
L_Delay_Cyc21:
0x0430	0xF001C073  	MOVFF       FARG_Delay_Cyc_cycles_div_by_10, R1
0x0434	0x0673      	DECF        FARG_Delay_Cyc_cycles_div_by_10, 1 
0x0436	0x5001      	MOVF        R1, 0 
0x0438	0x0800      	SUBLW       0
0x043A	0xE203      	BC          L_Delay_Cyc22
;__Lib_Delays.c,110 :: 		NOP
0x043C	0x0000      	NOP
;__Lib_Delays.c,111 :: 		NOP
0x043E	0x0000      	NOP
;__Lib_Delays.c,113 :: 		}
0x0440	0xD7F7      	BRA         L_Delay_Cyc21
L_Delay_Cyc22:
;__Lib_Delays.c,115 :: 		NOP
0x0442	0x0000      	NOP
;__Lib_Delays.c,116 :: 		NOP
0x0444	0x0000      	NOP
;__Lib_Delays.c,117 :: 		NOP
0x0446	0x0000      	NOP
;__Lib_Delays.c,118 :: 		NOP
0x0448	0x0000      	NOP
;__Lib_Delays.c,119 :: 		NOP
0x044A	0x0000      	NOP
;__Lib_Delays.c,121 :: 		}
L_end_Delay_Cyc:
0x044C	0x0012      	RETURN      0
; end of _Delay_Cyc
_piscaLedsMs:
;PicMorse.c,48 :: 		void piscaLedsMs(int ms)
;PicMorse.c,50 :: 		int meio = 0;
0x044E	0x6A69      	CLRF        piscaLedsMs_meio_L0 
0x0450	0x6A6A      	CLRF        piscaLedsMs_meio_L0+1 
;PicMorse.c,51 :: 		meio = ms/2;
0x0452	0xF000C067  	MOVFF       FARG_piscaLedsMs_ms, R0
0x0456	0xF001C068  	MOVFF       FARG_piscaLedsMs_ms+1, R1
0x045A	0x3201      	RRCF        R1, 1 
0x045C	0x3200      	RRCF        R0, 1 
0x045E	0x9E01      	BCF         R1, 7 
0x0460	0xBC01      	BTFSC       R1, 6 
0x0462	0x8E01      	BSF         R1, 7 
0x0464	0xAE01      	BTFSS       R1, 7 
0x0466	0xD003      	BRA         L__piscaLedsMs13
0x0468	0xE302      	BNC         L__piscaLedsMs13
0x046A	0x4A00      	INFSNZ      R0, 1 
0x046C	0x2A01      	INCF        R1, 1 
L__piscaLedsMs13:
0x046E	0xF069C000  	MOVFF       R0, piscaLedsMs_meio_L0
0x0472	0xF06AC001  	MOVFF       R1, piscaLedsMs_meio_L0+1
;PicMorse.c,53 :: 		LED_VERMELHO = 1;
0x0476	0x8283      	BSF         RD1_bit, BitPos(RD1_bit+0) 
;PicMorse.c,54 :: 		myDelayMs(meio);
0x0478	0xF073C000  	MOVFF       R0, FARG_myDelayMs_ms
0x047C	0xF074C001  	MOVFF       R1, FARG_myDelayMs_ms+1
0x0480	0xDFBB      	RCALL       _myDelayMs
;PicMorse.c,56 :: 		LED_VERMELHO = 0;
0x0482	0x9283      	BCF         RD1_bit, BitPos(RD1_bit+0) 
;PicMorse.c,57 :: 		myDelayMs(meio);
0x0484	0xF073C069  	MOVFF       piscaLedsMs_meio_L0, FARG_myDelayMs_ms
0x0488	0xF074C06A  	MOVFF       piscaLedsMs_meio_L0+1, FARG_myDelayMs_ms+1
0x048C	0xDFB5      	RCALL       _myDelayMs
;PicMorse.c,58 :: 		}
L_end_piscaLedsMs:
0x048E	0x0012      	RETURN      0
; end of _piscaLedsMs
_Sound_Init:
;__Lib_Sound.c,11 :: 		
;__Lib_Sound.c,13 :: 		
0x0490	0xF05DC067  	MOVFF       FARG_Sound_Init_snd_port, __Lib_Sound_soundPortAddr
0x0494	0xF05EC068  	MOVFF       FARG_Sound_Init_snd_port+1, __Lib_Sound_soundPortAddr+1
;__Lib_Sound.c,15 :: 		
0x0498	0xF001C069  	MOVFF       FARG_Sound_Init_snd_pin, R1
0x049C	0x0E01      	MOVLW       1
0x049E	0x6E00      	MOVWF       R0 
0x04A0	0x5001      	MOVF        R1, 0 
L__Sound_Init12:
0x04A2	0xE004      	BZ          L__Sound_Init13
0x04A4	0x3600      	RLCF        R0, 1 
0x04A6	0x9000      	BCF         R0, 0 
0x04A8	0x0FFF      	ADDLW       255
0x04AA	0xD7FB      	BRA         L__Sound_Init12
L__Sound_Init13:
0x04AC	0xF05CC000  	MOVFF       R0, __Lib_Sound_pinMask1
;__Lib_Sound.c,16 :: 		
0x04B0	0x1E00      	COMF        R0, 1 
0x04B2	0xF05BC000  	MOVFF       R0, __Lib_Sound_pinMask0
;__Lib_Sound.c,20 :: 		
0x04B6	0x0E12      	MOVLW       18
0x04B8	0x2467      	ADDWF       FARG_Sound_Init_snd_port, 0 
0x04BA	0x6EE9      	MOVWF       FSR0 
0x04BC	0x0E00      	MOVLW       0
0x04BE	0x2068      	ADDWFC      FARG_Sound_Init_snd_port+1, 0 
0x04C0	0x6EEA      	MOVWF       FSR0+1 
;__Lib_Sound.c,21 :: 		
0x04C2	0x5000      	MOVF        R0, 0 
0x04C4	0x16EF      	ANDWF       INDF0, 1 
;__Lib_Sound.c,23 :: 		
0x04C6	0x0E12      	MOVLW       18
0x04C8	0x5EE9      	SUBWF       FSR0L, 1 
;__Lib_Sound.c,24 :: 		
0x04CA	0x5000      	MOVF        R0, 0 
0x04CC	0x16EF      	ANDWF       INDF0, 1 
;__Lib_Sound.c,25 :: 		
L_end_Sound_Init:
0x04CE	0x0012      	RETURN      0
; end of _Sound_Init
_Div_16x16_S:
;__Lib_Math.c,200 :: 		
;__Lib_Math.c,208 :: 		
0x04D0	0x5004      	MOVF        R4, 0 
0x04D2	0x0A00      	XORLW       0
0x04D4	0xE108      	BNZ         L_Div_16x16_S0
;__Lib_Math.c,209 :: 		
0x04D6	0x5005      	MOVF        R5, 0 
0x04D8	0x0A00      	XORLW       0
0x04DA	0xE105      	BNZ         L_Div_16x16_S1
;__Lib_Math.c,210 :: 		
0x04DC	0x0EFF      	MOVLW       255
0x04DE	0x6E00      	MOVWF       R0 
;__Lib_Math.c,211 :: 		
0x04E0	0x0E7F      	MOVLW       127
0x04E2	0x6E01      	MOVWF       R1 
;__Lib_Math.c,212 :: 		
0x04E4	0xD057      	BRA         L_end_Div_16x16_S
;__Lib_Math.c,213 :: 		
L_Div_16x16_S1:
L_Div_16x16_S0:
;__Lib_Math.c,216 :: 		
0x04E6	0x6A0D      	CLRF        R13, 0
;__Lib_Math.c,217 :: 		
0x04E8	0x6A09      	CLRF        R9, 0
;__Lib_Math.c,218 :: 		
0x04EA	0x6A08      	CLRF        R8, 0
;__Lib_Math.c,219 :: 		
0x04EC	0x5001      	MOVF        R1, 0, 0
;__Lib_Math.c,220 :: 		
0x04EE	0x1000      	IORWF       R0, 0, 0
;__Lib_Math.c,221 :: 		
0x04F0	0xB4D8      	BTFSC       STATUS, 2, 0
;__Lib_Math.c,222 :: 		
0x04F2	0x0C00      	RETLW       0
;__Lib_Math.c,224 :: 		
0x04F4	0x5001      	MOVF        R1, 0, 0
;__Lib_Math.c,225 :: 		
0x04F6	0x1805      	XORWF       R5, 0, 0
;__Lib_Math.c,226 :: 		
0x04F8	0x6E0A      	MOVWF       R10, 0
;__Lib_Math.c,227 :: 		
0x04FA	0xBE0A      	BTFSC       R10, 7, 0
;__Lib_Math.c,228 :: 		
0x04FC	0x1E0D      	COMF        R13, 1, 0
;__Lib_Math.c,230 :: 		
0x04FE	0x6A0B      	CLRF        R11, 0
;__Lib_Math.c,232 :: 		
0x0500	0xAE05      	BTFSS       R5, 7, 0
;__Lib_Math.c,233 :: 		
0x0502	0xD005      	BRA         $+12
;__Lib_Math.c,235 :: 		
0x0504	0x1E04      	COMF        R4, 1, 0
;__Lib_Math.c,236 :: 		
0x0506	0x1E05      	COMF        R5, 1, 0
;__Lib_Math.c,237 :: 		
0x0508	0x2A04      	INCF        R4, 1, 0
;__Lib_Math.c,238 :: 		
0x050A	0xB4D8      	BTFSC       STATUS, 2, 0
;__Lib_Math.c,239 :: 		
0x050C	0x2A05      	INCF        R5, 1, 0
;__Lib_Math.c,241 :: 		
0x050E	0xAE01      	BTFSS       R1, 7, 0
;__Lib_Math.c,242 :: 		
0x0510	0xD005      	BRA         $+12
;__Lib_Math.c,244 :: 		
0x0512	0x1E00      	COMF        R0, 1, 0
;__Lib_Math.c,245 :: 		
0x0514	0x1E01      	COMF        R1, 1, 0
;__Lib_Math.c,246 :: 		
0x0516	0x2A00      	INCF        R0, 1, 0
;__Lib_Math.c,247 :: 		
0x0518	0xB4D8      	BTFSC       STATUS, 2, 0
;__Lib_Math.c,248 :: 		
0x051A	0x2A01      	INCF        R1, 1, 0
;__Lib_Math.c,250 :: 		
0x051C	0x5001      	MOVF        R1, 0, 0
;__Lib_Math.c,251 :: 		
0x051E	0x1005      	IORWF       R5, 0, 0
;__Lib_Math.c,252 :: 		
0x0520	0x6E0A      	MOVWF       R10, 0
;__Lib_Math.c,253 :: 		
0x0522	0xBE0A      	BTFSC       R10, 7, 0
;__Lib_Math.c,254 :: 		
0x0524	0xD010      	BRA         $+34
;__Lib_Math.c,256 :: 		
0x0526	0xDF19      	RCALL       _Div_16x16_S_L
;__Lib_Math.c,258 :: 		
0x0528	0xB00B      	BTFSC       R11, 0, 0
;__Lib_Math.c,259 :: 		
0x052A	0xD020      	BRA         $+66
;__Lib_Math.c,261 :: 		
0x052C	0xAE0D      	BTFSS       R13, 7, 0
;__Lib_Math.c,262 :: 		
0x052E	0x0C00      	RETLW       0
;__Lib_Math.c,264 :: 		
0x0530	0x1E00      	COMF        R0, 1, 0
;__Lib_Math.c,265 :: 		
0x0532	0x1E01      	COMF        R1, 1, 0
;__Lib_Math.c,266 :: 		
0x0534	0x2A00      	INCF        R0, 1, 0
;__Lib_Math.c,267 :: 		
0x0536	0xB4D8      	BTFSC       STATUS, 2, 0
;__Lib_Math.c,268 :: 		
0x0538	0x2A01      	INCF        R1, 1, 0
;__Lib_Math.c,270 :: 		
0x053A	0x1E08      	COMF        R8, 1, 0
;__Lib_Math.c,271 :: 		
0x053C	0x1E09      	COMF        R9, 1, 0
;__Lib_Math.c,272 :: 		
0x053E	0x2A08      	INCF        R8, 1, 0
;__Lib_Math.c,273 :: 		
0x0540	0xB4D8      	BTFSC       STATUS, 2, 0
;__Lib_Math.c,274 :: 		
0x0542	0x2A09      	INCF        R9, 1, 0
;__Lib_Math.c,276 :: 		
0x0544	0x0C00      	RETLW       0
;__Lib_Math.c,278 :: 		
0x0546	0xAE05      	BTFSS       R5, 7, 0
;__Lib_Math.c,279 :: 		
0x0548	0xD00D      	BRA         $+28
;__Lib_Math.c,280 :: 		
0x054A	0xBE01      	BTFSC       R1, 7, 0
;__Lib_Math.c,281 :: 		
0x054C	0xD007      	BRA         $+16
;__Lib_Math.c,282 :: 		
0x054E	0x5001      	MOVF        R1, 0, 0
;__Lib_Math.c,283 :: 		
0x0550	0x6E09      	MOVWF       R9, 0
;__Lib_Math.c,284 :: 		
0x0552	0x5000      	MOVF        R0, 0, 0
;__Lib_Math.c,285 :: 		
0x0554	0x6E08      	MOVWF       R8, 0
;__Lib_Math.c,286 :: 		
0x0556	0x6A01      	CLRF        R1, 0
;__Lib_Math.c,287 :: 		
0x0558	0x6A00      	CLRF        R0, 0
;__Lib_Math.c,288 :: 		
0x055A	0xD7E8      	BRA         $-46
;__Lib_Math.c,289 :: 		
0x055C	0x6A01      	CLRF        R1, 0
;__Lib_Math.c,290 :: 		
0x055E	0x6A00      	CLRF        R0, 0
;__Lib_Math.c,291 :: 		
0x0560	0x2A00      	INCF        R0, 1, 0
;__Lib_Math.c,292 :: 		
0x0562	0x0C00      	RETLW       0
;__Lib_Math.c,294 :: 		
0x0564	0x1E01      	COMF        R1, 1, 0
;__Lib_Math.c,295 :: 		
0x0566	0x1E00      	COMF        R0, 1, 0
;__Lib_Math.c,296 :: 		
0x0568	0x2A0B      	INCF        R11, 1, 0
;__Lib_Math.c,297 :: 		
0x056A	0xD7DD      	BRA         $-68
;__Lib_Math.c,299 :: 		
0x056C	0x2A08      	INCF        R8, 1, 0
;__Lib_Math.c,300 :: 		
0x056E	0xB4D8      	BTFSC       STATUS, 2, 0
;__Lib_Math.c,301 :: 		
0x0570	0x2A09      	INCF        R9, 1, 0
;__Lib_Math.c,302 :: 		
0x0572	0x5004      	MOVF        R4, 0, 0
;__Lib_Math.c,303 :: 		
0x0574	0x5C08      	SUBWF       R8, 0, 0
;__Lib_Math.c,304 :: 		
0x0576	0xA4D8      	BTFSS       STATUS, 2, 0
;__Lib_Math.c,305 :: 		
0x0578	0xD7D9      	BRA         $-76
;__Lib_Math.c,306 :: 		
0x057A	0x5005      	MOVF        R5, 0, 0
;__Lib_Math.c,307 :: 		
0x057C	0x5C09      	SUBWF       R9, 0, 0
;__Lib_Math.c,308 :: 		
0x057E	0xA4D8      	BTFSS       STATUS, 2, 0
;__Lib_Math.c,309 :: 		
0x0580	0xD7D5      	BRA         $-84
;__Lib_Math.c,310 :: 		
0x0582	0x6A09      	CLRF        R9, 0
;__Lib_Math.c,311 :: 		
0x0584	0x6A08      	CLRF        R8, 0
;__Lib_Math.c,312 :: 		
0x0586	0x2A00      	INCF        R0, 1, 0
;__Lib_Math.c,313 :: 		
0x0588	0xB4D8      	BTFSC       STATUS, 2, 0
;__Lib_Math.c,314 :: 		
0x058A	0x2A01      	INCF        R1, 1, 0
;__Lib_Math.c,315 :: 		
0x058C	0xAE01      	BTFSS       R1, 7, 0
;__Lib_Math.c,316 :: 		
0x058E	0xD7CE      	BRA         $-98
;__Lib_Math.c,317 :: 		
0x0590	0x0000      	NOP
;__Lib_Math.c,318 :: 		
0x0592	0x0CFF      	RETLW       255
;__Lib_Math.c,320 :: 		
L_end_Div_16x16_S:
0x0594	0x0012      	RETURN      0
; end of _Div_16x16_S
_Sound_Play:
;__Lib_Sound.c,28 :: 		
;__Lib_Sound.c,32 :: 		
0x0596	0xDF0D      	RCALL       _Get_Fosc_kHz
0x0598	0x0EE8      	MOVLW       232
0x059A	0x6E04      	MOVWF       R4 
0x059C	0x0E03      	MOVLW       3
0x059E	0x6E05      	MOVWF       R5 
0x05A0	0x0E00      	MOVLW       0
0x05A2	0x6E06      	MOVWF       R6 
0x05A4	0x6E07      	MOVWF       R7 
0x05A6	0xDD3A      	RCALL       _Mul_32x32_U
0x05A8	0xF06FC000  	MOVFF       R0, Sound_Play_per_nc_L0
0x05AC	0xF070C001  	MOVFF       R1, Sound_Play_per_nc_L0+1
0x05B0	0xF071C002  	MOVFF       R2, Sound_Play_per_nc_L0+2
0x05B4	0xF072C003  	MOVFF       R3, Sound_Play_per_nc_L0+3
;__Lib_Sound.c,33 :: 		
0x05B8	0xF004C067  	MOVFF       FARG_Sound_Play_freq_in_hz, R4
0x05BC	0xF005C068  	MOVFF       FARG_Sound_Play_freq_in_hz+1, R5
0x05C0	0x0E00      	MOVLW       0
0x05C2	0x6E06      	MOVWF       R6 
0x05C4	0x6E07      	MOVWF       R7 
0x05C6	0xDD53      	RCALL       _Div_32x32_U
0x05C8	0xF06FC000  	MOVFF       R0, Sound_Play_per_nc_L0
0x05CC	0xF070C001  	MOVFF       R1, Sound_Play_per_nc_L0+1
0x05D0	0xF071C002  	MOVFF       R2, Sound_Play_per_nc_L0+2
0x05D4	0xF072C003  	MOVFF       R3, Sound_Play_per_nc_L0+3
;__Lib_Sound.c,34 :: 		
0x05D8	0xF005C000  	MOVFF       R0, R5
0x05DC	0xF006C001  	MOVFF       R1, R6
0x05E0	0xF007C002  	MOVFF       R2, R7
0x05E4	0xF008C003  	MOVFF       R3, R8
0x05E8	0x3208      	RRCF        R8, 1 
0x05EA	0x3207      	RRCF        R7, 1 
0x05EC	0x3206      	RRCF        R6, 1 
0x05EE	0x3205      	RRCF        R5, 1 
0x05F0	0x9E08      	BCF         R8, 7 
0x05F2	0x3208      	RRCF        R8, 1 
0x05F4	0x3207      	RRCF        R7, 1 
0x05F6	0x3206      	RRCF        R6, 1 
0x05F8	0x3205      	RRCF        R5, 1 
0x05FA	0x9E08      	BCF         R8, 7 
0x05FC	0xF000C005  	MOVFF       R5, R0
0x0600	0xF001C006  	MOVFF       R6, R1
0x0604	0xF002C007  	MOVFF       R7, R2
0x0608	0xF003C008  	MOVFF       R8, R3
0x060C	0x3203      	RRCF        R3, 1 
0x060E	0x3202      	RRCF        R2, 1 
0x0610	0x3201      	RRCF        R1, 1 
0x0612	0x3200      	RRCF        R0, 1 
0x0614	0x9E03      	BCF         R3, 7 
0x0616	0xF06BC000  	MOVFF       R0, Sound_Play_nc_L0
0x061A	0xF06CC001  	MOVFF       R1, Sound_Play_nc_L0+1
;__Lib_Sound.c,37 :: 		
0x061E	0xDEC9      	RCALL       _Get_Fosc_kHz
0x0620	0xF004C069  	MOVFF       FARG_Sound_Play_duration_ms, R4
0x0624	0xF005C06A  	MOVFF       FARG_Sound_Play_duration_ms+1, R5
0x0628	0x0E00      	MOVLW       0
0x062A	0x6E06      	MOVWF       R6 
0x062C	0x6E07      	MOVWF       R7 
0x062E	0xDCF6      	RCALL       _Mul_32x32_U
0x0630	0xF009C06B  	MOVFF       Sound_Play_nc_L0, R9
0x0634	0xF00AC06C  	MOVFF       Sound_Play_nc_L0+1, R10
0x0638	0x0E00      	MOVLW       0
0x063A	0x6E0B      	MOVWF       R11 
0x063C	0x6E0C      	MOVWF       R12 
0x063E	0x0E03      	MOVLW       3
0x0640	0x6E08      	MOVWF       R8 
0x0642	0xF004C009  	MOVFF       R9, R4
0x0646	0xF005C00A  	MOVFF       R10, R5
0x064A	0xF006C00B  	MOVFF       R11, R6
0x064E	0xF007C00C  	MOVFF       R12, R7
0x0652	0x5008      	MOVF        R8, 0 
L__Sound_Play15:
0x0654	0xE007      	BZ          L__Sound_Play16
0x0656	0x3604      	RLCF        R4, 1 
0x0658	0x9004      	BCF         R4, 0 
0x065A	0x3605      	RLCF        R5, 1 
0x065C	0x3606      	RLCF        R6, 1 
0x065E	0x3607      	RLCF        R7, 1 
0x0660	0x0FFF      	ADDLW       255
0x0662	0xD7F8      	BRA         L__Sound_Play15
L__Sound_Play16:
0x0664	0xDD04      	RCALL       _Div_32x32_U
0x0666	0xF06FC000  	MOVFF       R0, Sound_Play_per_nc_L0
0x066A	0xF070C001  	MOVFF       R1, Sound_Play_per_nc_L0+1
0x066E	0xF071C002  	MOVFF       R2, Sound_Play_per_nc_L0+2
0x0672	0xF072C003  	MOVFF       R3, Sound_Play_per_nc_L0+3
;__Lib_Sound.c,39 :: 		
0x0676	0x0E0A      	MOVLW       10
0x0678	0x6E04      	MOVWF       R4 
0x067A	0x0E00      	MOVLW       0
0x067C	0x6E05      	MOVWF       R5 
0x067E	0xF000C06B  	MOVFF       Sound_Play_nc_L0, R0
0x0682	0xF001C06C  	MOVFF       Sound_Play_nc_L0+1, R1
0x0686	0xDE9D      	RCALL       _Div_16X16_U
0x0688	0xF06BC000  	MOVFF       R0, Sound_Play_nc_L0
0x068C	0xF06CC001  	MOVFF       R1, Sound_Play_nc_L0+1
;__Lib_Sound.c,40 :: 		
0x0690	0x0E00      	MOVLW       0
0x0692	0x5C01      	SUBWF       R1, 0 
0x0694	0xE102      	BNZ         L__Sound_Play17
0x0696	0x0E03      	MOVLW       3
0x0698	0x5C00      	SUBWF       R0, 0 
L__Sound_Play17:
0x069A	0xE201      	BC          L_Sound_Play0
0x069C	0xD041      	BRA         L_end_Sound_Play
L_Sound_Play0:
;__Lib_Sound.c,41 :: 		
0x069E	0xFFE9C05D  	MOVFF       __Lib_Sound_soundPortAddr, FSR0
0x06A2	0xFFEAC05E  	MOVFF       __Lib_Sound_soundPortAddr+1, FSR0+1
;__Lib_Sound.c,42 :: 		
L_Sound_Play1:
0x06A6	0x5072      	MOVF        Sound_Play_per_nc_L0+3, 0 
0x06A8	0x0800      	SUBLW       0
0x06AA	0xE108      	BNZ         L__Sound_Play18
0x06AC	0x5071      	MOVF        Sound_Play_per_nc_L0+2, 0 
0x06AE	0x0800      	SUBLW       0
0x06B0	0xE105      	BNZ         L__Sound_Play18
0x06B2	0x5070      	MOVF        Sound_Play_per_nc_L0+1, 0 
0x06B4	0x0800      	SUBLW       0
0x06B6	0xE102      	BNZ         L__Sound_Play18
0x06B8	0x506F      	MOVF        Sound_Play_per_nc_L0, 0 
0x06BA	0x0800      	SUBLW       0
L__Sound_Play18:
0x06BC	0xE22F      	BC          L_Sound_Play2
;__Lib_Sound.c,44 :: 		
0x06BE	0x505C      	MOVF        __Lib_Sound_pinMask1, 0 
0x06C0	0x12EF      	IORWF       INDF0, 1 
;__Lib_Sound.c,46 :: 		
0x06C2	0x526C      	MOVF        Sound_Play_nc_L0+1, 1 
0x06C4	0xE00D      	BZ          L_Sound_Play3
;__Lib_Sound.c,47 :: 		
0x06C6	0x6A6D      	CLRF        Sound_Play_i_L0 
0x06C8	0x6A6E      	CLRF        Sound_Play_i_L0+1 
L_Sound_Play4:
0x06CA	0x0E00      	MOVLW       0
0x06CC	0x5C6E      	SUBWF       Sound_Play_i_L0+1, 0 
0x06CE	0xE102      	BNZ         L__Sound_Play19
0x06D0	0x506C      	MOVF        Sound_Play_nc_L0+1, 0 
0x06D2	0x5C6D      	SUBWF       Sound_Play_i_L0, 0 
L__Sound_Play19:
0x06D4	0xE205      	BC          L_Sound_Play5
;__Lib_Sound.c,48 :: 		
0x06D6	0x6A73      	CLRF        FARG_Delay_Cyc_cycles_div_by_10 
0x06D8	0xDEA9      	RCALL       _Delay_Cyc
;__Lib_Sound.c,47 :: 		
0x06DA	0x4A6D      	INFSNZ      Sound_Play_i_L0, 1 
0x06DC	0x2A6E      	INCF        Sound_Play_i_L0+1, 1 
;__Lib_Sound.c,49 :: 		
0x06DE	0xD7F5      	BRA         L_Sound_Play4
L_Sound_Play5:
;__Lib_Sound.c,50 :: 		
L_Sound_Play3:
;__Lib_Sound.c,51 :: 		
0x06E0	0xF073C06B  	MOVFF       Sound_Play_nc_L0, FARG_Delay_Cyc_cycles_div_by_10
0x06E4	0xDEA3      	RCALL       _Delay_Cyc
;__Lib_Sound.c,54 :: 		
0x06E6	0x505B      	MOVF        __Lib_Sound_pinMask0, 0 
0x06E8	0x16EF      	ANDWF       INDF0, 1 
;__Lib_Sound.c,56 :: 		
0x06EA	0x526C      	MOVF        Sound_Play_nc_L0+1, 1 
0x06EC	0xE00D      	BZ          L_Sound_Play7
;__Lib_Sound.c,57 :: 		
0x06EE	0x6A6D      	CLRF        Sound_Play_i_L0 
0x06F0	0x6A6E      	CLRF        Sound_Play_i_L0+1 
L_Sound_Play8:
0x06F2	0x0E00      	MOVLW       0
0x06F4	0x5C6E      	SUBWF       Sound_Play_i_L0+1, 0 
0x06F6	0xE102      	BNZ         L__Sound_Play20
0x06F8	0x506C      	MOVF        Sound_Play_nc_L0+1, 0 
0x06FA	0x5C6D      	SUBWF       Sound_Play_i_L0, 0 
L__Sound_Play20:
0x06FC	0xE205      	BC          L_Sound_Play9
;__Lib_Sound.c,58 :: 		
0x06FE	0x6A73      	CLRF        FARG_Delay_Cyc_cycles_div_by_10 
0x0700	0xDE95      	RCALL       _Delay_Cyc
;__Lib_Sound.c,57 :: 		
0x0702	0x4A6D      	INFSNZ      Sound_Play_i_L0, 1 
0x0704	0x2A6E      	INCF        Sound_Play_i_L0+1, 1 
;__Lib_Sound.c,59 :: 		
0x0706	0xD7F5      	BRA         L_Sound_Play8
L_Sound_Play9:
;__Lib_Sound.c,60 :: 		
L_Sound_Play7:
;__Lib_Sound.c,61 :: 		
0x0708	0xF073C06B  	MOVFF       Sound_Play_nc_L0, FARG_Delay_Cyc_cycles_div_by_10
0x070C	0xDE8F      	RCALL       _Delay_Cyc
;__Lib_Sound.c,63 :: 		
0x070E	0x0E01      	MOVLW       1
0x0710	0x5E6F      	SUBWF       Sound_Play_per_nc_L0, 1 
0x0712	0x0E00      	MOVLW       0
0x0714	0x5A70      	SUBWFB      Sound_Play_per_nc_L0+1, 1 
0x0716	0x5A71      	SUBWFB      Sound_Play_per_nc_L0+2, 1 
0x0718	0x5A72      	SUBWFB      Sound_Play_per_nc_L0+3, 1 
;__Lib_Sound.c,65 :: 		
0x071A	0xD7C5      	BRA         L_Sound_Play1
L_Sound_Play2:
;__Lib_Sound.c,66 :: 		
0x071C	0x505B      	MOVF        __Lib_Sound_pinMask0, 0 
0x071E	0x16EF      	ANDWF       INDF0, 1 
;__Lib_Sound.c,67 :: 		
L_end_Sound_Play:
0x0720	0x0012      	RETURN      0
; end of _Sound_Play
_Mul_16X16_U:
;__Lib_Math.c,440 :: 		
;__Lib_Math.c,447 :: 		
0x0722	0x6A0B      	CLRF        R11, 0
;__Lib_Math.c,448 :: 		
0x0724	0x6A0A      	CLRF        R10, 0
;__Lib_Math.c,449 :: 		
0x0726	0x6A09      	CLRF        R9, 0
;__Lib_Math.c,450 :: 		
0x0728	0x5000      	MOVF        R0, 0, 0
;__Lib_Math.c,451 :: 		
0x072A	0x0204      	MULWF       R4, 0
;__Lib_Math.c,453 :: 		
0x072C	0xF009CFF4  	MOVFF       PRODH, R9
;__Lib_Math.c,454 :: 		
0x0730	0xF008CFF3  	MOVFF       PRODL, R8
;__Lib_Math.c,455 :: 		
0x0734	0x5001      	MOVF        R1, 0, 0
;__Lib_Math.c,456 :: 		
0x0736	0x0205      	MULWF       R5, 0
;__Lib_Math.c,458 :: 		
0x0738	0xF00BCFF4  	MOVFF       PRODH, R11
;__Lib_Math.c,459 :: 		
0x073C	0xF00ACFF3  	MOVFF       PRODL, R10
;__Lib_Math.c,460 :: 		
0x0740	0x5000      	MOVF        R0, 0, 0
;__Lib_Math.c,461 :: 		
0x0742	0x0205      	MULWF       R5, 0
;__Lib_Math.c,463 :: 		
0x0744	0x50F3      	MOVF        PRODL, 0, 0
;__Lib_Math.c,464 :: 		
0x0746	0x2609      	ADDWF       R9, 1, 0
;__Lib_Math.c,465 :: 		
0x0748	0x50F4      	MOVF        PRODH, 0, 0
;__Lib_Math.c,466 :: 		
0x074A	0x220A      	ADDWFC      R10, 1, 0
;__Lib_Math.c,467 :: 		
0x074C	0x6AE8      	CLRF        WREG, 0
;__Lib_Math.c,468 :: 		
0x074E	0x220B      	ADDWFC      R11, 1, 0
;__Lib_Math.c,469 :: 		
0x0750	0x5001      	MOVF        R1, 0, 0
;__Lib_Math.c,470 :: 		
0x0752	0x0204      	MULWF       R4, 0
;__Lib_Math.c,472 :: 		
0x0754	0x50F3      	MOVF        PRODL, 0, 0
;__Lib_Math.c,473 :: 		
0x0756	0x2609      	ADDWF       R9, 1, 0
;__Lib_Math.c,474 :: 		
0x0758	0x50F4      	MOVF        PRODH, 0, 0
;__Lib_Math.c,475 :: 		
0x075A	0x220A      	ADDWFC      R10, 1, 0
;__Lib_Math.c,476 :: 		
0x075C	0x6AE8      	CLRF        WREG, 0
;__Lib_Math.c,477 :: 		
0x075E	0x220B      	ADDWFC      R11, 1, 0
;__Lib_Math.c,479 :: 		
0x0760	0xF000C008  	MOVFF       R8, R0
;__Lib_Math.c,480 :: 		
0x0764	0xF001C009  	MOVFF       R9, R1
;__Lib_Math.c,481 :: 		
0x0768	0xF002C00A  	MOVFF       R10, R2
;__Lib_Math.c,482 :: 		
0x076C	0xF003C00B  	MOVFF       R11, R3
;__Lib_Math.c,485 :: 		
L_end_Mul_16X16_U:
0x0770	0x0012      	RETURN      0
; end of _Mul_16X16_U
___CC2DW:
;__Lib_System.c,21 :: 		
;__Lib_System.c,23 :: 		
_CC2DL_Loop1:
;__Lib_System.c,24 :: 		
0x0772	0x0009      	TBLRD*+
;__Lib_System.c,25 :: 		
0x0774	0xFFE6CFF5  	MOVFF       TABLAT, POSTINC1
;__Lib_System.c,26 :: 		
0x0778	0x0600      	DECF        R0, 1, 0
;__Lib_System.c,27 :: 		
0x077A	0xE1FB      	BNZ         _CC2DL_Loop1
;__Lib_System.c,28 :: 		
0x077C	0x0601      	DECF        R1, 1, 0
;__Lib_System.c,29 :: 		
0x077E	0xE1F9      	BNZ         _CC2DL_Loop1
;__Lib_System.c,31 :: 		
L_end___CC2DW:
0x0780	0x0012      	RETURN      0
; end of ___CC2DW
_ioPortsInit:
;PicMorse.c,31 :: 		void ioPortsInit()
;PicMorse.c,33 :: 		ADCON1 = 0x0F;              //Configurando todas as portas como entradas/sadas digitais (desabilita canais analgicos).
0x0782	0x0E0F      	MOVLW       15
0x0784	0x6EC1      	MOVWF       ADCON1 
;PicMorse.c,34 :: 		LED_VERMELHO_Direction = 0; //Configurando porta RD1 como sada digital.
0x0786	0x9295      	BCF         TRISD1_bit, BitPos(TRISD1_bit+0) 
;PicMorse.c,35 :: 		LED_VERMELHO = 0;           //Turn OFF LED
0x0788	0x9283      	BCF         RD1_bit, BitPos(RD1_bit+0) 
;PicMorse.c,36 :: 		Sound_Init(&PORTC, 1);      //Buzzer conectado ao pino RC1
0x078A	0x0E82      	MOVLW       PORTC
0x078C	0x6E67      	MOVWF       FARG_Sound_Init_snd_port 
0x078E	0x0E0F      	MOVLW       hi_addr(PORTC)
0x0790	0x6E68      	MOVWF       FARG_Sound_Init_snd_port+1 
0x0792	0x0E01      	MOVLW       1
0x0794	0x6E69      	MOVWF       FARG_Sound_Init_snd_pin 
0x0796	0xDE7C      	RCALL       _Sound_Init
;PicMorse.c,37 :: 		}
L_end_ioPortsInit:
0x0798	0x0012      	RETURN      0
; end of _ioPortsInit
_tocaSOS:
;PicMorse.c,60 :: 		void tocaSOS()
;PicMorse.c,62 :: 		int nota = 0;
0x079A	0x6A5F      	CLRF        tocaSOS_nota_L0 
0x079C	0x6A60      	CLRF        tocaSOS_nota_L0+1 
0x079E	0x6A61      	CLRF        tocaSOS_duracao_L0 
0x07A0	0x6A62      	CLRF        tocaSOS_duracao_L0+1 
0x07A2	0x0E01      	MOVLW       1
0x07A4	0x6E63      	MOVWF       tocaSOS_ritmo_L0 
0x07A6	0x0E00      	MOVLW       0
0x07A8	0x6E64      	MOVWF       tocaSOS_ritmo_L0+1 
0x07AA	0x0E01      	MOVLW       1
0x07AC	0x6E65      	MOVWF       tocaSOS_ralenta_L0 
0x07AE	0x0E00      	MOVLW       0
0x07B0	0x6E66      	MOVWF       tocaSOS_ralenta_L0+1 
;PicMorse.c,67 :: 		for(nota = 0; nota < qtdNotasSOS*2; nota += 2){
0x07B2	0x6A5F      	CLRF        tocaSOS_nota_L0 
0x07B4	0x6A60      	CLRF        tocaSOS_nota_L0+1 
L_tocaSOS4:
0x07B6	0xF001C059  	MOVFF       _qtdNotasSOS, R1
0x07BA	0xF002C05A  	MOVFF       _qtdNotasSOS+1, R2
0x07BE	0x3601      	RLCF        R1, 1 
0x07C0	0x9001      	BCF         R1, 0 
0x07C2	0x3602      	RLCF        R2, 1 
0x07C4	0x0E80      	MOVLW       128
0x07C6	0x1860      	XORWF       tocaSOS_nota_L0+1, 0 
0x07C8	0x6E00      	MOVWF       R0 
0x07CA	0x0E80      	MOVLW       128
0x07CC	0x1802      	XORWF       R2, 0 
0x07CE	0x5C00      	SUBWF       R0, 0 
0x07D0	0xE102      	BNZ         L__tocaSOS15
0x07D2	0x5001      	MOVF        R1, 0 
0x07D4	0x5C5F      	SUBWF       tocaSOS_nota_L0, 0 
L__tocaSOS15:
0x07D6	0xE245      	BC          L_tocaSOS5
;PicMorse.c,68 :: 		duracao = (sos[nota + 1]*ralenta) / ritmo;
0x07D8	0x0E01      	MOVLW       1
0x07DA	0x245F      	ADDWF       tocaSOS_nota_L0, 0 
0x07DC	0x6E03      	MOVWF       R3 
0x07DE	0x0E00      	MOVLW       0
0x07E0	0x2060      	ADDWFC      tocaSOS_nota_L0+1, 0 
0x07E2	0x6E04      	MOVWF       R4 
0x07E4	0xF000C003  	MOVFF       R3, R0
0x07E8	0xF001C004  	MOVFF       R4, R1
0x07EC	0x3600      	RLCF        R0, 1 
0x07EE	0x9000      	BCF         R0, 0 
0x07F0	0x3601      	RLCF        R1, 1 
0x07F2	0x0E15      	MOVLW       _sos
0x07F4	0x2400      	ADDWF       R0, 0 
0x07F6	0x6EE9      	MOVWF       FSR0L 
0x07F8	0x0E00      	MOVLW       hi_addr(_sos)
0x07FA	0x2001      	ADDWFC      R1, 0 
0x07FC	0x6EEA      	MOVWF       FSR0L+1 
0x07FE	0xF000CFEE  	MOVFF       POSTINC0, R0
0x0802	0xF001CFEE  	MOVFF       POSTINC0, R1
0x0806	0xF004C065  	MOVFF       tocaSOS_ralenta_L0, R4
0x080A	0xF005C066  	MOVFF       tocaSOS_ralenta_L0+1, R5
0x080E	0xDF89      	RCALL       _Mul_16X16_U
0x0810	0xF004C063  	MOVFF       tocaSOS_ritmo_L0, R4
0x0814	0xF005C064  	MOVFF       tocaSOS_ritmo_L0+1, R5
0x0818	0xDE5B      	RCALL       _Div_16x16_S
0x081A	0xF061C000  	MOVFF       R0, tocaSOS_duracao_L0
0x081E	0xF062C001  	MOVFF       R1, tocaSOS_duracao_L0+1
;PicMorse.c,69 :: 		Sound_Play(sos[nota], duracao);
0x0822	0xF002C05F  	MOVFF       tocaSOS_nota_L0, R2
0x0826	0xF003C060  	MOVFF       tocaSOS_nota_L0+1, R3
0x082A	0x3602      	RLCF        R2, 1 
0x082C	0x9002      	BCF         R2, 0 
0x082E	0x3603      	RLCF        R3, 1 
0x0830	0x0E15      	MOVLW       _sos
0x0832	0x2402      	ADDWF       R2, 0 
0x0834	0x6EE9      	MOVWF       FSR0L 
0x0836	0x0E00      	MOVLW       hi_addr(_sos)
0x0838	0x2003      	ADDWFC      R3, 0 
0x083A	0x6EEA      	MOVWF       FSR0L+1 
0x083C	0xF067CFEE  	MOVFF       POSTINC0, FARG_Sound_Play_freq_in_hz
0x0840	0xF068CFEE  	MOVFF       POSTINC0, FARG_Sound_Play_freq_in_hz+1
0x0844	0xF069C000  	MOVFF       R0, FARG_Sound_Play_duration_ms
0x0848	0xF06AC001  	MOVFF       R1, FARG_Sound_Play_duration_ms+1
0x084C	0xDEA4      	RCALL       _Sound_Play
;PicMorse.c,70 :: 		piscaLedsMs(duracao); //fica muito lento (usar com ritmo 2x)
0x084E	0xF067C061  	MOVFF       tocaSOS_duracao_L0, FARG_piscaLedsMs_ms
0x0852	0xF068C062  	MOVFF       tocaSOS_duracao_L0+1, FARG_piscaLedsMs_ms+1
0x0856	0xDDFB      	RCALL       _piscaLedsMs
;PicMorse.c,67 :: 		for(nota = 0; nota < qtdNotasSOS*2; nota += 2){
0x0858	0x0E02      	MOVLW       2
0x085A	0x265F      	ADDWF       tocaSOS_nota_L0, 1 
0x085C	0x0E00      	MOVLW       0
0x085E	0x2260      	ADDWFC      tocaSOS_nota_L0+1, 1 
;PicMorse.c,71 :: 		}
0x0860	0xD7AA      	BRA         L_tocaSOS4
L_tocaSOS5:
;PicMorse.c,73 :: 		myDelayMs(500); //aguarda um tempo de 500ms.
0x0862	0x0EF4      	MOVLW       244
0x0864	0x6E73      	MOVWF       FARG_myDelayMs_ms 
0x0866	0x0E01      	MOVLW       1
0x0868	0x6E74      	MOVWF       FARG_myDelayMs_ms+1 
0x086A	0xDDC6      	RCALL       _myDelayMs
;PicMorse.c,76 :: 		}
L_end_tocaSOS:
0x086C	0x0012      	RETURN      0
; end of _tocaSOS
_main:
0x086E	0xF004EC64  	CALL        2248, 0
;PicMorse.c,78 :: 		void main() {
;PicMorse.c,80 :: 		ioPortsInit();  //init ports
0x0872	0xDF87      	RCALL       _ioPortsInit
;PicMorse.c,83 :: 		while (1){
L_main7:
;PicMorse.c,84 :: 		tocaSOS();
0x0874	0xDF92      	RCALL       _tocaSOS
;PicMorse.c,85 :: 		}
0x0876	0xD7FE      	BRA         L_main7
;PicMorse.c,86 :: 		}
L_end_main:
0x0878	0xD7FF      	BRA         $+0
; end of _main
0x08C8	0xF015EE10  	LFSR        1, 21
0x08CC	0x0E46      	MOVLW       70
0x08CE	0x6E00      	MOVWF       R0 
0x08D0	0x0E01      	MOVLW       1
0x08D2	0x6E01      	MOVWF       R1 
0x08D4	0x0E7A      	MOVLW       122
0x08D6	0x6EF6      	MOVWF       TBLPTR 
0x08D8	0x0E08      	MOVLW       8
0x08DA	0x6EF7      	MOVWF       TBLPTRH 
0x08DC	0x0E00      	MOVLW       0
0x08DE	0x6EF8      	MOVWF       TBLPTRU 
0x08E0	0xF003ECB9  	CALL        1906, 0
0x08E4	0x0012      	RETURN      0
;PicMorse.c,0 :: ?ICS_sos
0x087A	0x024B ;?ICS_sos+0
0x087C	0x0050 ;?ICS_sos+2
0x087E	0x0000 ;?ICS_sos+4
0x0880	0x0028 ;?ICS_sos+6
0x0882	0x024B ;?ICS_sos+8
0x0884	0x0050 ;?ICS_sos+10
0x0886	0x0000 ;?ICS_sos+12
0x0888	0x0028 ;?ICS_sos+14
0x088A	0x024B ;?ICS_sos+16
0x088C	0x0050 ;?ICS_sos+18
0x088E	0x0000 ;?ICS_sos+20
0x0890	0x0050 ;?ICS_sos+22
0x0892	0x024B ;?ICS_sos+24
0x0894	0x00A0 ;?ICS_sos+26
0x0896	0x0000 ;?ICS_sos+28
0x0898	0x0028 ;?ICS_sos+30
0x089A	0x024B ;?ICS_sos+32
0x089C	0x00A0 ;?ICS_sos+34
0x089E	0x0000 ;?ICS_sos+36
0x08A0	0x0028 ;?ICS_sos+38
0x08A2	0x024B ;?ICS_sos+40
0x08A4	0x00A0 ;?ICS_sos+42
0x08A6	0x0000 ;?ICS_sos+44
0x08A8	0x0050 ;?ICS_sos+46
0x08AA	0x024B ;?ICS_sos+48
0x08AC	0x0050 ;?ICS_sos+50
0x08AE	0x0000 ;?ICS_sos+52
0x08B0	0x0028 ;?ICS_sos+54
0x08B2	0x024B ;?ICS_sos+56
0x08B4	0x0050 ;?ICS_sos+58
0x08B6	0x0000 ;?ICS_sos+60
0x08B8	0x0028 ;?ICS_sos+62
0x08BA	0x024B ;?ICS_sos+64
0x08BC	0x0050 ;?ICS_sos+66
; end of ?ICS_sos
;PicMorse.c,0 :: ?ICS_qtdNotasSOS
0x08BE	0x0011 ;?ICS_qtdNotasSOS+0
; end of ?ICS_qtdNotasSOS
;__Lib_FAT32.c,0 :: ?lstr_6___Lib_FAT32
0x08C0	0x2E33 ;?lstr_6___Lib_FAT32+0
0x08C2	0x2E32 ;?lstr_6___Lib_FAT32+2
0x08C4	0x2E32 ;?lstr_6___Lib_FAT32+4
0x08C6	0x0030 ;?lstr_6___Lib_FAT32+6
; end of ?lstr_6___Lib_FAT32
Symbol List:
//** Routines locations **
//ADDRESS    SIZE    PROCEDURE
//----------------------------------------------
0x001C      [82]    _Mul_32x32_U
0x006E     [748]    _Div_32x32_U
0x035A      [88]    _Div_16x16_S_L
0x03B2      [16]    _Get_Fosc_kHz
0x03C2      [54]    _Div_16X16_U
0x03F8      [52]    _myDelayMs
0x042C      [34]    _Delay_Cyc
0x044E      [66]    _piscaLedsMs
0x0490      [64]    _Sound_Init
0x04D0     [198]    _Div_16x16_S
0x0596     [396]    _Sound_Play
0x0722      [80]    _Mul_16X16_U
0x0772      [16]    ___CC2DW
0x0782      [24]    _ioPortsInit
0x079A     [212]    _tocaSOS
0x086E      [12]    _main
//** Variables locations ** 
//ADDRESS    SIZE    VARIABLE
//----------------------------------------------
0x0000       [1]    __Lib_SoftI2C_PutZerosToLATSda_temp_sda_L0
0x0000       [1]    __Lib_SoftI2C_PutZerosToLATScl_temp_scl_L0
0x0000       [1]    FLASH_Erase_64_SaveINTCON_L0
0x0000       [1]    EEPROM_Write_SaveINTCON_L0
0x0000       [1]    SPI1_Write_tmp_L0
0x0000       [1]    R0
0x0000       [1]    UART1_Init_tmp_L0
0x0001       [1]    R1
0x0001       [1]    __Lib_TFT_JPEG_FileRead_i_L0
0x0001       [2]    FLASH_Read_N_Bytes_i_L0
0x0001       [1]    FLASH_Erase_Write_64_i_L0
0x0001       [1]    __Lib_TFT_16bit_JPEG_FileRead_i_L0
0x0001       [1]    __Lib_TFT_16bit_JPEG_FileReadBytes_Result_L0
0x0001       [1]    __Lib_TFT_JPEG_FileReadBytes_Result_L0
0x0001       [1]    UART1_Read___tmp_UART1_Read_L0
0x0001       [1]    __Lib_Conversions_Adjust_Hex_tmp_L0
0x0001       [1]    ispunct_rslt_L0
0x0001       [1]    FLASH_Write_64_i_L0
0x0001       [1]    __Lib_PS2_Wait_Falling_nsample_L0
0x0002       [2]    strlen_cp_L0
0x0002       [2]    memchr_s_L0
0x0002       [2]    memset_pp_L0
0x0002       [2]    __Lib_FAT32_constToVar_tmp_L0
0x0002       [2]    memcpy_dd_L0
0x0002       [2]    __Lib_FT810_alt_strlen_cp_L0
0x0002       [2]    __Lib_FT812_alt_memset_pp_L0
0x0002       [1]    FLASH_Write_64_SaveINTCON_L0
0x0002       [2]    __Lib_FT812_alt_memcpy_dd_L0
0x0002       [2]    __Lib_FAT32_alt_memcpy_dd_L0
0x0002       [2]    __Lib_FAT32_alt_memset_pp_L0
0x0002       [2]    __Lib_FT810_alt_memcpy_dd_L0
0x0002       [2]    __Lib_FT812_alt_strlen_cp_L0
0x0002       [1]    FLASH_Erase_Write_64_j_L0
0x0002       [2]    __Lib_FT800_alt_memcpy_dd_L0
0x0002       [2]    __Lib_FT800_alt_memset_pp_L0
0x0002       [2]    __Lib_FT810_alt_memset_pp_L0
0x0002       [1]    R2
0x0002       [2]    __Lib_FAT32_alt_strlen_cp_L0
0x0002       [2]    __Lib_FT800_alt_strlen_cp_L0
0x0002       [1]    __Lib_FAT32_alt_isLfnSpecific_i_L0
0x0002       [1]    __Lib_FAT32_alt_isName83Specific_i_L0
0x0003       [1]    R3
0x0003       [2]    MM_TotalFreeMemSize_Tot_L0
0x0003       [2]    __Lib_MmcFat16_f16_toInt_l_L0
0x0003       [1]    FLASH_Erase_Write_64_SaveINTCON_L0
0x0003       [2]    Ltrim_original_L0
0x0003       [1]    MM_Init_i_L0
0x0003       [2]    __Lib_FAT32_UI16_result_L0
0x0003       [4]    FT800_Canvas_SurrRect_minX_L0
0x0003       [4]    FT812_Canvas_SurrRect_minX_L0
0x0003       [4]    FT810_Canvas_SurrRect_minX_L0
0x0003       [2]    memmove_tt_L0
0x0003       [1]    __Lib_Sprinti_?FLOC____Lib_Sprinti_Do_FillT29
0x0004       [3]    __Lib_FT810_alt_strlen_const_cp_L0
0x0004       [2]    __Lib_FT812_alt_memcpy_ss_L0
0x0004       [2]    strcat_cp_L0
0x0004       [2]    __Lib_FT800_alt_memcpy_ss_L0
0x0004       [1]    __Lib_Sprinti_?FLOC____Lib_Sprinti_Do_FillT40
0x0004       [2]    strcpy_cp_L0
0x0004       [2]    __Lib_FT810_alt_memcpy_ss_L0
0x0004       [2]    strncpy_cp_L0
0x0004       [2]    __Lib_MemManager_MM_GetMemAlign_P_L0
0x0004       [2]    strncat_cp_L0
0x0004       [2]    memcpy_ss_L0
0x0004       [1]    R4
0x0004       [3]    __Lib_FT800_alt_strlen_const_cp_L0
0x0004       [2]    __Lib_FAT32_alt_memcpy_ss_L0
0x0004       [3]    __Lib_FT812_alt_strlen_const_cp_L0
0x0004       [1]    __Lib_FAT32_LE_calculateChecksum_chksum_L0
0x0004       [2]    frexp_pom_L0
0x0005       [1]    __Lib_Sprinti_?FLOC____Lib_Sprinti_Do_FillT54
0x0005       [1]    R5
0x0005       [1]    __Lib_FAT32_LE_calculateChecksum_i_L0
0x0005       [2]    Ltrim_p_L0
0x0005       [2]    memmove_ff_L0
0x0005       [1]    MM_TotalFreeMemSize_i_L0
0x0005       [1]    __Lib_FAT32_PO2_po2_L0
0x0005       [2]    LongIntToHex_input_half_L0
0x0005       [2]    LongWordToHex_input_half_L0
0x0006       [1]    R6
0x0006       [4]    __Lib_FAT32_PO2_i_L0
0x0006       [1]    __Lib_MemManager_MM_GetMemAlign_i_L0
0x0006       [1]    __Lib_Sprinti_?FLOC____Lib_Sprinti_Do_FillT69
0x0007       [1]    R7
0x0007       [1]    __Lib_TFT_JPEG_GenerateHuffmanTables_bLength_L0
0x0007       [4]    FT812_Canvas_SurrRect_minY_L0
0x0007       [4]    FT800_Canvas_SurrRect_minY_L0
0x0007       [4]    FT810_Canvas_SurrRect_minY_L0
0x0007       [1]    __Lib_TFT_16bit_JPEG_GenerateHuffmanTables_bLength_L0
0x0008       [1]    __Lib_TFT_16bit_JPEG_GenerateHuffmanTables_bTable_L0
0x0008       [1]    R8
0x0008       [1]    __Lib_TFT_JPEG_GenerateHuffmanTables_bTable_L0
0x0009       [4]    __Lib_FAT32_UI32_result_L0
0x0009       [1]    R9
0x0009       [4]    __Lib_MmcFat16_f16_toLong_l_L0
0x000A       [1]    R10
0x000B       [4]    FT810_Canvas_SurrRect_maxX_L0
0x000B       [1]    R11
0x000B       [4]    FT812_Canvas_SurrRect_maxX_L0
0x000B       [4]    FT800_Canvas_SurrRect_maxX_L0
0x000C       [1]    R12
0x000D       [1]    R13
0x000E       [1]    R14
0x000F       [4]    FT800_Canvas_SurrRect_maxY_L0
0x000F       [1]    R15
0x000F       [4]    FT810_Canvas_SurrRect_maxY_L0
0x000F       [4]    FT812_Canvas_SurrRect_maxY_L0
0x0010       [1]    R16
0x0011       [1]    R17
0x0012       [1]    R18
0x0013       [1]    R19
0x0014       [1]    R20
0x0015      [68]    _sos
0x0059       [2]    _qtdNotasSOS
0x005B       [1]    __Lib_Sound_pinMask0
0x005C       [1]    __Lib_Sound_pinMask1
0x005D       [2]    __Lib_Sound_soundPortAddr
0x005F       [2]    tocaSOS_nota_L0
0x0061       [2]    tocaSOS_duracao_L0
0x0063       [2]    tocaSOS_ritmo_L0
0x0065       [2]    tocaSOS_ralenta_L0
0x0067       [2]    FARG_Sound_Init_snd_port
0x0067       [2]    FARG_piscaLedsMs_ms
0x0067       [2]    FARG_Sound_Play_freq_in_hz
0x0069       [2]    FARG_Sound_Play_duration_ms
0x0069       [1]    FARG_Sound_Init_snd_pin
0x0069       [2]    piscaLedsMs_meio_L0
0x006B       [2]    Sound_Play_nc_L0
0x006D       [2]    Sound_Play_i_L0
0x006F       [4]    Sound_Play_per_nc_L0
0x0073       [1]    FARG_Delay_Cyc_cycles_div_by_10
0x0073       [2]    FARG_myDelayMs_ms
0x0075       [2]    myDelayMs_i_L0
0x0F82       [1]    PORTC
0x0F83       [0]    RD1_bit
0x0F83       [0]    LED_VERMELHO
0x0F95       [0]    LED_VERMELHO_Direction
0x0F95       [0]    TRISD1_bit
0x0FC1       [1]    ADCON1
0x0FD8       [1]    STATUS
0x0FD9       [1]    FSR2L
0x0FDA       [1]    FSR2H
0x0FDE       [1]    POSTINC2
0x0FE0       [1]    BSR
0x0FE1       [1]    FSR1L
0x0FE2       [1]    FSR1H
0x0FE4       [1]    PREINC1
0x0FE6       [1]    POSTINC1
0x0FE7       [1]    INDF1
0x0FE8       [1]    WREG
0x0FE9       [2]    FSR0
0x0FE9       [1]    FSR0L
0x0FEA       [1]    FSR0H
0x0FEE       [1]    POSTINC0
0x0FEF       [1]    INDF0
0x0FF3       [1]    PRODL
0x0FF4       [1]    PRODH
0x0FF5       [1]    TABLAT
0x0FF6       [3]    TBLPTR
0x0FF6       [1]    TBLPTRL
0x0FF7       [1]    TBLPTRH
0x0FF8       [1]    TBLPTRU
//** Constants locations ** 
//ADDRESS    SIZE    CONSTANT
//----------------------------------------------
0x087A      [68]    ?ICS_sos
0x08BE       [2]    ?ICS_qtdNotasSOS
0x08C0       [8]    ?lstr_6___Lib_FAT32
